[2024-10-05T07:44:29.299+0000] {local_task_job_runner.py:120} INFO - ::group::Pre task execution logs
[2024-10-05T07:44:29.387+0000] {taskinstance.py:2076} INFO - Dependencies all met for dep_context=non-requeueable deps ti=<TaskInstance: api_dag.is_api_active manual__2024-10-05T07:44:28.136306+00:00 [queued]>
[2024-10-05T07:44:29.437+0000] {taskinstance.py:2076} INFO - Dependencies all met for dep_context=requeueable deps ti=<TaskInstance: api_dag.is_api_active manual__2024-10-05T07:44:28.136306+00:00 [queued]>
[2024-10-05T07:44:29.446+0000] {taskinstance.py:2306} INFO - Starting attempt 1 of 1
[2024-10-05T07:44:29.514+0000] {taskinstance.py:2330} INFO - Executing <Task(HttpSensor): is_api_active> on 2024-10-05 07:44:28.136306+00:00
[2024-10-05T07:44:29.536+0000] {logging_mixin.py:188} WARNING - /home/***/.local/lib/python3.12/site-packages/***/task/task_runner/standard_task_runner.py:62 DeprecationWarning: This process (pid=16610) is multi-threaded, use of fork() may lead to deadlocks in the child.
[2024-10-05T07:44:29.532+0000] {standard_task_runner.py:90} INFO - Running: ['***', 'tasks', 'run', 'api_dag', 'is_api_active', 'manual__2024-10-05T07:44:28.136306+00:00', '--job-id', '66', '--raw', '--subdir', 'DAGS_FOLDER/api_dag.py', '--cfg-path', '/tmp/tmpdt1dsss3']
[2024-10-05T07:44:29.539+0000] {standard_task_runner.py:64} INFO - Started process 16611 to run task
[2024-10-05T07:44:29.542+0000] {standard_task_runner.py:91} INFO - Job 66: Subtask is_api_active
[2024-10-05T07:44:29.592+0000] {logging_mixin.py:188} WARNING - /home/***/.local/lib/python3.12/site-packages/***/settings.py:195 DeprecationWarning: The sql_alchemy_conn option in [core] has been moved to the sql_alchemy_conn option in [database] - the old setting has been used, but please update your config.
[2024-10-05T07:44:29.702+0000] {task_command.py:426} INFO - Running <TaskInstance: api_dag.is_api_active manual__2024-10-05T07:44:28.136306+00:00 [running]> on host 3fed06331d8d
[2024-10-05T07:44:30.453+0000] {taskinstance.py:2648} INFO - Exporting env vars: AIRFLOW_CTX_DAG_OWNER='***' AIRFLOW_CTX_DAG_ID='api_dag' AIRFLOW_CTX_TASK_ID='is_api_active' AIRFLOW_CTX_EXECUTION_DATE='2024-10-05T07:44:28.136306+00:00' AIRFLOW_CTX_TRY_NUMBER='1' AIRFLOW_CTX_DAG_RUN_ID='manual__2024-10-05T07:44:28.136306+00:00'
[2024-10-05T07:44:30.467+0000] {taskinstance.py:430} INFO - ::endgroup::
[2024-10-05T07:44:30.564+0000] {baseoperator.py:400} WARNING - HttpSensor.execute cannot be called outside TaskInstance!
[2024-10-05T07:44:30.566+0000] {http.py:137} INFO - Poking: posts/
[2024-10-05T07:44:30.592+0000] {base.py:84} INFO - Using connection ID 'http_default' for task execution.
[2024-10-05T07:44:31.292+0000] {base.py:294} INFO - Success criteria met. Exiting.
[2024-10-05T07:44:31.296+0000] {taskinstance.py:441} INFO - ::group::Post task execution logs
[2024-10-05T07:44:31.324+0000] {taskinstance.py:1206} INFO - Marking task as SUCCESS. dag_id=api_dag, task_id=is_api_active, run_id=manual__2024-10-05T07:44:28.136306+00:00, execution_date=20241005T074428, start_date=20241005T074429, end_date=20241005T074431
[2024-10-05T07:44:31.420+0000] {local_task_job_runner.py:243} INFO - Task exited with return code 0
[2024-10-05T07:44:31.453+0000] {logging_mixin.py:188} WARNING - /home/***/.local/lib/python3.12/site-packages/***/models/baseoperator.py:1297 AirflowProviderDeprecationWarning: Call to deprecated class SimpleHttpOperator. (Class `SimpleHttpOperator` is deprecated and will be removed in a future release. Please use `HttpOperator` instead.)
[2024-10-05T07:44:31.534+0000] {taskinstance.py:3503} INFO - 1 downstream tasks scheduled from follow-on schedule check
[2024-10-05T07:44:31.546+0000] {local_task_job_runner.py:222} INFO - ::endgroup::
