[2024-10-11T01:40:27.095+0000] {processor.py:161} INFO - Started process (PID=7740) to work on /opt/airflow/dags/api_dag.py
[2024-10-11T01:40:27.130+0000] {processor.py:830} INFO - Processing file /opt/airflow/dags/api_dag.py for tasks to queue
[2024-10-11T01:40:27.163+0000] {logging_mixin.py:188} INFO - [2024-10-11T01:40:27.162+0000] {dagbag.py:545} INFO - Filling up the DagBag from /opt/airflow/dags/api_dag.py
[2024-10-11T01:40:27.417+0000] {processor.py:840} INFO - DAG(s) 'api_dag' retrieved from /opt/airflow/dags/api_dag.py
[2024-10-11T01:40:27.615+0000] {logging_mixin.py:188} INFO - [2024-10-11T01:40:27.603+0000] {dag.py:3089} INFO - Sync 1 DAGs
[2024-10-11T01:40:27.740+0000] {logging_mixin.py:188} INFO - [2024-10-11T01:40:27.728+0000] {dag.py:3947} INFO - Setting next_dagrun for api_dag to 2024-10-11 00:00:00+00:00, run_after=2024-10-12 00:00:00+00:00
[2024-10-11T01:40:27.867+0000] {processor.py:183} INFO - Processing /opt/airflow/dags/api_dag.py took 0.812 seconds
[2024-10-11T01:40:58.681+0000] {processor.py:161} INFO - Started process (PID=7774) to work on /opt/airflow/dags/api_dag.py
[2024-10-11T01:40:58.687+0000] {processor.py:830} INFO - Processing file /opt/airflow/dags/api_dag.py for tasks to queue
[2024-10-11T01:40:58.695+0000] {logging_mixin.py:188} INFO - [2024-10-11T01:40:58.694+0000] {dagbag.py:545} INFO - Filling up the DagBag from /opt/airflow/dags/api_dag.py
[2024-10-11T01:40:58.802+0000] {processor.py:840} INFO - DAG(s) 'api_dag' retrieved from /opt/airflow/dags/api_dag.py
[2024-10-11T01:40:58.934+0000] {logging_mixin.py:188} INFO - [2024-10-11T01:40:58.933+0000] {dag.py:3089} INFO - Sync 1 DAGs
[2024-10-11T01:40:59.095+0000] {logging_mixin.py:188} INFO - [2024-10-11T01:40:59.092+0000] {dag.py:3947} INFO - Setting next_dagrun for api_dag to 2024-10-11 00:00:00+00:00, run_after=2024-10-12 00:00:00+00:00
[2024-10-11T01:40:59.242+0000] {processor.py:183} INFO - Processing /opt/airflow/dags/api_dag.py took 0.587 seconds
[2024-10-11T01:41:29.929+0000] {processor.py:161} INFO - Started process (PID=7799) to work on /opt/airflow/dags/api_dag.py
[2024-10-11T01:41:29.931+0000] {processor.py:830} INFO - Processing file /opt/airflow/dags/api_dag.py for tasks to queue
[2024-10-11T01:41:29.936+0000] {logging_mixin.py:188} INFO - [2024-10-11T01:41:29.935+0000] {dagbag.py:545} INFO - Filling up the DagBag from /opt/airflow/dags/api_dag.py
[2024-10-11T01:41:29.992+0000] {processor.py:840} INFO - DAG(s) 'api_dag' retrieved from /opt/airflow/dags/api_dag.py
[2024-10-11T01:41:30.067+0000] {logging_mixin.py:188} INFO - [2024-10-11T01:41:30.066+0000] {dag.py:3089} INFO - Sync 1 DAGs
[2024-10-11T01:41:30.139+0000] {logging_mixin.py:188} INFO - [2024-10-11T01:41:30.138+0000] {dag.py:3947} INFO - Setting next_dagrun for api_dag to 2024-10-11 00:00:00+00:00, run_after=2024-10-12 00:00:00+00:00
[2024-10-11T01:41:30.190+0000] {processor.py:183} INFO - Processing /opt/airflow/dags/api_dag.py took 0.278 seconds
[2024-10-11T01:42:00.322+0000] {processor.py:161} INFO - Started process (PID=7834) to work on /opt/airflow/dags/api_dag.py
[2024-10-11T01:42:00.325+0000] {processor.py:830} INFO - Processing file /opt/airflow/dags/api_dag.py for tasks to queue
[2024-10-11T01:42:00.329+0000] {logging_mixin.py:188} INFO - [2024-10-11T01:42:00.329+0000] {dagbag.py:545} INFO - Filling up the DagBag from /opt/airflow/dags/api_dag.py
[2024-10-11T01:42:00.381+0000] {processor.py:840} INFO - DAG(s) 'api_dag' retrieved from /opt/airflow/dags/api_dag.py
[2024-10-11T01:42:00.450+0000] {logging_mixin.py:188} INFO - [2024-10-11T01:42:00.450+0000] {dag.py:3089} INFO - Sync 1 DAGs
[2024-10-11T01:42:00.512+0000] {logging_mixin.py:188} INFO - [2024-10-11T01:42:00.512+0000] {dag.py:3947} INFO - Setting next_dagrun for api_dag to 2024-10-11 00:00:00+00:00, run_after=2024-10-12 00:00:00+00:00
[2024-10-11T01:42:00.584+0000] {processor.py:183} INFO - Processing /opt/airflow/dags/api_dag.py took 0.276 seconds
[2024-10-11T01:42:31.033+0000] {processor.py:161} INFO - Started process (PID=7863) to work on /opt/airflow/dags/api_dag.py
[2024-10-11T01:42:31.040+0000] {processor.py:830} INFO - Processing file /opt/airflow/dags/api_dag.py for tasks to queue
[2024-10-11T01:42:31.046+0000] {logging_mixin.py:188} INFO - [2024-10-11T01:42:31.045+0000] {dagbag.py:545} INFO - Filling up the DagBag from /opt/airflow/dags/api_dag.py
[2024-10-11T01:42:31.106+0000] {processor.py:840} INFO - DAG(s) 'api_dag' retrieved from /opt/airflow/dags/api_dag.py
[2024-10-11T01:42:31.197+0000] {logging_mixin.py:188} INFO - [2024-10-11T01:42:31.195+0000] {dag.py:3089} INFO - Sync 1 DAGs
[2024-10-11T01:42:31.310+0000] {logging_mixin.py:188} INFO - [2024-10-11T01:42:31.310+0000] {dag.py:3947} INFO - Setting next_dagrun for api_dag to 2024-10-11 00:00:00+00:00, run_after=2024-10-12 00:00:00+00:00
[2024-10-11T01:42:31.389+0000] {processor.py:183} INFO - Processing /opt/airflow/dags/api_dag.py took 0.380 seconds
[2024-10-11T01:43:01.621+0000] {processor.py:161} INFO - Started process (PID=7898) to work on /opt/airflow/dags/api_dag.py
[2024-10-11T01:43:01.625+0000] {processor.py:830} INFO - Processing file /opt/airflow/dags/api_dag.py for tasks to queue
[2024-10-11T01:43:01.637+0000] {logging_mixin.py:188} INFO - [2024-10-11T01:43:01.636+0000] {dagbag.py:545} INFO - Filling up the DagBag from /opt/airflow/dags/api_dag.py
[2024-10-11T01:43:01.706+0000] {processor.py:840} INFO - DAG(s) 'api_dag' retrieved from /opt/airflow/dags/api_dag.py
[2024-10-11T01:43:01.808+0000] {logging_mixin.py:188} INFO - [2024-10-11T01:43:01.806+0000] {dag.py:3089} INFO - Sync 1 DAGs
[2024-10-11T01:43:01.946+0000] {logging_mixin.py:188} INFO - [2024-10-11T01:43:01.944+0000] {dag.py:3947} INFO - Setting next_dagrun for api_dag to 2024-10-11 00:00:00+00:00, run_after=2024-10-12 00:00:00+00:00
[2024-10-11T01:43:02.028+0000] {processor.py:183} INFO - Processing /opt/airflow/dags/api_dag.py took 0.438 seconds
[2024-10-11T01:43:32.209+0000] {processor.py:161} INFO - Started process (PID=7926) to work on /opt/airflow/dags/api_dag.py
[2024-10-11T01:43:32.216+0000] {processor.py:830} INFO - Processing file /opt/airflow/dags/api_dag.py for tasks to queue
[2024-10-11T01:43:32.220+0000] {logging_mixin.py:188} INFO - [2024-10-11T01:43:32.220+0000] {dagbag.py:545} INFO - Filling up the DagBag from /opt/airflow/dags/api_dag.py
[2024-10-11T01:43:32.294+0000] {processor.py:840} INFO - DAG(s) 'api_dag' retrieved from /opt/airflow/dags/api_dag.py
[2024-10-11T01:43:32.362+0000] {logging_mixin.py:188} INFO - [2024-10-11T01:43:32.360+0000] {dag.py:3089} INFO - Sync 1 DAGs
[2024-10-11T01:43:32.429+0000] {logging_mixin.py:188} INFO - [2024-10-11T01:43:32.428+0000] {dag.py:3947} INFO - Setting next_dagrun for api_dag to 2024-10-11 00:00:00+00:00, run_after=2024-10-12 00:00:00+00:00
[2024-10-11T01:43:32.506+0000] {processor.py:183} INFO - Processing /opt/airflow/dags/api_dag.py took 0.311 seconds
[2024-10-11T01:44:02.738+0000] {processor.py:161} INFO - Started process (PID=7961) to work on /opt/airflow/dags/api_dag.py
[2024-10-11T01:44:02.743+0000] {processor.py:830} INFO - Processing file /opt/airflow/dags/api_dag.py for tasks to queue
[2024-10-11T01:44:02.749+0000] {logging_mixin.py:188} INFO - [2024-10-11T01:44:02.748+0000] {dagbag.py:545} INFO - Filling up the DagBag from /opt/airflow/dags/api_dag.py
[2024-10-11T01:44:02.822+0000] {processor.py:840} INFO - DAG(s) 'api_dag' retrieved from /opt/airflow/dags/api_dag.py
[2024-10-11T01:44:02.914+0000] {logging_mixin.py:188} INFO - [2024-10-11T01:44:02.912+0000] {dag.py:3089} INFO - Sync 1 DAGs
[2024-10-11T01:44:03.045+0000] {logging_mixin.py:188} INFO - [2024-10-11T01:44:03.044+0000] {dag.py:3947} INFO - Setting next_dagrun for api_dag to 2024-10-11 00:00:00+00:00, run_after=2024-10-12 00:00:00+00:00
[2024-10-11T01:44:03.143+0000] {processor.py:183} INFO - Processing /opt/airflow/dags/api_dag.py took 0.426 seconds
[2024-10-11T01:44:33.780+0000] {processor.py:161} INFO - Started process (PID=7989) to work on /opt/airflow/dags/api_dag.py
[2024-10-11T01:44:33.783+0000] {processor.py:830} INFO - Processing file /opt/airflow/dags/api_dag.py for tasks to queue
[2024-10-11T01:44:33.792+0000] {logging_mixin.py:188} INFO - [2024-10-11T01:44:33.791+0000] {dagbag.py:545} INFO - Filling up the DagBag from /opt/airflow/dags/api_dag.py
[2024-10-11T01:44:33.865+0000] {processor.py:840} INFO - DAG(s) 'api_dag' retrieved from /opt/airflow/dags/api_dag.py
[2024-10-11T01:44:33.956+0000] {logging_mixin.py:188} INFO - [2024-10-11T01:44:33.954+0000] {dag.py:3089} INFO - Sync 1 DAGs
[2024-10-11T01:44:34.101+0000] {logging_mixin.py:188} INFO - [2024-10-11T01:44:34.100+0000] {dag.py:3947} INFO - Setting next_dagrun for api_dag to 2024-10-11 00:00:00+00:00, run_after=2024-10-12 00:00:00+00:00
[2024-10-11T01:44:34.202+0000] {processor.py:183} INFO - Processing /opt/airflow/dags/api_dag.py took 0.445 seconds
[2024-10-11T01:45:04.424+0000] {processor.py:161} INFO - Started process (PID=8024) to work on /opt/airflow/dags/api_dag.py
[2024-10-11T01:45:04.431+0000] {processor.py:830} INFO - Processing file /opt/airflow/dags/api_dag.py for tasks to queue
[2024-10-11T01:45:04.443+0000] {logging_mixin.py:188} INFO - [2024-10-11T01:45:04.442+0000] {dagbag.py:545} INFO - Filling up the DagBag from /opt/airflow/dags/api_dag.py
[2024-10-11T01:45:04.539+0000] {processor.py:840} INFO - DAG(s) 'api_dag' retrieved from /opt/airflow/dags/api_dag.py
[2024-10-11T01:45:04.652+0000] {logging_mixin.py:188} INFO - [2024-10-11T01:45:04.651+0000] {dag.py:3089} INFO - Sync 1 DAGs
[2024-10-11T01:45:04.741+0000] {logging_mixin.py:188} INFO - [2024-10-11T01:45:04.740+0000] {dag.py:3947} INFO - Setting next_dagrun for api_dag to 2024-10-11 00:00:00+00:00, run_after=2024-10-12 00:00:00+00:00
[2024-10-11T01:45:04.813+0000] {processor.py:183} INFO - Processing /opt/airflow/dags/api_dag.py took 0.415 seconds
[2024-10-11T01:45:35.075+0000] {processor.py:161} INFO - Started process (PID=8052) to work on /opt/airflow/dags/api_dag.py
[2024-10-11T01:45:35.089+0000] {processor.py:830} INFO - Processing file /opt/airflow/dags/api_dag.py for tasks to queue
[2024-10-11T01:45:35.102+0000] {logging_mixin.py:188} INFO - [2024-10-11T01:45:35.098+0000] {dagbag.py:545} INFO - Filling up the DagBag from /opt/airflow/dags/api_dag.py
[2024-10-11T01:45:35.201+0000] {processor.py:840} INFO - DAG(s) 'api_dag' retrieved from /opt/airflow/dags/api_dag.py
[2024-10-11T01:45:35.311+0000] {logging_mixin.py:188} INFO - [2024-10-11T01:45:35.309+0000] {dag.py:3089} INFO - Sync 1 DAGs
[2024-10-11T01:45:35.436+0000] {logging_mixin.py:188} INFO - [2024-10-11T01:45:35.435+0000] {dag.py:3947} INFO - Setting next_dagrun for api_dag to 2024-10-11 00:00:00+00:00, run_after=2024-10-12 00:00:00+00:00
[2024-10-11T01:45:35.529+0000] {processor.py:183} INFO - Processing /opt/airflow/dags/api_dag.py took 0.494 seconds
[2024-10-11T01:46:05.897+0000] {processor.py:161} INFO - Started process (PID=8088) to work on /opt/airflow/dags/api_dag.py
[2024-10-11T01:46:05.900+0000] {processor.py:830} INFO - Processing file /opt/airflow/dags/api_dag.py for tasks to queue
[2024-10-11T01:46:05.913+0000] {logging_mixin.py:188} INFO - [2024-10-11T01:46:05.912+0000] {dagbag.py:545} INFO - Filling up the DagBag from /opt/airflow/dags/api_dag.py
[2024-10-11T01:46:05.992+0000] {processor.py:840} INFO - DAG(s) 'api_dag' retrieved from /opt/airflow/dags/api_dag.py
[2024-10-11T01:46:06.105+0000] {logging_mixin.py:188} INFO - [2024-10-11T01:46:06.104+0000] {dag.py:3089} INFO - Sync 1 DAGs
[2024-10-11T01:46:06.219+0000] {logging_mixin.py:188} INFO - [2024-10-11T01:46:06.218+0000] {dag.py:3947} INFO - Setting next_dagrun for api_dag to 2024-10-11 00:00:00+00:00, run_after=2024-10-12 00:00:00+00:00
[2024-10-11T01:46:06.305+0000] {processor.py:183} INFO - Processing /opt/airflow/dags/api_dag.py took 0.437 seconds
[2024-10-11T01:46:36.714+0000] {processor.py:161} INFO - Started process (PID=8117) to work on /opt/airflow/dags/api_dag.py
[2024-10-11T01:46:36.718+0000] {processor.py:830} INFO - Processing file /opt/airflow/dags/api_dag.py for tasks to queue
[2024-10-11T01:46:36.728+0000] {logging_mixin.py:188} INFO - [2024-10-11T01:46:36.727+0000] {dagbag.py:545} INFO - Filling up the DagBag from /opt/airflow/dags/api_dag.py
[2024-10-11T01:46:36.812+0000] {processor.py:840} INFO - DAG(s) 'api_dag' retrieved from /opt/airflow/dags/api_dag.py
[2024-10-11T01:46:36.907+0000] {logging_mixin.py:188} INFO - [2024-10-11T01:46:36.903+0000] {dag.py:3089} INFO - Sync 1 DAGs
[2024-10-11T01:46:37.011+0000] {logging_mixin.py:188} INFO - [2024-10-11T01:46:37.008+0000] {dag.py:3947} INFO - Setting next_dagrun for api_dag to 2024-10-11 00:00:00+00:00, run_after=2024-10-12 00:00:00+00:00
[2024-10-11T01:46:37.094+0000] {processor.py:183} INFO - Processing /opt/airflow/dags/api_dag.py took 0.403 seconds
[2024-10-11T01:47:07.347+0000] {processor.py:161} INFO - Started process (PID=8152) to work on /opt/airflow/dags/api_dag.py
[2024-10-11T01:47:07.355+0000] {processor.py:830} INFO - Processing file /opt/airflow/dags/api_dag.py for tasks to queue
[2024-10-11T01:47:07.364+0000] {logging_mixin.py:188} INFO - [2024-10-11T01:47:07.363+0000] {dagbag.py:545} INFO - Filling up the DagBag from /opt/airflow/dags/api_dag.py
[2024-10-11T01:47:07.469+0000] {processor.py:840} INFO - DAG(s) 'api_dag' retrieved from /opt/airflow/dags/api_dag.py
[2024-10-11T01:47:07.582+0000] {logging_mixin.py:188} INFO - [2024-10-11T01:47:07.580+0000] {dag.py:3089} INFO - Sync 1 DAGs
[2024-10-11T01:47:07.698+0000] {logging_mixin.py:188} INFO - [2024-10-11T01:47:07.697+0000] {dag.py:3947} INFO - Setting next_dagrun for api_dag to 2024-10-11 00:00:00+00:00, run_after=2024-10-12 00:00:00+00:00
[2024-10-11T01:47:07.788+0000] {processor.py:183} INFO - Processing /opt/airflow/dags/api_dag.py took 0.469 seconds
[2024-10-11T01:47:38.084+0000] {processor.py:161} INFO - Started process (PID=8181) to work on /opt/airflow/dags/api_dag.py
[2024-10-11T01:47:38.087+0000] {processor.py:830} INFO - Processing file /opt/airflow/dags/api_dag.py for tasks to queue
[2024-10-11T01:47:38.092+0000] {logging_mixin.py:188} INFO - [2024-10-11T01:47:38.091+0000] {dagbag.py:545} INFO - Filling up the DagBag from /opt/airflow/dags/api_dag.py
[2024-10-11T01:47:38.158+0000] {processor.py:840} INFO - DAG(s) 'api_dag' retrieved from /opt/airflow/dags/api_dag.py
[2024-10-11T01:47:38.245+0000] {logging_mixin.py:188} INFO - [2024-10-11T01:47:38.242+0000] {dag.py:3089} INFO - Sync 1 DAGs
[2024-10-11T01:47:38.332+0000] {logging_mixin.py:188} INFO - [2024-10-11T01:47:38.332+0000] {dag.py:3947} INFO - Setting next_dagrun for api_dag to 2024-10-11 00:00:00+00:00, run_after=2024-10-12 00:00:00+00:00
[2024-10-11T01:47:38.402+0000] {processor.py:183} INFO - Processing /opt/airflow/dags/api_dag.py took 0.339 seconds
[2024-10-11T01:48:09.047+0000] {processor.py:161} INFO - Started process (PID=8214) to work on /opt/airflow/dags/api_dag.py
[2024-10-11T01:48:09.051+0000] {processor.py:830} INFO - Processing file /opt/airflow/dags/api_dag.py for tasks to queue
[2024-10-11T01:48:09.063+0000] {logging_mixin.py:188} INFO - [2024-10-11T01:48:09.059+0000] {dagbag.py:545} INFO - Filling up the DagBag from /opt/airflow/dags/api_dag.py
[2024-10-11T01:48:09.164+0000] {processor.py:840} INFO - DAG(s) 'api_dag' retrieved from /opt/airflow/dags/api_dag.py
[2024-10-11T01:48:09.279+0000] {logging_mixin.py:188} INFO - [2024-10-11T01:48:09.278+0000] {dag.py:3089} INFO - Sync 1 DAGs
[2024-10-11T01:48:09.413+0000] {logging_mixin.py:188} INFO - [2024-10-11T01:48:09.412+0000] {dag.py:3947} INFO - Setting next_dagrun for api_dag to 2024-10-11 00:00:00+00:00, run_after=2024-10-12 00:00:00+00:00
[2024-10-11T01:48:09.514+0000] {processor.py:183} INFO - Processing /opt/airflow/dags/api_dag.py took 0.493 seconds
[2024-10-11T01:48:39.910+0000] {processor.py:161} INFO - Started process (PID=8238) to work on /opt/airflow/dags/api_dag.py
[2024-10-11T01:48:39.918+0000] {processor.py:830} INFO - Processing file /opt/airflow/dags/api_dag.py for tasks to queue
[2024-10-11T01:48:39.924+0000] {logging_mixin.py:188} INFO - [2024-10-11T01:48:39.924+0000] {dagbag.py:545} INFO - Filling up the DagBag from /opt/airflow/dags/api_dag.py
[2024-10-11T01:48:39.998+0000] {processor.py:840} INFO - DAG(s) 'api_dag' retrieved from /opt/airflow/dags/api_dag.py
[2024-10-11T01:48:40.104+0000] {logging_mixin.py:188} INFO - [2024-10-11T01:48:40.102+0000] {dag.py:3089} INFO - Sync 1 DAGs
[2024-10-11T01:48:40.218+0000] {logging_mixin.py:188} INFO - [2024-10-11T01:48:40.218+0000] {dag.py:3947} INFO - Setting next_dagrun for api_dag to 2024-10-11 00:00:00+00:00, run_after=2024-10-12 00:00:00+00:00
[2024-10-11T01:48:40.303+0000] {processor.py:183} INFO - Processing /opt/airflow/dags/api_dag.py took 0.425 seconds
[2024-10-11T01:49:10.523+0000] {processor.py:161} INFO - Started process (PID=8274) to work on /opt/airflow/dags/api_dag.py
[2024-10-11T01:49:10.528+0000] {processor.py:830} INFO - Processing file /opt/airflow/dags/api_dag.py for tasks to queue
[2024-10-11T01:49:10.538+0000] {logging_mixin.py:188} INFO - [2024-10-11T01:49:10.533+0000] {dagbag.py:545} INFO - Filling up the DagBag from /opt/airflow/dags/api_dag.py
[2024-10-11T01:49:10.619+0000] {processor.py:840} INFO - DAG(s) 'api_dag' retrieved from /opt/airflow/dags/api_dag.py
[2024-10-11T01:49:10.719+0000] {logging_mixin.py:188} INFO - [2024-10-11T01:49:10.715+0000] {dag.py:3089} INFO - Sync 1 DAGs
[2024-10-11T01:49:10.814+0000] {logging_mixin.py:188} INFO - [2024-10-11T01:49:10.813+0000] {dag.py:3947} INFO - Setting next_dagrun for api_dag to 2024-10-11 00:00:00+00:00, run_after=2024-10-12 00:00:00+00:00
[2024-10-11T01:49:10.899+0000] {processor.py:183} INFO - Processing /opt/airflow/dags/api_dag.py took 0.406 seconds
[2024-10-11T01:49:41.443+0000] {processor.py:161} INFO - Started process (PID=8303) to work on /opt/airflow/dags/api_dag.py
[2024-10-11T01:49:41.446+0000] {processor.py:830} INFO - Processing file /opt/airflow/dags/api_dag.py for tasks to queue
[2024-10-11T01:49:41.454+0000] {logging_mixin.py:188} INFO - [2024-10-11T01:49:41.453+0000] {dagbag.py:545} INFO - Filling up the DagBag from /opt/airflow/dags/api_dag.py
[2024-10-11T01:49:41.524+0000] {processor.py:840} INFO - DAG(s) 'api_dag' retrieved from /opt/airflow/dags/api_dag.py
[2024-10-11T01:49:41.625+0000] {logging_mixin.py:188} INFO - [2024-10-11T01:49:41.623+0000] {dag.py:3089} INFO - Sync 1 DAGs
[2024-10-11T01:49:41.723+0000] {logging_mixin.py:188} INFO - [2024-10-11T01:49:41.722+0000] {dag.py:3947} INFO - Setting next_dagrun for api_dag to 2024-10-11 00:00:00+00:00, run_after=2024-10-12 00:00:00+00:00
[2024-10-11T01:49:41.804+0000] {processor.py:183} INFO - Processing /opt/airflow/dags/api_dag.py took 0.383 seconds
[2024-10-11T01:50:12.732+0000] {processor.py:161} INFO - Started process (PID=8338) to work on /opt/airflow/dags/api_dag.py
[2024-10-11T01:50:12.736+0000] {processor.py:830} INFO - Processing file /opt/airflow/dags/api_dag.py for tasks to queue
[2024-10-11T01:50:12.745+0000] {logging_mixin.py:188} INFO - [2024-10-11T01:50:12.744+0000] {dagbag.py:545} INFO - Filling up the DagBag from /opt/airflow/dags/api_dag.py
[2024-10-11T01:50:12.814+0000] {processor.py:840} INFO - DAG(s) 'api_dag' retrieved from /opt/airflow/dags/api_dag.py
[2024-10-11T01:50:12.911+0000] {logging_mixin.py:188} INFO - [2024-10-11T01:50:12.908+0000] {dag.py:3089} INFO - Sync 1 DAGs
[2024-10-11T01:50:13.007+0000] {logging_mixin.py:188} INFO - [2024-10-11T01:50:13.006+0000] {dag.py:3947} INFO - Setting next_dagrun for api_dag to 2024-10-11 00:00:00+00:00, run_after=2024-10-12 00:00:00+00:00
[2024-10-11T01:50:13.086+0000] {processor.py:183} INFO - Processing /opt/airflow/dags/api_dag.py took 0.375 seconds
[2024-10-11T01:50:43.444+0000] {processor.py:161} INFO - Started process (PID=8367) to work on /opt/airflow/dags/api_dag.py
[2024-10-11T01:50:43.447+0000] {processor.py:830} INFO - Processing file /opt/airflow/dags/api_dag.py for tasks to queue
[2024-10-11T01:50:43.454+0000] {logging_mixin.py:188} INFO - [2024-10-11T01:50:43.453+0000] {dagbag.py:545} INFO - Filling up the DagBag from /opt/airflow/dags/api_dag.py
[2024-10-11T01:50:43.525+0000] {processor.py:840} INFO - DAG(s) 'api_dag' retrieved from /opt/airflow/dags/api_dag.py
[2024-10-11T01:50:43.625+0000] {logging_mixin.py:188} INFO - [2024-10-11T01:50:43.624+0000] {dag.py:3089} INFO - Sync 1 DAGs
[2024-10-11T01:50:43.725+0000] {logging_mixin.py:188} INFO - [2024-10-11T01:50:43.725+0000] {dag.py:3947} INFO - Setting next_dagrun for api_dag to 2024-10-11 00:00:00+00:00, run_after=2024-10-12 00:00:00+00:00
[2024-10-11T01:50:43.826+0000] {processor.py:183} INFO - Processing /opt/airflow/dags/api_dag.py took 0.410 seconds
[2024-10-11T01:51:14.077+0000] {processor.py:161} INFO - Started process (PID=8402) to work on /opt/airflow/dags/api_dag.py
[2024-10-11T01:51:14.083+0000] {processor.py:830} INFO - Processing file /opt/airflow/dags/api_dag.py for tasks to queue
[2024-10-11T01:51:14.096+0000] {logging_mixin.py:188} INFO - [2024-10-11T01:51:14.095+0000] {dagbag.py:545} INFO - Filling up the DagBag from /opt/airflow/dags/api_dag.py
[2024-10-11T01:51:14.182+0000] {processor.py:840} INFO - DAG(s) 'api_dag' retrieved from /opt/airflow/dags/api_dag.py
[2024-10-11T01:51:14.289+0000] {logging_mixin.py:188} INFO - [2024-10-11T01:51:14.288+0000] {dag.py:3089} INFO - Sync 1 DAGs
[2024-10-11T01:51:14.456+0000] {logging_mixin.py:188} INFO - [2024-10-11T01:51:14.455+0000] {dag.py:3947} INFO - Setting next_dagrun for api_dag to 2024-10-11 00:00:00+00:00, run_after=2024-10-12 00:00:00+00:00
[2024-10-11T01:51:14.538+0000] {processor.py:183} INFO - Processing /opt/airflow/dags/api_dag.py took 0.490 seconds
[2024-10-11T01:51:45.465+0000] {processor.py:161} INFO - Started process (PID=8437) to work on /opt/airflow/dags/api_dag.py
[2024-10-11T01:51:45.469+0000] {processor.py:830} INFO - Processing file /opt/airflow/dags/api_dag.py for tasks to queue
[2024-10-11T01:51:45.478+0000] {logging_mixin.py:188} INFO - [2024-10-11T01:51:45.477+0000] {dagbag.py:545} INFO - Filling up the DagBag from /opt/airflow/dags/api_dag.py
[2024-10-11T01:51:45.549+0000] {processor.py:840} INFO - DAG(s) 'api_dag' retrieved from /opt/airflow/dags/api_dag.py
[2024-10-11T01:51:45.649+0000] {logging_mixin.py:188} INFO - [2024-10-11T01:51:45.648+0000] {dag.py:3089} INFO - Sync 1 DAGs
[2024-10-11T01:51:45.751+0000] {logging_mixin.py:188} INFO - [2024-10-11T01:51:45.750+0000] {dag.py:3947} INFO - Setting next_dagrun for api_dag to 2024-10-11 00:00:00+00:00, run_after=2024-10-12 00:00:00+00:00
[2024-10-11T01:51:45.836+0000] {processor.py:183} INFO - Processing /opt/airflow/dags/api_dag.py took 0.395 seconds
[2024-10-11T01:52:16.772+0000] {processor.py:161} INFO - Started process (PID=8465) to work on /opt/airflow/dags/api_dag.py
[2024-10-11T01:52:16.777+0000] {processor.py:830} INFO - Processing file /opt/airflow/dags/api_dag.py for tasks to queue
[2024-10-11T01:52:16.782+0000] {logging_mixin.py:188} INFO - [2024-10-11T01:52:16.781+0000] {dagbag.py:545} INFO - Filling up the DagBag from /opt/airflow/dags/api_dag.py
[2024-10-11T01:52:16.867+0000] {processor.py:840} INFO - DAG(s) 'api_dag' retrieved from /opt/airflow/dags/api_dag.py
[2024-10-11T01:52:16.959+0000] {logging_mixin.py:188} INFO - [2024-10-11T01:52:16.958+0000] {dag.py:3089} INFO - Sync 1 DAGs
[2024-10-11T01:52:17.073+0000] {logging_mixin.py:188} INFO - [2024-10-11T01:52:17.072+0000] {dag.py:3947} INFO - Setting next_dagrun for api_dag to 2024-10-11 00:00:00+00:00, run_after=2024-10-12 00:00:00+00:00
[2024-10-11T01:52:17.149+0000] {processor.py:183} INFO - Processing /opt/airflow/dags/api_dag.py took 0.399 seconds
[2024-10-11T01:52:47.519+0000] {processor.py:161} INFO - Started process (PID=8500) to work on /opt/airflow/dags/api_dag.py
[2024-10-11T01:52:47.521+0000] {processor.py:830} INFO - Processing file /opt/airflow/dags/api_dag.py for tasks to queue
[2024-10-11T01:52:47.533+0000] {logging_mixin.py:188} INFO - [2024-10-11T01:52:47.530+0000] {dagbag.py:545} INFO - Filling up the DagBag from /opt/airflow/dags/api_dag.py
[2024-10-11T01:52:47.620+0000] {processor.py:840} INFO - DAG(s) 'api_dag' retrieved from /opt/airflow/dags/api_dag.py
[2024-10-11T01:52:47.720+0000] {logging_mixin.py:188} INFO - [2024-10-11T01:52:47.719+0000] {dag.py:3089} INFO - Sync 1 DAGs
[2024-10-11T01:52:47.833+0000] {logging_mixin.py:188} INFO - [2024-10-11T01:52:47.833+0000] {dag.py:3947} INFO - Setting next_dagrun for api_dag to 2024-10-11 00:00:00+00:00, run_after=2024-10-12 00:00:00+00:00
[2024-10-11T01:52:47.927+0000] {processor.py:183} INFO - Processing /opt/airflow/dags/api_dag.py took 0.441 seconds
[2024-10-11T01:53:18.435+0000] {processor.py:161} INFO - Started process (PID=8529) to work on /opt/airflow/dags/api_dag.py
[2024-10-11T01:53:18.441+0000] {processor.py:830} INFO - Processing file /opt/airflow/dags/api_dag.py for tasks to queue
[2024-10-11T01:53:18.446+0000] {logging_mixin.py:188} INFO - [2024-10-11T01:53:18.445+0000] {dagbag.py:545} INFO - Filling up the DagBag from /opt/airflow/dags/api_dag.py
[2024-10-11T01:53:18.528+0000] {processor.py:840} INFO - DAG(s) 'api_dag' retrieved from /opt/airflow/dags/api_dag.py
[2024-10-11T01:53:18.658+0000] {logging_mixin.py:188} INFO - [2024-10-11T01:53:18.647+0000] {dag.py:3089} INFO - Sync 1 DAGs
[2024-10-11T01:53:18.756+0000] {logging_mixin.py:188} INFO - [2024-10-11T01:53:18.755+0000] {dag.py:3947} INFO - Setting next_dagrun for api_dag to 2024-10-11 00:00:00+00:00, run_after=2024-10-12 00:00:00+00:00
[2024-10-11T01:53:18.841+0000] {processor.py:183} INFO - Processing /opt/airflow/dags/api_dag.py took 0.437 seconds
[2024-10-11T01:53:49.276+0000] {processor.py:161} INFO - Started process (PID=8564) to work on /opt/airflow/dags/api_dag.py
[2024-10-11T01:53:49.279+0000] {processor.py:830} INFO - Processing file /opt/airflow/dags/api_dag.py for tasks to queue
[2024-10-11T01:53:49.287+0000] {logging_mixin.py:188} INFO - [2024-10-11T01:53:49.286+0000] {dagbag.py:545} INFO - Filling up the DagBag from /opt/airflow/dags/api_dag.py
[2024-10-11T01:53:49.369+0000] {processor.py:840} INFO - DAG(s) 'api_dag' retrieved from /opt/airflow/dags/api_dag.py
[2024-10-11T01:53:49.476+0000] {logging_mixin.py:188} INFO - [2024-10-11T01:53:49.474+0000] {dag.py:3089} INFO - Sync 1 DAGs
[2024-10-11T01:53:49.575+0000] {logging_mixin.py:188} INFO - [2024-10-11T01:53:49.575+0000] {dag.py:3947} INFO - Setting next_dagrun for api_dag to 2024-10-11 00:00:00+00:00, run_after=2024-10-12 00:00:00+00:00
[2024-10-11T01:53:49.658+0000] {processor.py:183} INFO - Processing /opt/airflow/dags/api_dag.py took 0.409 seconds
[2024-10-11T01:54:19.947+0000] {processor.py:161} INFO - Started process (PID=8592) to work on /opt/airflow/dags/api_dag.py
[2024-10-11T01:54:19.950+0000] {processor.py:830} INFO - Processing file /opt/airflow/dags/api_dag.py for tasks to queue
[2024-10-11T01:54:19.960+0000] {logging_mixin.py:188} INFO - [2024-10-11T01:54:19.958+0000] {dagbag.py:545} INFO - Filling up the DagBag from /opt/airflow/dags/api_dag.py
[2024-10-11T01:54:20.042+0000] {processor.py:840} INFO - DAG(s) 'api_dag' retrieved from /opt/airflow/dags/api_dag.py
[2024-10-11T01:54:20.150+0000] {logging_mixin.py:188} INFO - [2024-10-11T01:54:20.149+0000] {dag.py:3089} INFO - Sync 1 DAGs
[2024-10-11T01:54:20.248+0000] {logging_mixin.py:188} INFO - [2024-10-11T01:54:20.248+0000] {dag.py:3947} INFO - Setting next_dagrun for api_dag to 2024-10-11 00:00:00+00:00, run_after=2024-10-12 00:00:00+00:00
[2024-10-11T01:54:20.339+0000] {processor.py:183} INFO - Processing /opt/airflow/dags/api_dag.py took 0.419 seconds
[2024-10-11T01:54:50.782+0000] {processor.py:161} INFO - Started process (PID=8627) to work on /opt/airflow/dags/api_dag.py
[2024-10-11T01:54:50.789+0000] {processor.py:830} INFO - Processing file /opt/airflow/dags/api_dag.py for tasks to queue
[2024-10-11T01:54:50.801+0000] {logging_mixin.py:188} INFO - [2024-10-11T01:54:50.799+0000] {dagbag.py:545} INFO - Filling up the DagBag from /opt/airflow/dags/api_dag.py
[2024-10-11T01:54:50.888+0000] {processor.py:840} INFO - DAG(s) 'api_dag' retrieved from /opt/airflow/dags/api_dag.py
[2024-10-11T01:54:50.991+0000] {logging_mixin.py:188} INFO - [2024-10-11T01:54:50.989+0000] {dag.py:3089} INFO - Sync 1 DAGs
[2024-10-11T01:54:51.102+0000] {logging_mixin.py:188} INFO - [2024-10-11T01:54:51.101+0000] {dag.py:3947} INFO - Setting next_dagrun for api_dag to 2024-10-11 00:00:00+00:00, run_after=2024-10-12 00:00:00+00:00
[2024-10-11T01:54:51.214+0000] {processor.py:183} INFO - Processing /opt/airflow/dags/api_dag.py took 0.463 seconds
[2024-10-11T01:55:21.810+0000] {processor.py:161} INFO - Started process (PID=8655) to work on /opt/airflow/dags/api_dag.py
[2024-10-11T01:55:21.819+0000] {processor.py:830} INFO - Processing file /opt/airflow/dags/api_dag.py for tasks to queue
[2024-10-11T01:55:21.828+0000] {logging_mixin.py:188} INFO - [2024-10-11T01:55:21.827+0000] {dagbag.py:545} INFO - Filling up the DagBag from /opt/airflow/dags/api_dag.py
[2024-10-11T01:55:21.958+0000] {processor.py:840} INFO - DAG(s) 'api_dag' retrieved from /opt/airflow/dags/api_dag.py
[2024-10-11T01:55:22.082+0000] {logging_mixin.py:188} INFO - [2024-10-11T01:55:22.081+0000] {dag.py:3089} INFO - Sync 1 DAGs
[2024-10-11T01:55:22.217+0000] {logging_mixin.py:188} INFO - [2024-10-11T01:55:22.213+0000] {dag.py:3947} INFO - Setting next_dagrun for api_dag to 2024-10-11 00:00:00+00:00, run_after=2024-10-12 00:00:00+00:00
[2024-10-11T01:55:22.298+0000] {processor.py:183} INFO - Processing /opt/airflow/dags/api_dag.py took 0.520 seconds
[2024-10-11T01:55:52.894+0000] {processor.py:161} INFO - Started process (PID=8690) to work on /opt/airflow/dags/api_dag.py
[2024-10-11T01:55:52.900+0000] {processor.py:830} INFO - Processing file /opt/airflow/dags/api_dag.py for tasks to queue
[2024-10-11T01:55:52.910+0000] {logging_mixin.py:188} INFO - [2024-10-11T01:55:52.909+0000] {dagbag.py:545} INFO - Filling up the DagBag from /opt/airflow/dags/api_dag.py
[2024-10-11T01:55:52.989+0000] {processor.py:840} INFO - DAG(s) 'api_dag' retrieved from /opt/airflow/dags/api_dag.py
[2024-10-11T01:55:53.121+0000] {logging_mixin.py:188} INFO - [2024-10-11T01:55:53.120+0000] {dag.py:3089} INFO - Sync 1 DAGs
[2024-10-11T01:55:53.234+0000] {logging_mixin.py:188} INFO - [2024-10-11T01:55:53.232+0000] {dag.py:3947} INFO - Setting next_dagrun for api_dag to 2024-10-11 00:00:00+00:00, run_after=2024-10-12 00:00:00+00:00
[2024-10-11T01:55:53.349+0000] {processor.py:183} INFO - Processing /opt/airflow/dags/api_dag.py took 0.485 seconds
[2024-10-11T01:56:23.749+0000] {processor.py:161} INFO - Started process (PID=8716) to work on /opt/airflow/dags/api_dag.py
[2024-10-11T01:56:23.753+0000] {processor.py:830} INFO - Processing file /opt/airflow/dags/api_dag.py for tasks to queue
[2024-10-11T01:56:23.762+0000] {logging_mixin.py:188} INFO - [2024-10-11T01:56:23.761+0000] {dagbag.py:545} INFO - Filling up the DagBag from /opt/airflow/dags/api_dag.py
[2024-10-11T01:56:23.862+0000] {processor.py:840} INFO - DAG(s) 'api_dag' retrieved from /opt/airflow/dags/api_dag.py
[2024-10-11T01:56:23.983+0000] {logging_mixin.py:188} INFO - [2024-10-11T01:56:23.981+0000] {dag.py:3089} INFO - Sync 1 DAGs
[2024-10-11T01:56:24.138+0000] {logging_mixin.py:188} INFO - [2024-10-11T01:56:24.133+0000] {dag.py:3947} INFO - Setting next_dagrun for api_dag to 2024-10-11 00:00:00+00:00, run_after=2024-10-12 00:00:00+00:00
[2024-10-11T01:56:24.248+0000] {processor.py:183} INFO - Processing /opt/airflow/dags/api_dag.py took 0.528 seconds
[2024-10-11T01:56:54.862+0000] {processor.py:161} INFO - Started process (PID=8750) to work on /opt/airflow/dags/api_dag.py
[2024-10-11T01:56:54.865+0000] {processor.py:830} INFO - Processing file /opt/airflow/dags/api_dag.py for tasks to queue
[2024-10-11T01:56:54.880+0000] {logging_mixin.py:188} INFO - [2024-10-11T01:56:54.874+0000] {dagbag.py:545} INFO - Filling up the DagBag from /opt/airflow/dags/api_dag.py
[2024-10-11T01:56:54.990+0000] {processor.py:840} INFO - DAG(s) 'api_dag' retrieved from /opt/airflow/dags/api_dag.py
[2024-10-11T01:56:55.133+0000] {logging_mixin.py:188} INFO - [2024-10-11T01:56:55.132+0000] {dag.py:3089} INFO - Sync 1 DAGs
[2024-10-11T01:56:55.262+0000] {logging_mixin.py:188} INFO - [2024-10-11T01:56:55.261+0000] {dag.py:3947} INFO - Setting next_dagrun for api_dag to 2024-10-11 00:00:00+00:00, run_after=2024-10-12 00:00:00+00:00
[2024-10-11T01:56:55.372+0000] {processor.py:183} INFO - Processing /opt/airflow/dags/api_dag.py took 0.549 seconds
[2024-10-11T01:57:25.947+0000] {processor.py:161} INFO - Started process (PID=8775) to work on /opt/airflow/dags/api_dag.py
[2024-10-11T01:57:25.954+0000] {processor.py:830} INFO - Processing file /opt/airflow/dags/api_dag.py for tasks to queue
[2024-10-11T01:57:25.966+0000] {logging_mixin.py:188} INFO - [2024-10-11T01:57:25.965+0000] {dagbag.py:545} INFO - Filling up the DagBag from /opt/airflow/dags/api_dag.py
[2024-10-11T01:57:26.077+0000] {processor.py:840} INFO - DAG(s) 'api_dag' retrieved from /opt/airflow/dags/api_dag.py
[2024-10-11T01:57:26.219+0000] {logging_mixin.py:188} INFO - [2024-10-11T01:57:26.218+0000] {dag.py:3089} INFO - Sync 1 DAGs
[2024-10-11T01:57:26.359+0000] {logging_mixin.py:188} INFO - [2024-10-11T01:57:26.358+0000] {dag.py:3947} INFO - Setting next_dagrun for api_dag to 2024-10-11 00:00:00+00:00, run_after=2024-10-12 00:00:00+00:00
[2024-10-11T01:57:26.467+0000] {processor.py:183} INFO - Processing /opt/airflow/dags/api_dag.py took 0.552 seconds
[2024-10-11T01:57:57.258+0000] {processor.py:161} INFO - Started process (PID=8811) to work on /opt/airflow/dags/api_dag.py
[2024-10-11T01:57:57.261+0000] {processor.py:830} INFO - Processing file /opt/airflow/dags/api_dag.py for tasks to queue
[2024-10-11T01:57:57.272+0000] {logging_mixin.py:188} INFO - [2024-10-11T01:57:57.271+0000] {dagbag.py:545} INFO - Filling up the DagBag from /opt/airflow/dags/api_dag.py
[2024-10-11T01:57:57.379+0000] {processor.py:840} INFO - DAG(s) 'api_dag' retrieved from /opt/airflow/dags/api_dag.py
[2024-10-11T01:57:57.519+0000] {logging_mixin.py:188} INFO - [2024-10-11T01:57:57.513+0000] {dag.py:3089} INFO - Sync 1 DAGs
[2024-10-11T01:57:57.631+0000] {logging_mixin.py:188} INFO - [2024-10-11T01:57:57.631+0000] {dag.py:3947} INFO - Setting next_dagrun for api_dag to 2024-10-11 00:00:00+00:00, run_after=2024-10-12 00:00:00+00:00
[2024-10-11T01:57:57.738+0000] {processor.py:183} INFO - Processing /opt/airflow/dags/api_dag.py took 0.515 seconds
[2024-10-11T01:58:27.959+0000] {processor.py:161} INFO - Started process (PID=8846) to work on /opt/airflow/dags/api_dag.py
[2024-10-11T01:58:27.967+0000] {processor.py:830} INFO - Processing file /opt/airflow/dags/api_dag.py for tasks to queue
[2024-10-11T01:58:27.976+0000] {logging_mixin.py:188} INFO - [2024-10-11T01:58:27.975+0000] {dagbag.py:545} INFO - Filling up the DagBag from /opt/airflow/dags/api_dag.py
[2024-10-11T01:58:28.075+0000] {processor.py:840} INFO - DAG(s) 'api_dag' retrieved from /opt/airflow/dags/api_dag.py
[2024-10-11T01:58:28.217+0000] {logging_mixin.py:188} INFO - [2024-10-11T01:58:28.216+0000] {dag.py:3089} INFO - Sync 1 DAGs
[2024-10-11T01:58:28.364+0000] {logging_mixin.py:188} INFO - [2024-10-11T01:58:28.357+0000] {dag.py:3947} INFO - Setting next_dagrun for api_dag to 2024-10-11 00:00:00+00:00, run_after=2024-10-12 00:00:00+00:00
[2024-10-11T01:58:28.466+0000] {processor.py:183} INFO - Processing /opt/airflow/dags/api_dag.py took 0.539 seconds
[2024-10-11T01:58:59.439+0000] {processor.py:161} INFO - Started process (PID=8874) to work on /opt/airflow/dags/api_dag.py
[2024-10-11T01:58:59.446+0000] {processor.py:830} INFO - Processing file /opt/airflow/dags/api_dag.py for tasks to queue
[2024-10-11T01:58:59.456+0000] {logging_mixin.py:188} INFO - [2024-10-11T01:58:59.455+0000] {dagbag.py:545} INFO - Filling up the DagBag from /opt/airflow/dags/api_dag.py
[2024-10-11T01:58:59.546+0000] {processor.py:840} INFO - DAG(s) 'api_dag' retrieved from /opt/airflow/dags/api_dag.py
[2024-10-11T01:58:59.676+0000] {logging_mixin.py:188} INFO - [2024-10-11T01:58:59.668+0000] {dag.py:3089} INFO - Sync 1 DAGs
[2024-10-11T01:58:59.827+0000] {logging_mixin.py:188} INFO - [2024-10-11T01:58:59.827+0000] {dag.py:3947} INFO - Setting next_dagrun for api_dag to 2024-10-11 00:00:00+00:00, run_after=2024-10-12 00:00:00+00:00
[2024-10-11T01:58:59.948+0000] {processor.py:183} INFO - Processing /opt/airflow/dags/api_dag.py took 0.538 seconds
[2024-10-11T01:59:30.363+0000] {processor.py:161} INFO - Started process (PID=8909) to work on /opt/airflow/dags/api_dag.py
[2024-10-11T01:59:30.370+0000] {processor.py:830} INFO - Processing file /opt/airflow/dags/api_dag.py for tasks to queue
[2024-10-11T01:59:30.374+0000] {logging_mixin.py:188} INFO - [2024-10-11T01:59:30.373+0000] {dagbag.py:545} INFO - Filling up the DagBag from /opt/airflow/dags/api_dag.py
[2024-10-11T01:59:30.483+0000] {processor.py:840} INFO - DAG(s) 'api_dag' retrieved from /opt/airflow/dags/api_dag.py
[2024-10-11T01:59:30.629+0000] {logging_mixin.py:188} INFO - [2024-10-11T01:59:30.623+0000] {dag.py:3089} INFO - Sync 1 DAGs
[2024-10-11T01:59:30.763+0000] {logging_mixin.py:188} INFO - [2024-10-11T01:59:30.762+0000] {dag.py:3947} INFO - Setting next_dagrun for api_dag to 2024-10-11 00:00:00+00:00, run_after=2024-10-12 00:00:00+00:00
[2024-10-11T01:59:30.944+0000] {processor.py:183} INFO - Processing /opt/airflow/dags/api_dag.py took 0.614 seconds
[2024-10-11T02:00:01.246+0000] {processor.py:161} INFO - Started process (PID=8937) to work on /opt/airflow/dags/api_dag.py
[2024-10-11T02:00:01.254+0000] {processor.py:830} INFO - Processing file /opt/airflow/dags/api_dag.py for tasks to queue
[2024-10-11T02:00:01.258+0000] {logging_mixin.py:188} INFO - [2024-10-11T02:00:01.257+0000] {dagbag.py:545} INFO - Filling up the DagBag from /opt/airflow/dags/api_dag.py
[2024-10-11T02:00:01.384+0000] {processor.py:840} INFO - DAG(s) 'api_dag' retrieved from /opt/airflow/dags/api_dag.py
[2024-10-11T02:00:01.784+0000] {logging_mixin.py:188} INFO - [2024-10-11T02:00:01.767+0000] {dag.py:3089} INFO - Sync 1 DAGs
[2024-10-11T02:00:03.217+0000] {logging_mixin.py:188} INFO - [2024-10-11T02:00:03.216+0000] {dag.py:3947} INFO - Setting next_dagrun for api_dag to 2024-10-11 00:00:00+00:00, run_after=2024-10-12 00:00:00+00:00
[2024-10-11T02:00:05.128+0000] {processor.py:183} INFO - Processing /opt/airflow/dags/api_dag.py took 3.931 seconds
[2024-10-11T02:00:36.500+0000] {processor.py:161} INFO - Started process (PID=8972) to work on /opt/airflow/dags/api_dag.py
[2024-10-11T02:00:36.512+0000] {processor.py:830} INFO - Processing file /opt/airflow/dags/api_dag.py for tasks to queue
[2024-10-11T02:00:36.523+0000] {logging_mixin.py:188} INFO - [2024-10-11T02:00:36.522+0000] {dagbag.py:545} INFO - Filling up the DagBag from /opt/airflow/dags/api_dag.py
[2024-10-11T02:00:36.672+0000] {processor.py:840} INFO - DAG(s) 'api_dag' retrieved from /opt/airflow/dags/api_dag.py
[2024-10-11T02:00:36.840+0000] {logging_mixin.py:188} INFO - [2024-10-11T02:00:36.834+0000] {dag.py:3089} INFO - Sync 1 DAGs
[2024-10-11T02:00:36.994+0000] {logging_mixin.py:188} INFO - [2024-10-11T02:00:36.993+0000] {dag.py:3947} INFO - Setting next_dagrun for api_dag to 2024-10-11 00:00:00+00:00, run_after=2024-10-12 00:00:00+00:00
[2024-10-11T02:00:37.171+0000] {processor.py:183} INFO - Processing /opt/airflow/dags/api_dag.py took 0.729 seconds
[2024-10-11T02:01:08.293+0000] {processor.py:161} INFO - Started process (PID=9000) to work on /opt/airflow/dags/api_dag.py
[2024-10-11T02:01:08.315+0000] {processor.py:830} INFO - Processing file /opt/airflow/dags/api_dag.py for tasks to queue
[2024-10-11T02:01:08.336+0000] {logging_mixin.py:188} INFO - [2024-10-11T02:01:08.335+0000] {dagbag.py:545} INFO - Filling up the DagBag from /opt/airflow/dags/api_dag.py
[2024-10-11T02:01:08.732+0000] {processor.py:840} INFO - DAG(s) 'api_dag' retrieved from /opt/airflow/dags/api_dag.py
[2024-10-11T02:01:08.982+0000] {logging_mixin.py:188} INFO - [2024-10-11T02:01:08.974+0000] {dag.py:3089} INFO - Sync 1 DAGs
[2024-10-11T02:01:09.254+0000] {logging_mixin.py:188} INFO - [2024-10-11T02:01:09.246+0000] {dag.py:3947} INFO - Setting next_dagrun for api_dag to 2024-10-11 00:00:00+00:00, run_after=2024-10-12 00:00:00+00:00
[2024-10-11T02:01:09.584+0000] {processor.py:183} INFO - Processing /opt/airflow/dags/api_dag.py took 1.401 seconds
[2024-10-11T02:01:40.502+0000] {processor.py:161} INFO - Started process (PID=9035) to work on /opt/airflow/dags/api_dag.py
[2024-10-11T02:01:40.505+0000] {processor.py:830} INFO - Processing file /opt/airflow/dags/api_dag.py for tasks to queue
[2024-10-11T02:01:40.524+0000] {logging_mixin.py:188} INFO - [2024-10-11T02:01:40.523+0000] {dagbag.py:545} INFO - Filling up the DagBag from /opt/airflow/dags/api_dag.py
[2024-10-11T02:01:40.652+0000] {processor.py:840} INFO - DAG(s) 'api_dag' retrieved from /opt/airflow/dags/api_dag.py
[2024-10-11T02:01:40.823+0000] {logging_mixin.py:188} INFO - [2024-10-11T02:01:40.822+0000] {dag.py:3089} INFO - Sync 1 DAGs
[2024-10-11T02:01:41.003+0000] {logging_mixin.py:188} INFO - [2024-10-11T02:01:40.995+0000] {dag.py:3947} INFO - Setting next_dagrun for api_dag to 2024-10-11 00:00:00+00:00, run_after=2024-10-12 00:00:00+00:00
[2024-10-11T02:01:41.153+0000] {processor.py:183} INFO - Processing /opt/airflow/dags/api_dag.py took 0.699 seconds
[2024-10-11T02:02:11.887+0000] {processor.py:161} INFO - Started process (PID=9068) to work on /opt/airflow/dags/api_dag.py
[2024-10-11T02:02:11.895+0000] {processor.py:830} INFO - Processing file /opt/airflow/dags/api_dag.py for tasks to queue
[2024-10-11T02:02:11.909+0000] {logging_mixin.py:188} INFO - [2024-10-11T02:02:11.906+0000] {dagbag.py:545} INFO - Filling up the DagBag from /opt/airflow/dags/api_dag.py
[2024-10-11T02:02:12.178+0000] {processor.py:840} INFO - DAG(s) 'api_dag' retrieved from /opt/airflow/dags/api_dag.py
[2024-10-11T02:02:12.389+0000] {logging_mixin.py:188} INFO - [2024-10-11T02:02:12.387+0000] {dag.py:3089} INFO - Sync 1 DAGs
[2024-10-11T02:02:12.689+0000] {logging_mixin.py:188} INFO - [2024-10-11T02:02:12.688+0000] {dag.py:3947} INFO - Setting next_dagrun for api_dag to 2024-10-11 00:00:00+00:00, run_after=2024-10-12 00:00:00+00:00
[2024-10-11T02:02:12.927+0000] {processor.py:183} INFO - Processing /opt/airflow/dags/api_dag.py took 1.081 seconds
[2024-10-11T02:02:43.359+0000] {processor.py:161} INFO - Started process (PID=9092) to work on /opt/airflow/dags/api_dag.py
[2024-10-11T02:02:43.368+0000] {processor.py:830} INFO - Processing file /opt/airflow/dags/api_dag.py for tasks to queue
[2024-10-11T02:02:43.378+0000] {logging_mixin.py:188} INFO - [2024-10-11T02:02:43.377+0000] {dagbag.py:545} INFO - Filling up the DagBag from /opt/airflow/dags/api_dag.py
[2024-10-11T02:02:43.486+0000] {processor.py:840} INFO - DAG(s) 'api_dag' retrieved from /opt/airflow/dags/api_dag.py
[2024-10-11T02:02:43.627+0000] {logging_mixin.py:188} INFO - [2024-10-11T02:02:43.625+0000] {dag.py:3089} INFO - Sync 1 DAGs
[2024-10-11T02:02:43.817+0000] {logging_mixin.py:188} INFO - [2024-10-11T02:02:43.816+0000] {dag.py:3947} INFO - Setting next_dagrun for api_dag to 2024-10-11 00:00:00+00:00, run_after=2024-10-12 00:00:00+00:00
[2024-10-11T02:02:44.009+0000] {processor.py:183} INFO - Processing /opt/airflow/dags/api_dag.py took 0.680 seconds
[2024-10-11T02:03:14.372+0000] {processor.py:161} INFO - Started process (PID=9128) to work on /opt/airflow/dags/api_dag.py
[2024-10-11T02:03:14.382+0000] {processor.py:830} INFO - Processing file /opt/airflow/dags/api_dag.py for tasks to queue
[2024-10-11T02:03:14.429+0000] {logging_mixin.py:188} INFO - [2024-10-11T02:03:14.421+0000] {dagbag.py:545} INFO - Filling up the DagBag from /opt/airflow/dags/api_dag.py
[2024-10-11T02:03:14.588+0000] {processor.py:840} INFO - DAG(s) 'api_dag' retrieved from /opt/airflow/dags/api_dag.py
[2024-10-11T02:03:14.772+0000] {logging_mixin.py:188} INFO - [2024-10-11T02:03:14.771+0000] {dag.py:3089} INFO - Sync 1 DAGs
[2024-10-11T02:03:14.921+0000] {logging_mixin.py:188} INFO - [2024-10-11T02:03:14.921+0000] {dag.py:3947} INFO - Setting next_dagrun for api_dag to 2024-10-11 00:00:00+00:00, run_after=2024-10-12 00:00:00+00:00
[2024-10-11T02:03:15.092+0000] {processor.py:183} INFO - Processing /opt/airflow/dags/api_dag.py took 0.779 seconds
[2024-10-11T02:03:45.649+0000] {processor.py:161} INFO - Started process (PID=9155) to work on /opt/airflow/dags/api_dag.py
[2024-10-11T02:03:45.657+0000] {processor.py:830} INFO - Processing file /opt/airflow/dags/api_dag.py for tasks to queue
[2024-10-11T02:03:45.669+0000] {logging_mixin.py:188} INFO - [2024-10-11T02:03:45.668+0000] {dagbag.py:545} INFO - Filling up the DagBag from /opt/airflow/dags/api_dag.py
[2024-10-11T02:03:45.818+0000] {processor.py:840} INFO - DAG(s) 'api_dag' retrieved from /opt/airflow/dags/api_dag.py
[2024-10-11T02:03:45.998+0000] {logging_mixin.py:188} INFO - [2024-10-11T02:03:45.991+0000] {dag.py:3089} INFO - Sync 1 DAGs
[2024-10-11T02:03:46.179+0000] {logging_mixin.py:188} INFO - [2024-10-11T02:03:46.178+0000] {dag.py:3947} INFO - Setting next_dagrun for api_dag to 2024-10-11 00:00:00+00:00, run_after=2024-10-12 00:00:00+00:00
[2024-10-11T02:03:46.311+0000] {processor.py:183} INFO - Processing /opt/airflow/dags/api_dag.py took 0.730 seconds
[2024-10-11T02:04:17.362+0000] {processor.py:161} INFO - Started process (PID=9190) to work on /opt/airflow/dags/api_dag.py
[2024-10-11T02:04:17.364+0000] {processor.py:830} INFO - Processing file /opt/airflow/dags/api_dag.py for tasks to queue
[2024-10-11T02:04:17.375+0000] {logging_mixin.py:188} INFO - [2024-10-11T02:04:17.374+0000] {dagbag.py:545} INFO - Filling up the DagBag from /opt/airflow/dags/api_dag.py
[2024-10-11T02:04:17.552+0000] {processor.py:840} INFO - DAG(s) 'api_dag' retrieved from /opt/airflow/dags/api_dag.py
[2024-10-11T02:04:18.004+0000] {logging_mixin.py:188} INFO - [2024-10-11T02:04:17.994+0000] {dag.py:3089} INFO - Sync 1 DAGs
[2024-10-11T02:04:18.272+0000] {logging_mixin.py:188} INFO - [2024-10-11T02:04:18.271+0000] {dag.py:3947} INFO - Setting next_dagrun for api_dag to 2024-10-11 00:00:00+00:00, run_after=2024-10-12 00:00:00+00:00
[2024-10-11T02:04:18.451+0000] {processor.py:183} INFO - Processing /opt/airflow/dags/api_dag.py took 1.140 seconds
[2024-10-11T02:04:49.214+0000] {processor.py:161} INFO - Started process (PID=9218) to work on /opt/airflow/dags/api_dag.py
[2024-10-11T02:04:49.224+0000] {processor.py:830} INFO - Processing file /opt/airflow/dags/api_dag.py for tasks to queue
[2024-10-11T02:04:49.245+0000] {logging_mixin.py:188} INFO - [2024-10-11T02:04:49.243+0000] {dagbag.py:545} INFO - Filling up the DagBag from /opt/airflow/dags/api_dag.py
[2024-10-11T02:04:49.465+0000] {processor.py:840} INFO - DAG(s) 'api_dag' retrieved from /opt/airflow/dags/api_dag.py
[2024-10-11T02:04:49.796+0000] {logging_mixin.py:188} INFO - [2024-10-11T02:04:49.793+0000] {dag.py:3089} INFO - Sync 1 DAGs
[2024-10-11T02:04:50.185+0000] {logging_mixin.py:188} INFO - [2024-10-11T02:04:50.185+0000] {dag.py:3947} INFO - Setting next_dagrun for api_dag to 2024-10-11 00:00:00+00:00, run_after=2024-10-12 00:00:00+00:00
[2024-10-11T02:04:50.514+0000] {processor.py:183} INFO - Processing /opt/airflow/dags/api_dag.py took 1.350 seconds
[2024-10-11T02:05:21.332+0000] {processor.py:161} INFO - Started process (PID=9254) to work on /opt/airflow/dags/api_dag.py
[2024-10-11T02:05:21.335+0000] {processor.py:830} INFO - Processing file /opt/airflow/dags/api_dag.py for tasks to queue
[2024-10-11T02:05:21.345+0000] {logging_mixin.py:188} INFO - [2024-10-11T02:05:21.344+0000] {dagbag.py:545} INFO - Filling up the DagBag from /opt/airflow/dags/api_dag.py
[2024-10-11T02:05:21.471+0000] {processor.py:840} INFO - DAG(s) 'api_dag' retrieved from /opt/airflow/dags/api_dag.py
[2024-10-11T02:05:21.621+0000] {logging_mixin.py:188} INFO - [2024-10-11T02:05:21.615+0000] {dag.py:3089} INFO - Sync 1 DAGs
[2024-10-11T02:05:21.822+0000] {logging_mixin.py:188} INFO - [2024-10-11T02:05:21.815+0000] {dag.py:3947} INFO - Setting next_dagrun for api_dag to 2024-10-11 00:00:00+00:00, run_after=2024-10-12 00:00:00+00:00
[2024-10-11T02:05:21.962+0000] {processor.py:183} INFO - Processing /opt/airflow/dags/api_dag.py took 0.667 seconds
[2024-10-11T02:05:52.858+0000] {processor.py:161} INFO - Started process (PID=9282) to work on /opt/airflow/dags/api_dag.py
[2024-10-11T02:05:52.877+0000] {processor.py:830} INFO - Processing file /opt/airflow/dags/api_dag.py for tasks to queue
[2024-10-11T02:05:52.898+0000] {logging_mixin.py:188} INFO - [2024-10-11T02:05:52.897+0000] {dagbag.py:545} INFO - Filling up the DagBag from /opt/airflow/dags/api_dag.py
[2024-10-11T02:05:53.088+0000] {processor.py:840} INFO - DAG(s) 'api_dag' retrieved from /opt/airflow/dags/api_dag.py
[2024-10-11T02:05:53.445+0000] {logging_mixin.py:188} INFO - [2024-10-11T02:05:53.428+0000] {dag.py:3089} INFO - Sync 1 DAGs
[2024-10-11T02:05:53.746+0000] {logging_mixin.py:188} INFO - [2024-10-11T02:05:53.746+0000] {dag.py:3947} INFO - Setting next_dagrun for api_dag to 2024-10-11 00:00:00+00:00, run_after=2024-10-12 00:00:00+00:00
[2024-10-11T02:05:53.929+0000] {processor.py:183} INFO - Processing /opt/airflow/dags/api_dag.py took 1.133 seconds
[2024-10-11T02:06:24.761+0000] {processor.py:161} INFO - Started process (PID=9317) to work on /opt/airflow/dags/api_dag.py
[2024-10-11T02:06:24.770+0000] {processor.py:830} INFO - Processing file /opt/airflow/dags/api_dag.py for tasks to queue
[2024-10-11T02:06:24.810+0000] {logging_mixin.py:188} INFO - [2024-10-11T02:06:24.809+0000] {dagbag.py:545} INFO - Filling up the DagBag from /opt/airflow/dags/api_dag.py
[2024-10-11T02:06:24.990+0000] {processor.py:840} INFO - DAG(s) 'api_dag' retrieved from /opt/airflow/dags/api_dag.py
[2024-10-11T02:06:25.230+0000] {logging_mixin.py:188} INFO - [2024-10-11T02:06:25.222+0000] {dag.py:3089} INFO - Sync 1 DAGs
[2024-10-11T02:06:25.491+0000] {logging_mixin.py:188} INFO - [2024-10-11T02:06:25.490+0000] {dag.py:3947} INFO - Setting next_dagrun for api_dag to 2024-10-11 00:00:00+00:00, run_after=2024-10-12 00:00:00+00:00
[2024-10-11T02:06:25.682+0000] {processor.py:183} INFO - Processing /opt/airflow/dags/api_dag.py took 0.980 seconds
[2024-10-11T02:06:56.820+0000] {processor.py:161} INFO - Started process (PID=9345) to work on /opt/airflow/dags/api_dag.py
[2024-10-11T02:06:56.838+0000] {processor.py:830} INFO - Processing file /opt/airflow/dags/api_dag.py for tasks to queue
[2024-10-11T02:06:56.848+0000] {logging_mixin.py:188} INFO - [2024-10-11T02:06:56.841+0000] {dagbag.py:545} INFO - Filling up the DagBag from /opt/airflow/dags/api_dag.py
[2024-10-11T02:06:57.022+0000] {processor.py:840} INFO - DAG(s) 'api_dag' retrieved from /opt/airflow/dags/api_dag.py
[2024-10-11T02:06:57.269+0000] {logging_mixin.py:188} INFO - [2024-10-11T02:06:57.268+0000] {dag.py:3089} INFO - Sync 1 DAGs
[2024-10-11T02:06:57.481+0000] {logging_mixin.py:188} INFO - [2024-10-11T02:06:57.480+0000] {dag.py:3947} INFO - Setting next_dagrun for api_dag to 2024-10-11 00:00:00+00:00, run_after=2024-10-12 00:00:00+00:00
[2024-10-11T02:06:57.650+0000] {processor.py:183} INFO - Processing /opt/airflow/dags/api_dag.py took 0.879 seconds
[2024-10-11T02:07:28.973+0000] {processor.py:161} INFO - Started process (PID=9379) to work on /opt/airflow/dags/api_dag.py
[2024-10-11T02:07:28.993+0000] {processor.py:830} INFO - Processing file /opt/airflow/dags/api_dag.py for tasks to queue
[2024-10-11T02:07:29.022+0000] {logging_mixin.py:188} INFO - [2024-10-11T02:07:29.015+0000] {dagbag.py:545} INFO - Filling up the DagBag from /opt/airflow/dags/api_dag.py
[2024-10-11T02:07:29.314+0000] {processor.py:840} INFO - DAG(s) 'api_dag' retrieved from /opt/airflow/dags/api_dag.py
[2024-10-11T02:07:29.643+0000] {logging_mixin.py:188} INFO - [2024-10-11T02:07:29.635+0000] {dag.py:3089} INFO - Sync 1 DAGs
[2024-10-11T02:07:30.133+0000] {logging_mixin.py:188} INFO - [2024-10-11T02:07:30.132+0000] {dag.py:3947} INFO - Setting next_dagrun for api_dag to 2024-10-11 00:00:00+00:00, run_after=2024-10-12 00:00:00+00:00
[2024-10-11T02:07:30.612+0000] {processor.py:183} INFO - Processing /opt/airflow/dags/api_dag.py took 1.690 seconds
[2024-10-11T02:08:02.097+0000] {processor.py:161} INFO - Started process (PID=9410) to work on /opt/airflow/dags/api_dag.py
[2024-10-11T02:08:02.119+0000] {processor.py:830} INFO - Processing file /opt/airflow/dags/api_dag.py for tasks to queue
[2024-10-11T02:08:02.147+0000] {logging_mixin.py:188} INFO - [2024-10-11T02:08:02.139+0000] {dagbag.py:545} INFO - Filling up the DagBag from /opt/airflow/dags/api_dag.py
[2024-10-11T02:08:02.469+0000] {processor.py:840} INFO - DAG(s) 'api_dag' retrieved from /opt/airflow/dags/api_dag.py
[2024-10-11T02:08:02.859+0000] {logging_mixin.py:188} INFO - [2024-10-11T02:08:02.858+0000] {dag.py:3089} INFO - Sync 1 DAGs
[2024-10-11T02:08:03.299+0000] {logging_mixin.py:188} INFO - [2024-10-11T02:08:03.298+0000] {dag.py:3947} INFO - Setting next_dagrun for api_dag to 2024-10-11 00:00:00+00:00, run_after=2024-10-12 00:00:00+00:00
[2024-10-11T02:08:03.638+0000] {processor.py:183} INFO - Processing /opt/airflow/dags/api_dag.py took 1.671 seconds
[2024-10-11T02:08:34.707+0000] {processor.py:161} INFO - Started process (PID=9438) to work on /opt/airflow/dags/api_dag.py
[2024-10-11T02:08:34.726+0000] {processor.py:830} INFO - Processing file /opt/airflow/dags/api_dag.py for tasks to queue
[2024-10-11T02:08:34.746+0000] {logging_mixin.py:188} INFO - [2024-10-11T02:08:34.738+0000] {dagbag.py:545} INFO - Filling up the DagBag from /opt/airflow/dags/api_dag.py
[2024-10-11T02:08:34.979+0000] {processor.py:840} INFO - DAG(s) 'api_dag' retrieved from /opt/airflow/dags/api_dag.py
[2024-10-11T02:08:35.238+0000] {logging_mixin.py:188} INFO - [2024-10-11T02:08:35.228+0000] {dag.py:3089} INFO - Sync 1 DAGs
[2024-10-11T02:08:35.586+0000] {logging_mixin.py:188} INFO - [2024-10-11T02:08:35.578+0000] {dag.py:3947} INFO - Setting next_dagrun for api_dag to 2024-10-11 00:00:00+00:00, run_after=2024-10-12 00:00:00+00:00
[2024-10-11T02:08:35.865+0000] {processor.py:183} INFO - Processing /opt/airflow/dags/api_dag.py took 1.241 seconds
[2024-10-11T02:09:07.005+0000] {processor.py:161} INFO - Started process (PID=9476) to work on /opt/airflow/dags/api_dag.py
[2024-10-11T02:09:07.014+0000] {processor.py:830} INFO - Processing file /opt/airflow/dags/api_dag.py for tasks to queue
[2024-10-11T02:09:07.084+0000] {logging_mixin.py:188} INFO - [2024-10-11T02:09:07.076+0000] {dagbag.py:545} INFO - Filling up the DagBag from /opt/airflow/dags/api_dag.py
[2024-10-11T02:09:07.555+0000] {processor.py:840} INFO - DAG(s) 'api_dag' retrieved from /opt/airflow/dags/api_dag.py
[2024-10-11T02:09:07.806+0000] {logging_mixin.py:188} INFO - [2024-10-11T02:09:07.805+0000] {dag.py:3089} INFO - Sync 1 DAGs
[2024-10-11T02:09:08.064+0000] {logging_mixin.py:188} INFO - [2024-10-11T02:09:08.056+0000] {dag.py:3947} INFO - Setting next_dagrun for api_dag to 2024-10-11 00:00:00+00:00, run_after=2024-10-12 00:00:00+00:00
[2024-10-11T02:09:08.264+0000] {processor.py:183} INFO - Processing /opt/airflow/dags/api_dag.py took 1.348 seconds
[2024-10-11T02:09:39.150+0000] {processor.py:161} INFO - Started process (PID=9503) to work on /opt/airflow/dags/api_dag.py
[2024-10-11T02:09:39.160+0000] {processor.py:830} INFO - Processing file /opt/airflow/dags/api_dag.py for tasks to queue
[2024-10-11T02:09:39.180+0000] {logging_mixin.py:188} INFO - [2024-10-11T02:09:39.179+0000] {dagbag.py:545} INFO - Filling up the DagBag from /opt/airflow/dags/api_dag.py
[2024-10-11T02:09:39.390+0000] {processor.py:840} INFO - DAG(s) 'api_dag' retrieved from /opt/airflow/dags/api_dag.py
[2024-10-11T02:09:39.661+0000] {logging_mixin.py:188} INFO - [2024-10-11T02:09:39.660+0000] {dag.py:3089} INFO - Sync 1 DAGs
[2024-10-11T02:09:40.169+0000] {logging_mixin.py:188} INFO - [2024-10-11T02:09:40.169+0000] {dag.py:3947} INFO - Setting next_dagrun for api_dag to 2024-10-11 00:00:00+00:00, run_after=2024-10-12 00:00:00+00:00
[2024-10-11T02:09:40.479+0000] {processor.py:183} INFO - Processing /opt/airflow/dags/api_dag.py took 1.389 seconds
[2024-10-11T02:10:11.313+0000] {processor.py:161} INFO - Started process (PID=9538) to work on /opt/airflow/dags/api_dag.py
[2024-10-11T02:10:11.322+0000] {processor.py:830} INFO - Processing file /opt/airflow/dags/api_dag.py for tasks to queue
[2024-10-11T02:10:11.344+0000] {logging_mixin.py:188} INFO - [2024-10-11T02:10:11.343+0000] {dagbag.py:545} INFO - Filling up the DagBag from /opt/airflow/dags/api_dag.py
[2024-10-11T02:10:11.544+0000] {processor.py:840} INFO - DAG(s) 'api_dag' retrieved from /opt/airflow/dags/api_dag.py
[2024-10-11T02:10:11.833+0000] {logging_mixin.py:188} INFO - [2024-10-11T02:10:11.824+0000] {dag.py:3089} INFO - Sync 1 DAGs
[2024-10-11T02:10:12.113+0000] {logging_mixin.py:188} INFO - [2024-10-11T02:10:12.113+0000] {dag.py:3947} INFO - Setting next_dagrun for api_dag to 2024-10-11 00:00:00+00:00, run_after=2024-10-12 00:00:00+00:00
[2024-10-11T02:10:12.373+0000] {processor.py:183} INFO - Processing /opt/airflow/dags/api_dag.py took 1.189 seconds
[2024-10-11T02:10:43.977+0000] {processor.py:161} INFO - Started process (PID=9564) to work on /opt/airflow/dags/api_dag.py
[2024-10-11T02:10:44.005+0000] {processor.py:830} INFO - Processing file /opt/airflow/dags/api_dag.py for tasks to queue
[2024-10-11T02:10:44.046+0000] {logging_mixin.py:188} INFO - [2024-10-11T02:10:44.027+0000] {dagbag.py:545} INFO - Filling up the DagBag from /opt/airflow/dags/api_dag.py
[2024-10-11T02:10:44.505+0000] {processor.py:840} INFO - DAG(s) 'api_dag' retrieved from /opt/airflow/dags/api_dag.py
[2024-10-11T02:10:44.977+0000] {logging_mixin.py:188} INFO - [2024-10-11T02:10:44.975+0000] {dag.py:3089} INFO - Sync 1 DAGs
[2024-10-11T02:10:45.486+0000] {logging_mixin.py:188} INFO - [2024-10-11T02:10:45.485+0000] {dag.py:3947} INFO - Setting next_dagrun for api_dag to 2024-10-11 00:00:00+00:00, run_after=2024-10-12 00:00:00+00:00
[2024-10-11T02:10:45.866+0000] {processor.py:183} INFO - Processing /opt/airflow/dags/api_dag.py took 1.990 seconds
[2024-10-11T02:11:17.218+0000] {processor.py:161} INFO - Started process (PID=9594) to work on /opt/airflow/dags/api_dag.py
[2024-10-11T02:11:17.228+0000] {processor.py:830} INFO - Processing file /opt/airflow/dags/api_dag.py for tasks to queue
[2024-10-11T02:11:17.257+0000] {logging_mixin.py:188} INFO - [2024-10-11T02:11:17.249+0000] {dagbag.py:545} INFO - Filling up the DagBag from /opt/airflow/dags/api_dag.py
[2024-10-11T02:11:17.527+0000] {processor.py:840} INFO - DAG(s) 'api_dag' retrieved from /opt/airflow/dags/api_dag.py
[2024-10-11T02:11:17.967+0000] {logging_mixin.py:188} INFO - [2024-10-11T02:11:17.937+0000] {dag.py:3089} INFO - Sync 1 DAGs
[2024-10-11T02:11:18.397+0000] {logging_mixin.py:188} INFO - [2024-10-11T02:11:18.396+0000] {dag.py:3947} INFO - Setting next_dagrun for api_dag to 2024-10-11 00:00:00+00:00, run_after=2024-10-12 00:00:00+00:00
[2024-10-11T02:11:18.708+0000] {processor.py:183} INFO - Processing /opt/airflow/dags/api_dag.py took 1.579 seconds
[2024-10-11T02:11:49.673+0000] {processor.py:161} INFO - Started process (PID=9629) to work on /opt/airflow/dags/api_dag.py
[2024-10-11T02:11:49.703+0000] {processor.py:830} INFO - Processing file /opt/airflow/dags/api_dag.py for tasks to queue
[2024-10-11T02:11:49.762+0000] {logging_mixin.py:188} INFO - [2024-10-11T02:11:49.743+0000] {dagbag.py:545} INFO - Filling up the DagBag from /opt/airflow/dags/api_dag.py
[2024-10-11T02:11:50.491+0000] {processor.py:840} INFO - DAG(s) 'api_dag' retrieved from /opt/airflow/dags/api_dag.py
[2024-10-11T02:11:51.023+0000] {logging_mixin.py:188} INFO - [2024-10-11T02:11:51.021+0000] {dag.py:3089} INFO - Sync 1 DAGs
[2024-10-11T02:11:51.481+0000] {logging_mixin.py:188} INFO - [2024-10-11T02:11:51.473+0000] {dag.py:3947} INFO - Setting next_dagrun for api_dag to 2024-10-11 00:00:00+00:00, run_after=2024-10-12 00:00:00+00:00
[2024-10-11T02:11:52.022+0000] {processor.py:183} INFO - Processing /opt/airflow/dags/api_dag.py took 2.440 seconds
[2024-10-11T02:12:23.341+0000] {processor.py:161} INFO - Started process (PID=9656) to work on /opt/airflow/dags/api_dag.py
[2024-10-11T02:12:23.344+0000] {processor.py:830} INFO - Processing file /opt/airflow/dags/api_dag.py for tasks to queue
[2024-10-11T02:12:23.382+0000] {logging_mixin.py:188} INFO - [2024-10-11T02:12:23.374+0000] {dagbag.py:545} INFO - Filling up the DagBag from /opt/airflow/dags/api_dag.py
[2024-10-11T02:12:23.683+0000] {processor.py:840} INFO - DAG(s) 'api_dag' retrieved from /opt/airflow/dags/api_dag.py
[2024-10-11T02:12:24.051+0000] {logging_mixin.py:188} INFO - [2024-10-11T02:12:24.034+0000] {dag.py:3089} INFO - Sync 1 DAGs
[2024-10-11T02:12:24.621+0000] {logging_mixin.py:188} INFO - [2024-10-11T02:12:24.613+0000] {dag.py:3947} INFO - Setting next_dagrun for api_dag to 2024-10-11 00:00:00+00:00, run_after=2024-10-12 00:00:00+00:00
[2024-10-11T02:12:24.883+0000] {processor.py:183} INFO - Processing /opt/airflow/dags/api_dag.py took 1.639 seconds
[2024-10-11T02:12:55.473+0000] {processor.py:161} INFO - Started process (PID=9693) to work on /opt/airflow/dags/api_dag.py
[2024-10-11T02:12:55.483+0000] {processor.py:830} INFO - Processing file /opt/airflow/dags/api_dag.py for tasks to queue
[2024-10-11T02:12:55.513+0000] {logging_mixin.py:188} INFO - [2024-10-11T02:12:55.511+0000] {dagbag.py:545} INFO - Filling up the DagBag from /opt/airflow/dags/api_dag.py
[2024-10-11T02:12:55.741+0000] {processor.py:840} INFO - DAG(s) 'api_dag' retrieved from /opt/airflow/dags/api_dag.py
[2024-10-11T02:12:56.082+0000] {logging_mixin.py:188} INFO - [2024-10-11T02:12:56.073+0000] {dag.py:3089} INFO - Sync 1 DAGs
[2024-10-11T02:12:56.442+0000] {logging_mixin.py:188} INFO - [2024-10-11T02:12:56.442+0000] {dag.py:3947} INFO - Setting next_dagrun for api_dag to 2024-10-11 00:00:00+00:00, run_after=2024-10-12 00:00:00+00:00
[2024-10-11T02:12:56.691+0000] {processor.py:183} INFO - Processing /opt/airflow/dags/api_dag.py took 1.299 seconds
[2024-10-11T02:13:27.557+0000] {processor.py:161} INFO - Started process (PID=9720) to work on /opt/airflow/dags/api_dag.py
[2024-10-11T02:13:27.578+0000] {processor.py:830} INFO - Processing file /opt/airflow/dags/api_dag.py for tasks to queue
[2024-10-11T02:13:27.617+0000] {logging_mixin.py:188} INFO - [2024-10-11T02:13:27.608+0000] {dagbag.py:545} INFO - Filling up the DagBag from /opt/airflow/dags/api_dag.py
[2024-10-11T02:13:27.968+0000] {processor.py:840} INFO - DAG(s) 'api_dag' retrieved from /opt/airflow/dags/api_dag.py
[2024-10-11T02:13:28.429+0000] {logging_mixin.py:188} INFO - [2024-10-11T02:13:28.427+0000] {dag.py:3089} INFO - Sync 1 DAGs
[2024-10-11T02:13:28.928+0000] {logging_mixin.py:188} INFO - [2024-10-11T02:13:28.927+0000] {dag.py:3947} INFO - Setting next_dagrun for api_dag to 2024-10-11 00:00:00+00:00, run_after=2024-10-12 00:00:00+00:00
[2024-10-11T02:13:29.568+0000] {processor.py:183} INFO - Processing /opt/airflow/dags/api_dag.py took 2.109 seconds
[2024-10-11T02:14:01.197+0000] {processor.py:161} INFO - Started process (PID=9752) to work on /opt/airflow/dags/api_dag.py
[2024-10-11T02:14:01.216+0000] {processor.py:830} INFO - Processing file /opt/airflow/dags/api_dag.py for tasks to queue
[2024-10-11T02:14:01.247+0000] {logging_mixin.py:188} INFO - [2024-10-11T02:14:01.246+0000] {dagbag.py:545} INFO - Filling up the DagBag from /opt/airflow/dags/api_dag.py
[2024-10-11T02:14:01.697+0000] {processor.py:840} INFO - DAG(s) 'api_dag' retrieved from /opt/airflow/dags/api_dag.py
[2024-10-11T02:14:02.175+0000] {logging_mixin.py:188} INFO - [2024-10-11T02:14:02.167+0000] {dag.py:3089} INFO - Sync 1 DAGs
[2024-10-11T02:14:02.565+0000] {logging_mixin.py:188} INFO - [2024-10-11T02:14:02.546+0000] {dag.py:3947} INFO - Setting next_dagrun for api_dag to 2024-10-11 00:00:00+00:00, run_after=2024-10-12 00:00:00+00:00
[2024-10-11T02:14:02.996+0000] {processor.py:183} INFO - Processing /opt/airflow/dags/api_dag.py took 1.929 seconds
[2024-10-11T02:14:34.576+0000] {processor.py:161} INFO - Started process (PID=9787) to work on /opt/airflow/dags/api_dag.py
[2024-10-11T02:14:34.595+0000] {processor.py:830} INFO - Processing file /opt/airflow/dags/api_dag.py for tasks to queue
[2024-10-11T02:14:34.646+0000] {logging_mixin.py:188} INFO - [2024-10-11T02:14:34.626+0000] {dagbag.py:545} INFO - Filling up the DagBag from /opt/airflow/dags/api_dag.py
[2024-10-11T02:14:35.276+0000] {processor.py:840} INFO - DAG(s) 'api_dag' retrieved from /opt/airflow/dags/api_dag.py
[2024-10-11T02:14:35.786+0000] {logging_mixin.py:188} INFO - [2024-10-11T02:14:35.776+0000] {dag.py:3089} INFO - Sync 1 DAGs
[2024-10-11T02:14:36.335+0000] {logging_mixin.py:188} INFO - [2024-10-11T02:14:36.326+0000] {dag.py:3947} INFO - Setting next_dagrun for api_dag to 2024-10-11 00:00:00+00:00, run_after=2024-10-12 00:00:00+00:00
[2024-10-11T02:14:36.795+0000] {processor.py:183} INFO - Processing /opt/airflow/dags/api_dag.py took 2.498 seconds
[2024-10-11T02:15:08.555+0000] {processor.py:161} INFO - Started process (PID=9815) to work on /opt/airflow/dags/api_dag.py
[2024-10-11T02:15:08.575+0000] {processor.py:830} INFO - Processing file /opt/airflow/dags/api_dag.py for tasks to queue
[2024-10-11T02:15:08.614+0000] {logging_mixin.py:188} INFO - [2024-10-11T02:15:08.605+0000] {dagbag.py:545} INFO - Filling up the DagBag from /opt/airflow/dags/api_dag.py
[2024-10-11T02:15:09.016+0000] {processor.py:840} INFO - DAG(s) 'api_dag' retrieved from /opt/airflow/dags/api_dag.py
[2024-10-11T02:15:09.735+0000] {logging_mixin.py:188} INFO - [2024-10-11T02:15:09.716+0000] {dag.py:3089} INFO - Sync 1 DAGs
[2024-10-11T02:15:10.975+0000] {logging_mixin.py:188} INFO - [2024-10-11T02:15:10.974+0000] {dag.py:3947} INFO - Setting next_dagrun for api_dag to 2024-10-11 00:00:00+00:00, run_after=2024-10-12 00:00:00+00:00
[2024-10-11T02:15:11.596+0000] {processor.py:183} INFO - Processing /opt/airflow/dags/api_dag.py took 3.161 seconds
[2024-10-11T02:15:46.179+0000] {processor.py:161} INFO - Started process (PID=9853) to work on /opt/airflow/dags/api_dag.py
[2024-10-11T02:15:46.208+0000] {processor.py:830} INFO - Processing file /opt/airflow/dags/api_dag.py for tasks to queue
[2024-10-11T02:15:46.248+0000] {logging_mixin.py:188} INFO - [2024-10-11T02:15:46.239+0000] {dagbag.py:545} INFO - Filling up the DagBag from /opt/airflow/dags/api_dag.py
[2024-10-11T02:15:46.679+0000] {processor.py:840} INFO - DAG(s) 'api_dag' retrieved from /opt/airflow/dags/api_dag.py
[2024-10-11T02:15:47.488+0000] {logging_mixin.py:188} INFO - [2024-10-11T02:15:47.470+0000] {dag.py:3089} INFO - Sync 1 DAGs
[2024-10-11T02:15:48.629+0000] {logging_mixin.py:188} INFO - [2024-10-11T02:15:48.599+0000] {dag.py:3947} INFO - Setting next_dagrun for api_dag to 2024-10-11 00:00:00+00:00, run_after=2024-10-12 00:00:00+00:00
[2024-10-11T02:15:49.329+0000] {processor.py:183} INFO - Processing /opt/airflow/dags/api_dag.py took 3.280 seconds
[2024-10-11T02:16:21.737+0000] {processor.py:161} INFO - Started process (PID=9884) to work on /opt/airflow/dags/api_dag.py
[2024-10-11T02:16:21.778+0000] {processor.py:830} INFO - Processing file /opt/airflow/dags/api_dag.py for tasks to queue
[2024-10-11T02:16:21.937+0000] {logging_mixin.py:188} INFO - [2024-10-11T02:16:21.887+0000] {dagbag.py:545} INFO - Filling up the DagBag from /opt/airflow/dags/api_dag.py
[2024-10-11T02:16:23.086+0000] {processor.py:840} INFO - DAG(s) 'api_dag' retrieved from /opt/airflow/dags/api_dag.py
[2024-10-11T02:16:25.127+0000] {logging_mixin.py:188} INFO - [2024-10-11T02:16:25.097+0000] {dag.py:3089} INFO - Sync 1 DAGs
[2024-10-11T02:16:26.867+0000] {logging_mixin.py:188} INFO - [2024-10-11T02:16:26.866+0000] {dag.py:3947} INFO - Setting next_dagrun for api_dag to 2024-10-11 00:00:00+00:00, run_after=2024-10-12 00:00:00+00:00
[2024-10-11T02:16:28.946+0000] {processor.py:183} INFO - Processing /opt/airflow/dags/api_dag.py took 7.421 seconds
[2024-10-11T02:17:07.248+0000] {processor.py:161} INFO - Started process (PID=9923) to work on /opt/airflow/dags/api_dag.py
[2024-10-11T02:17:07.278+0000] {processor.py:830} INFO - Processing file /opt/airflow/dags/api_dag.py for tasks to queue
[2024-10-11T02:17:07.359+0000] {logging_mixin.py:188} INFO - [2024-10-11T02:17:07.349+0000] {dagbag.py:545} INFO - Filling up the DagBag from /opt/airflow/dags/api_dag.py
[2024-10-11T02:17:08.409+0000] {processor.py:840} INFO - DAG(s) 'api_dag' retrieved from /opt/airflow/dags/api_dag.py
[2024-10-11T02:17:09.778+0000] {logging_mixin.py:188} INFO - [2024-10-11T02:17:09.729+0000] {dag.py:3089} INFO - Sync 1 DAGs
[2024-10-11T02:17:11.169+0000] {logging_mixin.py:188} INFO - [2024-10-11T02:17:11.169+0000] {dag.py:3947} INFO - Setting next_dagrun for api_dag to 2024-10-11 00:00:00+00:00, run_after=2024-10-12 00:00:00+00:00
[2024-10-11T02:17:12.379+0000] {processor.py:183} INFO - Processing /opt/airflow/dags/api_dag.py took 5.680 seconds
[2024-10-11T02:17:45.023+0000] {processor.py:161} INFO - Started process (PID=9956) to work on /opt/airflow/dags/api_dag.py
[2024-10-11T02:17:45.083+0000] {processor.py:830} INFO - Processing file /opt/airflow/dags/api_dag.py for tasks to queue
[2024-10-11T02:17:45.182+0000] {logging_mixin.py:188} INFO - [2024-10-11T02:17:45.162+0000] {dagbag.py:545} INFO - Filling up the DagBag from /opt/airflow/dags/api_dag.py
[2024-10-11T02:17:47.872+0000] {processor.py:840} INFO - DAG(s) 'api_dag' retrieved from /opt/airflow/dags/api_dag.py
[2024-10-11T02:17:49.683+0000] {logging_mixin.py:188} INFO - [2024-10-11T02:17:49.643+0000] {dag.py:3089} INFO - Sync 1 DAGs
[2024-10-11T02:17:52.542+0000] {logging_mixin.py:188} INFO - [2024-10-11T02:17:52.512+0000] {dag.py:3947} INFO - Setting next_dagrun for api_dag to 2024-10-11 00:00:00+00:00, run_after=2024-10-12 00:00:00+00:00
[2024-10-11T02:17:54.552+0000] {processor.py:183} INFO - Processing /opt/airflow/dags/api_dag.py took 9.711 seconds
[2024-10-11T02:18:32.394+0000] {processor.py:161} INFO - Started process (PID=9987) to work on /opt/airflow/dags/api_dag.py
[2024-10-11T02:18:32.484+0000] {processor.py:830} INFO - Processing file /opt/airflow/dags/api_dag.py for tasks to queue
[2024-10-11T02:18:32.824+0000] {logging_mixin.py:188} INFO - [2024-10-11T02:18:32.734+0000] {dagbag.py:545} INFO - Filling up the DagBag from /opt/airflow/dags/api_dag.py
[2024-10-11T02:18:35.624+0000] {processor.py:840} INFO - DAG(s) 'api_dag' retrieved from /opt/airflow/dags/api_dag.py
[2024-10-11T02:18:37.964+0000] {logging_mixin.py:188} INFO - [2024-10-11T02:18:37.944+0000] {dag.py:3089} INFO - Sync 1 DAGs
[2024-10-11T02:18:40.273+0000] {logging_mixin.py:188} INFO - [2024-10-11T02:18:40.253+0000] {dag.py:3947} INFO - Setting next_dagrun for api_dag to 2024-10-11 00:00:00+00:00, run_after=2024-10-12 00:00:00+00:00
[2024-10-11T02:18:41.504+0000] {processor.py:183} INFO - Processing /opt/airflow/dags/api_dag.py took 10.030 seconds
[2024-10-11T02:19:26.230+0000] {processor.py:161} INFO - Started process (PID=10020) to work on /opt/airflow/dags/api_dag.py
[2024-10-11T02:19:26.471+0000] {processor.py:830} INFO - Processing file /opt/airflow/dags/api_dag.py for tasks to queue
[2024-10-11T02:19:26.700+0000] {logging_mixin.py:188} INFO - [2024-10-11T02:19:26.620+0000] {dagbag.py:545} INFO - Filling up the DagBag from /opt/airflow/dags/api_dag.py
[2024-10-11T02:19:34.659+0000] {processor.py:840} INFO - DAG(s) 'api_dag' retrieved from /opt/airflow/dags/api_dag.py
[2024-10-11T02:19:39.209+0000] {logging_mixin.py:188} INFO - [2024-10-11T02:19:39.109+0000] {dag.py:3089} INFO - Sync 1 DAGs
[2024-10-11T02:19:44.539+0000] {logging_mixin.py:188} INFO - [2024-10-11T02:19:44.459+0000] {dag.py:3947} INFO - Setting next_dagrun for api_dag to 2024-10-11 00:00:00+00:00, run_after=2024-10-12 00:00:00+00:00
[2024-10-11T02:19:50.149+0000] {processor.py:183} INFO - Processing /opt/airflow/dags/api_dag.py took 25.649 seconds
[2024-10-11T02:20:28.256+0000] {processor.py:161} INFO - Started process (PID=10061) to work on /opt/airflow/dags/api_dag.py
[2024-10-11T02:20:28.396+0000] {processor.py:830} INFO - Processing file /opt/airflow/dags/api_dag.py for tasks to queue
[2024-10-11T02:20:28.551+0000] {logging_mixin.py:188} INFO - [2024-10-11T02:20:28.451+0000] {dagbag.py:545} INFO - Filling up the DagBag from /opt/airflow/dags/api_dag.py
[2024-10-11T02:20:32.791+0000] {processor.py:840} INFO - DAG(s) 'api_dag' retrieved from /opt/airflow/dags/api_dag.py
[2024-10-11T02:20:37.011+0000] {logging_mixin.py:188} INFO - [2024-10-11T02:20:36.971+0000] {dag.py:3089} INFO - Sync 1 DAGs
[2024-10-11T02:20:40.891+0000] {logging_mixin.py:188} INFO - [2024-10-11T02:20:40.851+0000] {dag.py:3947} INFO - Setting next_dagrun for api_dag to 2024-10-11 00:00:00+00:00, run_after=2024-10-12 00:00:00+00:00
[2024-10-11T02:20:44.291+0000] {processor.py:183} INFO - Processing /opt/airflow/dags/api_dag.py took 17.050 seconds
[2024-10-11T02:21:21.900+0000] {processor.py:161} INFO - Started process (PID=10091) to work on /opt/airflow/dags/api_dag.py
[2024-10-11T02:21:22.310+0000] {processor.py:830} INFO - Processing file /opt/airflow/dags/api_dag.py for tasks to queue
[2024-10-11T02:21:22.950+0000] {logging_mixin.py:188} INFO - [2024-10-11T02:21:22.650+0000] {dagbag.py:545} INFO - Filling up the DagBag from /opt/airflow/dags/api_dag.py
[2024-10-11T02:21:26.659+0000] {processor.py:840} INFO - DAG(s) 'api_dag' retrieved from /opt/airflow/dags/api_dag.py
[2024-10-11T02:21:32.628+0000] {logging_mixin.py:188} INFO - [2024-10-11T02:21:32.617+0000] {dag.py:3089} INFO - Sync 1 DAGs
[2024-10-11T02:21:41.277+0000] {logging_mixin.py:188} INFO - [2024-10-11T02:21:41.187+0000] {dag.py:3947} INFO - Setting next_dagrun for api_dag to 2024-10-11 00:00:00+00:00, run_after=2024-10-12 00:00:00+00:00
[2024-10-11T02:21:47.587+0000] {processor.py:183} INFO - Processing /opt/airflow/dags/api_dag.py took 27.190 seconds
[2024-10-11T02:22:29.980+0000] {processor.py:161} INFO - Started process (PID=10130) to work on /opt/airflow/dags/api_dag.py
[2024-10-11T02:22:30.660+0000] {processor.py:830} INFO - Processing file /opt/airflow/dags/api_dag.py for tasks to queue
[2024-10-11T02:22:31.930+0000] {logging_mixin.py:188} INFO - [2024-10-11T02:22:31.240+0000] {dagbag.py:545} INFO - Filling up the DagBag from /opt/airflow/dags/api_dag.py
[2024-10-11T02:22:39.670+0000] {processor.py:840} INFO - DAG(s) 'api_dag' retrieved from /opt/airflow/dags/api_dag.py
[2024-10-11T02:22:53.330+0000] {logging_mixin.py:188} INFO - [2024-10-11T02:22:53.270+0000] {dag.py:3089} INFO - Sync 1 DAGs
