[2024-10-11T01:40:23.695+0000] {processor.py:161} INFO - Started process (PID=7726) to work on /opt/airflow/dags/oracle_dag.py
[2024-10-11T01:40:23.752+0000] {processor.py:830} INFO - Processing file /opt/airflow/dags/oracle_dag.py for tasks to queue
[2024-10-11T01:40:23.799+0000] {logging_mixin.py:188} INFO - [2024-10-11T01:40:23.798+0000] {dagbag.py:545} INFO - Filling up the DagBag from /opt/airflow/dags/oracle_dag.py
[2024-10-11T01:40:27.754+0000] {processor.py:840} INFO - DAG(s) 'import_excel_to_oracle' retrieved from /opt/airflow/dags/oracle_dag.py
[2024-10-11T01:40:27.854+0000] {logging_mixin.py:188} INFO - [2024-10-11T01:40:27.853+0000] {dag.py:3089} INFO - Sync 1 DAGs
[2024-10-11T01:40:27.957+0000] {logging_mixin.py:188} INFO - [2024-10-11T01:40:27.957+0000] {dag.py:3947} INFO - Setting next_dagrun for import_excel_to_oracle to None, run_after=None
[2024-10-11T01:40:28.152+0000] {processor.py:183} INFO - Processing /opt/airflow/dags/oracle_dag.py took 4.506 seconds
[2024-10-11T01:40:58.655+0000] {processor.py:161} INFO - Started process (PID=7771) to work on /opt/airflow/dags/oracle_dag.py
[2024-10-11T01:40:58.662+0000] {processor.py:830} INFO - Processing file /opt/airflow/dags/oracle_dag.py for tasks to queue
[2024-10-11T01:40:58.667+0000] {logging_mixin.py:188} INFO - [2024-10-11T01:40:58.666+0000] {dagbag.py:545} INFO - Filling up the DagBag from /opt/airflow/dags/oracle_dag.py
[2024-10-11T01:41:00.806+0000] {processor.py:840} INFO - DAG(s) 'import_excel_to_oracle' retrieved from /opt/airflow/dags/oracle_dag.py
[2024-10-11T01:41:00.891+0000] {logging_mixin.py:188} INFO - [2024-10-11T01:41:00.890+0000] {dag.py:3089} INFO - Sync 1 DAGs
[2024-10-11T01:41:00.929+0000] {logging_mixin.py:188} INFO - [2024-10-11T01:41:00.928+0000] {dag.py:3947} INFO - Setting next_dagrun for import_excel_to_oracle to None, run_after=None
[2024-10-11T01:41:00.995+0000] {processor.py:183} INFO - Processing /opt/airflow/dags/oracle_dag.py took 2.369 seconds
[2024-10-11T01:41:31.337+0000] {processor.py:161} INFO - Started process (PID=7804) to work on /opt/airflow/dags/oracle_dag.py
[2024-10-11T01:41:31.340+0000] {processor.py:830} INFO - Processing file /opt/airflow/dags/oracle_dag.py for tasks to queue
[2024-10-11T01:41:31.345+0000] {logging_mixin.py:188} INFO - [2024-10-11T01:41:31.344+0000] {dagbag.py:545} INFO - Filling up the DagBag from /opt/airflow/dags/oracle_dag.py
[2024-10-11T01:41:32.672+0000] {processor.py:840} INFO - DAG(s) 'import_excel_to_oracle' retrieved from /opt/airflow/dags/oracle_dag.py
[2024-10-11T01:41:32.723+0000] {logging_mixin.py:188} INFO - [2024-10-11T01:41:32.722+0000] {dag.py:3089} INFO - Sync 1 DAGs
[2024-10-11T01:41:32.748+0000] {logging_mixin.py:188} INFO - [2024-10-11T01:41:32.748+0000] {dag.py:3947} INFO - Setting next_dagrun for import_excel_to_oracle to None, run_after=None
[2024-10-11T01:41:32.804+0000] {processor.py:183} INFO - Processing /opt/airflow/dags/oracle_dag.py took 1.484 seconds
[2024-10-11T01:42:03.518+0000] {processor.py:161} INFO - Started process (PID=7839) to work on /opt/airflow/dags/oracle_dag.py
[2024-10-11T01:42:03.522+0000] {processor.py:830} INFO - Processing file /opt/airflow/dags/oracle_dag.py for tasks to queue
[2024-10-11T01:42:03.528+0000] {logging_mixin.py:188} INFO - [2024-10-11T01:42:03.527+0000] {dagbag.py:545} INFO - Filling up the DagBag from /opt/airflow/dags/oracle_dag.py
[2024-10-11T01:42:05.439+0000] {processor.py:840} INFO - DAG(s) 'import_excel_to_oracle' retrieved from /opt/airflow/dags/oracle_dag.py
[2024-10-11T01:42:05.504+0000] {logging_mixin.py:188} INFO - [2024-10-11T01:42:05.503+0000] {dag.py:3089} INFO - Sync 1 DAGs
[2024-10-11T01:42:05.542+0000] {logging_mixin.py:188} INFO - [2024-10-11T01:42:05.541+0000] {dag.py:3947} INFO - Setting next_dagrun for import_excel_to_oracle to None, run_after=None
[2024-10-11T01:42:05.609+0000] {processor.py:183} INFO - Processing /opt/airflow/dags/oracle_dag.py took 2.110 seconds
[2024-10-11T01:42:36.236+0000] {processor.py:161} INFO - Started process (PID=7868) to work on /opt/airflow/dags/oracle_dag.py
[2024-10-11T01:42:36.242+0000] {processor.py:830} INFO - Processing file /opt/airflow/dags/oracle_dag.py for tasks to queue
[2024-10-11T01:42:36.248+0000] {logging_mixin.py:188} INFO - [2024-10-11T01:42:36.247+0000] {dagbag.py:545} INFO - Filling up the DagBag from /opt/airflow/dags/oracle_dag.py
[2024-10-11T01:42:38.903+0000] {processor.py:840} INFO - DAG(s) 'import_excel_to_oracle' retrieved from /opt/airflow/dags/oracle_dag.py
[2024-10-11T01:42:38.968+0000] {logging_mixin.py:188} INFO - [2024-10-11T01:42:38.967+0000] {dag.py:3089} INFO - Sync 1 DAGs
[2024-10-11T01:42:39.013+0000] {logging_mixin.py:188} INFO - [2024-10-11T01:42:39.012+0000] {dag.py:3947} INFO - Setting next_dagrun for import_excel_to_oracle to None, run_after=None
[2024-10-11T01:42:39.087+0000] {processor.py:183} INFO - Processing /opt/airflow/dags/oracle_dag.py took 2.871 seconds
[2024-10-11T01:43:09.325+0000] {processor.py:161} INFO - Started process (PID=7903) to work on /opt/airflow/dags/oracle_dag.py
[2024-10-11T01:43:09.329+0000] {processor.py:830} INFO - Processing file /opt/airflow/dags/oracle_dag.py for tasks to queue
[2024-10-11T01:43:09.334+0000] {logging_mixin.py:188} INFO - [2024-10-11T01:43:09.334+0000] {dagbag.py:545} INFO - Filling up the DagBag from /opt/airflow/dags/oracle_dag.py
[2024-10-11T01:43:11.206+0000] {processor.py:840} INFO - DAG(s) 'import_excel_to_oracle' retrieved from /opt/airflow/dags/oracle_dag.py
[2024-10-11T01:43:11.257+0000] {logging_mixin.py:188} INFO - [2024-10-11T01:43:11.256+0000] {dag.py:3089} INFO - Sync 1 DAGs
[2024-10-11T01:43:11.291+0000] {logging_mixin.py:188} INFO - [2024-10-11T01:43:11.290+0000] {dag.py:3947} INFO - Setting next_dagrun for import_excel_to_oracle to None, run_after=None
[2024-10-11T01:43:11.347+0000] {processor.py:183} INFO - Processing /opt/airflow/dags/oracle_dag.py took 2.040 seconds
[2024-10-11T01:43:41.881+0000] {processor.py:161} INFO - Started process (PID=7938) to work on /opt/airflow/dags/oracle_dag.py
[2024-10-11T01:43:41.885+0000] {processor.py:830} INFO - Processing file /opt/airflow/dags/oracle_dag.py for tasks to queue
[2024-10-11T01:43:41.892+0000] {logging_mixin.py:188} INFO - [2024-10-11T01:43:41.890+0000] {dagbag.py:545} INFO - Filling up the DagBag from /opt/airflow/dags/oracle_dag.py
[2024-10-11T01:43:44.043+0000] {processor.py:840} INFO - DAG(s) 'import_excel_to_oracle' retrieved from /opt/airflow/dags/oracle_dag.py
[2024-10-11T01:43:44.153+0000] {logging_mixin.py:188} INFO - [2024-10-11T01:43:44.152+0000] {dag.py:3089} INFO - Sync 1 DAGs
[2024-10-11T01:43:44.228+0000] {logging_mixin.py:188} INFO - [2024-10-11T01:43:44.227+0000] {dag.py:3947} INFO - Setting next_dagrun for import_excel_to_oracle to None, run_after=None
[2024-10-11T01:43:44.360+0000] {processor.py:183} INFO - Processing /opt/airflow/dags/oracle_dag.py took 2.506 seconds
[2024-10-11T01:44:15.113+0000] {processor.py:161} INFO - Started process (PID=7966) to work on /opt/airflow/dags/oracle_dag.py
[2024-10-11T01:44:15.120+0000] {processor.py:830} INFO - Processing file /opt/airflow/dags/oracle_dag.py for tasks to queue
[2024-10-11T01:44:15.128+0000] {logging_mixin.py:188} INFO - [2024-10-11T01:44:15.127+0000] {dagbag.py:545} INFO - Filling up the DagBag from /opt/airflow/dags/oracle_dag.py
[2024-10-11T01:44:16.929+0000] {processor.py:840} INFO - DAG(s) 'import_excel_to_oracle' retrieved from /opt/airflow/dags/oracle_dag.py
[2024-10-11T01:44:16.985+0000] {logging_mixin.py:188} INFO - [2024-10-11T01:44:16.984+0000] {dag.py:3089} INFO - Sync 1 DAGs
[2024-10-11T01:44:17.015+0000] {logging_mixin.py:188} INFO - [2024-10-11T01:44:17.014+0000] {dag.py:3947} INFO - Setting next_dagrun for import_excel_to_oracle to None, run_after=None
[2024-10-11T01:44:17.068+0000] {processor.py:183} INFO - Processing /opt/airflow/dags/oracle_dag.py took 1.977 seconds
[2024-10-11T01:44:47.344+0000] {processor.py:161} INFO - Started process (PID=8001) to work on /opt/airflow/dags/oracle_dag.py
[2024-10-11T01:44:47.348+0000] {processor.py:830} INFO - Processing file /opt/airflow/dags/oracle_dag.py for tasks to queue
[2024-10-11T01:44:47.354+0000] {logging_mixin.py:188} INFO - [2024-10-11T01:44:47.354+0000] {dagbag.py:545} INFO - Filling up the DagBag from /opt/airflow/dags/oracle_dag.py
[2024-10-11T01:44:49.457+0000] {processor.py:840} INFO - DAG(s) 'import_excel_to_oracle' retrieved from /opt/airflow/dags/oracle_dag.py
[2024-10-11T01:44:49.525+0000] {logging_mixin.py:188} INFO - [2024-10-11T01:44:49.524+0000] {dag.py:3089} INFO - Sync 1 DAGs
[2024-10-11T01:44:49.586+0000] {logging_mixin.py:188} INFO - [2024-10-11T01:44:49.585+0000] {dag.py:3947} INFO - Setting next_dagrun for import_excel_to_oracle to None, run_after=None
[2024-10-11T01:44:49.664+0000] {processor.py:183} INFO - Processing /opt/airflow/dags/oracle_dag.py took 2.344 seconds
[2024-10-11T01:45:20.308+0000] {processor.py:161} INFO - Started process (PID=8029) to work on /opt/airflow/dags/oracle_dag.py
[2024-10-11T01:45:20.310+0000] {processor.py:830} INFO - Processing file /opt/airflow/dags/oracle_dag.py for tasks to queue
[2024-10-11T01:45:20.315+0000] {logging_mixin.py:188} INFO - [2024-10-11T01:45:20.314+0000] {dagbag.py:545} INFO - Filling up the DagBag from /opt/airflow/dags/oracle_dag.py
[2024-10-11T01:45:22.221+0000] {processor.py:840} INFO - DAG(s) 'import_excel_to_oracle' retrieved from /opt/airflow/dags/oracle_dag.py
[2024-10-11T01:45:22.294+0000] {logging_mixin.py:188} INFO - [2024-10-11T01:45:22.291+0000] {dag.py:3089} INFO - Sync 1 DAGs
[2024-10-11T01:45:22.340+0000] {logging_mixin.py:188} INFO - [2024-10-11T01:45:22.338+0000] {dag.py:3947} INFO - Setting next_dagrun for import_excel_to_oracle to None, run_after=None
[2024-10-11T01:45:22.410+0000] {processor.py:183} INFO - Processing /opt/airflow/dags/oracle_dag.py took 2.127 seconds
[2024-10-11T01:45:53.304+0000] {processor.py:161} INFO - Started process (PID=8065) to work on /opt/airflow/dags/oracle_dag.py
[2024-10-11T01:45:53.309+0000] {processor.py:830} INFO - Processing file /opt/airflow/dags/oracle_dag.py for tasks to queue
[2024-10-11T01:45:53.319+0000] {logging_mixin.py:188} INFO - [2024-10-11T01:45:53.318+0000] {dagbag.py:545} INFO - Filling up the DagBag from /opt/airflow/dags/oracle_dag.py
[2024-10-11T01:45:55.692+0000] {processor.py:840} INFO - DAG(s) 'import_excel_to_oracle' retrieved from /opt/airflow/dags/oracle_dag.py
[2024-10-11T01:45:55.761+0000] {logging_mixin.py:188} INFO - [2024-10-11T01:45:55.760+0000] {dag.py:3089} INFO - Sync 1 DAGs
[2024-10-11T01:45:55.798+0000] {logging_mixin.py:188} INFO - [2024-10-11T01:45:55.797+0000] {dag.py:3947} INFO - Setting next_dagrun for import_excel_to_oracle to None, run_after=None
[2024-10-11T01:45:55.865+0000] {processor.py:183} INFO - Processing /opt/airflow/dags/oracle_dag.py took 2.592 seconds
[2024-10-11T01:46:27.014+0000] {processor.py:161} INFO - Started process (PID=8101) to work on /opt/airflow/dags/oracle_dag.py
[2024-10-11T01:46:27.017+0000] {processor.py:830} INFO - Processing file /opt/airflow/dags/oracle_dag.py for tasks to queue
[2024-10-11T01:46:27.027+0000] {logging_mixin.py:188} INFO - [2024-10-11T01:46:27.026+0000] {dagbag.py:545} INFO - Filling up the DagBag from /opt/airflow/dags/oracle_dag.py
[2024-10-11T01:46:29.557+0000] {processor.py:840} INFO - DAG(s) 'import_excel_to_oracle' retrieved from /opt/airflow/dags/oracle_dag.py
[2024-10-11T01:46:29.659+0000] {logging_mixin.py:188} INFO - [2024-10-11T01:46:29.658+0000] {dag.py:3089} INFO - Sync 1 DAGs
[2024-10-11T01:46:29.711+0000] {logging_mixin.py:188} INFO - [2024-10-11T01:46:29.704+0000] {dag.py:3947} INFO - Setting next_dagrun for import_excel_to_oracle to None, run_after=None
[2024-10-11T01:46:29.798+0000] {processor.py:183} INFO - Processing /opt/airflow/dags/oracle_dag.py took 2.812 seconds
[2024-10-11T01:47:00.570+0000] {processor.py:161} INFO - Started process (PID=8129) to work on /opt/airflow/dags/oracle_dag.py
[2024-10-11T01:47:00.573+0000] {processor.py:830} INFO - Processing file /opt/airflow/dags/oracle_dag.py for tasks to queue
[2024-10-11T01:47:00.584+0000] {logging_mixin.py:188} INFO - [2024-10-11T01:47:00.584+0000] {dagbag.py:545} INFO - Filling up the DagBag from /opt/airflow/dags/oracle_dag.py
[2024-10-11T01:47:03.658+0000] {processor.py:840} INFO - DAG(s) 'import_excel_to_oracle' retrieved from /opt/airflow/dags/oracle_dag.py
[2024-10-11T01:47:03.743+0000] {logging_mixin.py:188} INFO - [2024-10-11T01:47:03.742+0000] {dag.py:3089} INFO - Sync 1 DAGs
[2024-10-11T01:47:03.800+0000] {logging_mixin.py:188} INFO - [2024-10-11T01:47:03.799+0000] {dag.py:3947} INFO - Setting next_dagrun for import_excel_to_oracle to None, run_after=None
[2024-10-11T01:47:03.887+0000] {processor.py:183} INFO - Processing /opt/airflow/dags/oracle_dag.py took 3.342 seconds
[2024-10-11T01:47:34.351+0000] {processor.py:161} INFO - Started process (PID=8165) to work on /opt/airflow/dags/oracle_dag.py
[2024-10-11T01:47:34.354+0000] {processor.py:830} INFO - Processing file /opt/airflow/dags/oracle_dag.py for tasks to queue
[2024-10-11T01:47:34.360+0000] {logging_mixin.py:188} INFO - [2024-10-11T01:47:34.359+0000] {dagbag.py:545} INFO - Filling up the DagBag from /opt/airflow/dags/oracle_dag.py
[2024-10-11T01:47:36.033+0000] {processor.py:840} INFO - DAG(s) 'import_excel_to_oracle' retrieved from /opt/airflow/dags/oracle_dag.py
[2024-10-11T01:47:36.089+0000] {logging_mixin.py:188} INFO - [2024-10-11T01:47:36.089+0000] {dag.py:3089} INFO - Sync 1 DAGs
[2024-10-11T01:47:36.131+0000] {logging_mixin.py:188} INFO - [2024-10-11T01:47:36.131+0000] {dag.py:3947} INFO - Setting next_dagrun for import_excel_to_oracle to None, run_after=None
[2024-10-11T01:47:36.202+0000] {processor.py:183} INFO - Processing /opt/airflow/dags/oracle_dag.py took 1.870 seconds
[2024-10-11T01:48:06.929+0000] {processor.py:161} INFO - Started process (PID=8200) to work on /opt/airflow/dags/oracle_dag.py
[2024-10-11T01:48:06.932+0000] {processor.py:830} INFO - Processing file /opt/airflow/dags/oracle_dag.py for tasks to queue
[2024-10-11T01:48:06.950+0000] {logging_mixin.py:188} INFO - [2024-10-11T01:48:06.949+0000] {dagbag.py:545} INFO - Filling up the DagBag from /opt/airflow/dags/oracle_dag.py
[2024-10-11T01:48:09.942+0000] {processor.py:840} INFO - DAG(s) 'import_excel_to_oracle' retrieved from /opt/airflow/dags/oracle_dag.py
[2024-10-11T01:48:10.030+0000] {logging_mixin.py:188} INFO - [2024-10-11T01:48:10.028+0000] {dag.py:3089} INFO - Sync 1 DAGs
[2024-10-11T01:48:10.078+0000] {logging_mixin.py:188} INFO - [2024-10-11T01:48:10.074+0000] {dag.py:3947} INFO - Setting next_dagrun for import_excel_to_oracle to None, run_after=None
[2024-10-11T01:48:10.160+0000] {processor.py:183} INFO - Processing /opt/airflow/dags/oracle_dag.py took 3.287 seconds
[2024-10-11T01:48:40.494+0000] {processor.py:161} INFO - Started process (PID=8243) to work on /opt/airflow/dags/oracle_dag.py
[2024-10-11T01:48:40.499+0000] {processor.py:830} INFO - Processing file /opt/airflow/dags/oracle_dag.py for tasks to queue
[2024-10-11T01:48:40.508+0000] {logging_mixin.py:188} INFO - [2024-10-11T01:48:40.507+0000] {dagbag.py:545} INFO - Filling up the DagBag from /opt/airflow/dags/oracle_dag.py
[2024-10-11T01:48:43.017+0000] {processor.py:840} INFO - DAG(s) 'import_excel_to_oracle' retrieved from /opt/airflow/dags/oracle_dag.py
[2024-10-11T01:48:43.147+0000] {logging_mixin.py:188} INFO - [2024-10-11T01:48:43.134+0000] {dag.py:3089} INFO - Sync 1 DAGs
[2024-10-11T01:48:43.194+0000] {logging_mixin.py:188} INFO - [2024-10-11T01:48:43.193+0000] {dag.py:3947} INFO - Setting next_dagrun for import_excel_to_oracle to None, run_after=None
[2024-10-11T01:48:43.305+0000] {processor.py:183} INFO - Processing /opt/airflow/dags/oracle_dag.py took 2.835 seconds
[2024-10-11T01:49:13.678+0000] {processor.py:161} INFO - Started process (PID=8279) to work on /opt/airflow/dags/oracle_dag.py
[2024-10-11T01:49:13.690+0000] {processor.py:830} INFO - Processing file /opt/airflow/dags/oracle_dag.py for tasks to queue
[2024-10-11T01:49:13.710+0000] {logging_mixin.py:188} INFO - [2024-10-11T01:49:13.698+0000] {dagbag.py:545} INFO - Filling up the DagBag from /opt/airflow/dags/oracle_dag.py
[2024-10-11T01:49:16.062+0000] {processor.py:840} INFO - DAG(s) 'import_excel_to_oracle' retrieved from /opt/airflow/dags/oracle_dag.py
[2024-10-11T01:49:16.170+0000] {logging_mixin.py:188} INFO - [2024-10-11T01:49:16.169+0000] {dag.py:3089} INFO - Sync 1 DAGs
[2024-10-11T01:49:16.232+0000] {logging_mixin.py:188} INFO - [2024-10-11T01:49:16.232+0000] {dag.py:3947} INFO - Setting next_dagrun for import_excel_to_oracle to None, run_after=None
[2024-10-11T01:49:16.319+0000] {processor.py:183} INFO - Processing /opt/airflow/dags/oracle_dag.py took 2.676 seconds
[2024-10-11T01:49:46.690+0000] {processor.py:161} INFO - Started process (PID=8315) to work on /opt/airflow/dags/oracle_dag.py
[2024-10-11T01:49:46.694+0000] {processor.py:830} INFO - Processing file /opt/airflow/dags/oracle_dag.py for tasks to queue
[2024-10-11T01:49:46.703+0000] {logging_mixin.py:188} INFO - [2024-10-11T01:49:46.701+0000] {dagbag.py:545} INFO - Filling up the DagBag from /opt/airflow/dags/oracle_dag.py
[2024-10-11T01:49:48.627+0000] {processor.py:840} INFO - DAG(s) 'import_excel_to_oracle' retrieved from /opt/airflow/dags/oracle_dag.py
[2024-10-11T01:49:48.682+0000] {logging_mixin.py:188} INFO - [2024-10-11T01:49:48.682+0000] {dag.py:3089} INFO - Sync 1 DAGs
[2024-10-11T01:49:48.725+0000] {logging_mixin.py:188} INFO - [2024-10-11T01:49:48.725+0000] {dag.py:3947} INFO - Setting next_dagrun for import_excel_to_oracle to None, run_after=None
[2024-10-11T01:49:48.784+0000] {processor.py:183} INFO - Processing /opt/airflow/dags/oracle_dag.py took 2.123 seconds
[2024-10-11T01:50:19.044+0000] {processor.py:161} INFO - Started process (PID=8343) to work on /opt/airflow/dags/oracle_dag.py
[2024-10-11T01:50:19.046+0000] {processor.py:830} INFO - Processing file /opt/airflow/dags/oracle_dag.py for tasks to queue
[2024-10-11T01:50:19.053+0000] {logging_mixin.py:188} INFO - [2024-10-11T01:50:19.052+0000] {dagbag.py:545} INFO - Filling up the DagBag from /opt/airflow/dags/oracle_dag.py
[2024-10-11T01:50:20.874+0000] {processor.py:840} INFO - DAG(s) 'import_excel_to_oracle' retrieved from /opt/airflow/dags/oracle_dag.py
[2024-10-11T01:50:20.945+0000] {logging_mixin.py:188} INFO - [2024-10-11T01:50:20.944+0000] {dag.py:3089} INFO - Sync 1 DAGs
[2024-10-11T01:50:20.993+0000] {logging_mixin.py:188} INFO - [2024-10-11T01:50:20.992+0000] {dag.py:3947} INFO - Setting next_dagrun for import_excel_to_oracle to None, run_after=None
[2024-10-11T01:50:21.121+0000] {processor.py:183} INFO - Processing /opt/airflow/dags/oracle_dag.py took 2.099 seconds
[2024-10-11T01:50:51.716+0000] {processor.py:161} INFO - Started process (PID=8379) to work on /opt/airflow/dags/oracle_dag.py
[2024-10-11T01:50:51.719+0000] {processor.py:830} INFO - Processing file /opt/airflow/dags/oracle_dag.py for tasks to queue
[2024-10-11T01:50:51.727+0000] {logging_mixin.py:188} INFO - [2024-10-11T01:50:51.727+0000] {dagbag.py:545} INFO - Filling up the DagBag from /opt/airflow/dags/oracle_dag.py
[2024-10-11T01:50:53.863+0000] {processor.py:840} INFO - DAG(s) 'import_excel_to_oracle' retrieved from /opt/airflow/dags/oracle_dag.py
[2024-10-11T01:50:53.934+0000] {logging_mixin.py:188} INFO - [2024-10-11T01:50:53.933+0000] {dag.py:3089} INFO - Sync 1 DAGs
[2024-10-11T01:50:53.978+0000] {logging_mixin.py:188} INFO - [2024-10-11T01:50:53.977+0000] {dag.py:3947} INFO - Setting next_dagrun for import_excel_to_oracle to None, run_after=None
[2024-10-11T01:50:54.055+0000] {processor.py:183} INFO - Processing /opt/airflow/dags/oracle_dag.py took 2.363 seconds
[2024-10-11T01:51:24.527+0000] {processor.py:161} INFO - Started process (PID=8414) to work on /opt/airflow/dags/oracle_dag.py
[2024-10-11T01:51:24.531+0000] {processor.py:830} INFO - Processing file /opt/airflow/dags/oracle_dag.py for tasks to queue
[2024-10-11T01:51:24.540+0000] {logging_mixin.py:188} INFO - [2024-10-11T01:51:24.539+0000] {dagbag.py:545} INFO - Filling up the DagBag from /opt/airflow/dags/oracle_dag.py
[2024-10-11T01:51:26.557+0000] {processor.py:840} INFO - DAG(s) 'import_excel_to_oracle' retrieved from /opt/airflow/dags/oracle_dag.py
[2024-10-11T01:51:26.627+0000] {logging_mixin.py:188} INFO - [2024-10-11T01:51:26.626+0000] {dag.py:3089} INFO - Sync 1 DAGs
[2024-10-11T01:51:26.667+0000] {logging_mixin.py:188} INFO - [2024-10-11T01:51:26.666+0000] {dag.py:3947} INFO - Setting next_dagrun for import_excel_to_oracle to None, run_after=None
[2024-10-11T01:51:26.739+0000] {processor.py:183} INFO - Processing /opt/airflow/dags/oracle_dag.py took 2.241 seconds
[2024-10-11T01:51:57.022+0000] {processor.py:161} INFO - Started process (PID=8442) to work on /opt/airflow/dags/oracle_dag.py
[2024-10-11T01:51:57.028+0000] {processor.py:830} INFO - Processing file /opt/airflow/dags/oracle_dag.py for tasks to queue
[2024-10-11T01:51:57.033+0000] {logging_mixin.py:188} INFO - [2024-10-11T01:51:57.032+0000] {dagbag.py:545} INFO - Filling up the DagBag from /opt/airflow/dags/oracle_dag.py
[2024-10-11T01:51:58.899+0000] {processor.py:840} INFO - DAG(s) 'import_excel_to_oracle' retrieved from /opt/airflow/dags/oracle_dag.py
[2024-10-11T01:51:58.959+0000] {logging_mixin.py:188} INFO - [2024-10-11T01:51:58.958+0000] {dag.py:3089} INFO - Sync 1 DAGs
[2024-10-11T01:51:58.997+0000] {logging_mixin.py:188} INFO - [2024-10-11T01:51:58.997+0000] {dag.py:3947} INFO - Setting next_dagrun for import_excel_to_oracle to None, run_after=None
[2024-10-11T01:51:59.053+0000] {processor.py:183} INFO - Processing /opt/airflow/dags/oracle_dag.py took 2.053 seconds
[2024-10-11T01:52:29.320+0000] {processor.py:161} INFO - Started process (PID=8477) to work on /opt/airflow/dags/oracle_dag.py
[2024-10-11T01:52:29.322+0000] {processor.py:830} INFO - Processing file /opt/airflow/dags/oracle_dag.py for tasks to queue
[2024-10-11T01:52:29.331+0000] {logging_mixin.py:188} INFO - [2024-10-11T01:52:29.329+0000] {dagbag.py:545} INFO - Filling up the DagBag from /opt/airflow/dags/oracle_dag.py
[2024-10-11T01:52:31.624+0000] {processor.py:840} INFO - DAG(s) 'import_excel_to_oracle' retrieved from /opt/airflow/dags/oracle_dag.py
[2024-10-11T01:52:31.705+0000] {logging_mixin.py:188} INFO - [2024-10-11T01:52:31.703+0000] {dag.py:3089} INFO - Sync 1 DAGs
[2024-10-11T01:52:31.749+0000] {logging_mixin.py:188} INFO - [2024-10-11T01:52:31.748+0000] {dag.py:3947} INFO - Setting next_dagrun for import_excel_to_oracle to None, run_after=None
[2024-10-11T01:52:31.819+0000] {processor.py:183} INFO - Processing /opt/airflow/dags/oracle_dag.py took 2.524 seconds
[2024-10-11T01:53:02.561+0000] {processor.py:161} INFO - Started process (PID=8505) to work on /opt/airflow/dags/oracle_dag.py
[2024-10-11T01:53:02.565+0000] {processor.py:830} INFO - Processing file /opt/airflow/dags/oracle_dag.py for tasks to queue
[2024-10-11T01:53:02.575+0000] {logging_mixin.py:188} INFO - [2024-10-11T01:53:02.574+0000] {dagbag.py:545} INFO - Filling up the DagBag from /opt/airflow/dags/oracle_dag.py
[2024-10-11T01:53:05.455+0000] {processor.py:840} INFO - DAG(s) 'import_excel_to_oracle' retrieved from /opt/airflow/dags/oracle_dag.py
[2024-10-11T01:53:05.527+0000] {logging_mixin.py:188} INFO - [2024-10-11T01:53:05.526+0000] {dag.py:3089} INFO - Sync 1 DAGs
[2024-10-11T01:53:05.581+0000] {logging_mixin.py:188} INFO - [2024-10-11T01:53:05.577+0000] {dag.py:3947} INFO - Setting next_dagrun for import_excel_to_oracle to None, run_after=None
[2024-10-11T01:53:05.666+0000] {processor.py:183} INFO - Processing /opt/airflow/dags/oracle_dag.py took 3.133 seconds
[2024-10-11T01:53:36.254+0000] {processor.py:161} INFO - Started process (PID=8541) to work on /opt/airflow/dags/oracle_dag.py
[2024-10-11T01:53:36.256+0000] {processor.py:830} INFO - Processing file /opt/airflow/dags/oracle_dag.py for tasks to queue
[2024-10-11T01:53:36.266+0000] {logging_mixin.py:188} INFO - [2024-10-11T01:53:36.264+0000] {dagbag.py:545} INFO - Filling up the DagBag from /opt/airflow/dags/oracle_dag.py
[2024-10-11T01:53:38.277+0000] {processor.py:840} INFO - DAG(s) 'import_excel_to_oracle' retrieved from /opt/airflow/dags/oracle_dag.py
[2024-10-11T01:53:38.344+0000] {logging_mixin.py:188} INFO - [2024-10-11T01:53:38.343+0000] {dag.py:3089} INFO - Sync 1 DAGs
[2024-10-11T01:53:38.395+0000] {logging_mixin.py:188} INFO - [2024-10-11T01:53:38.394+0000] {dag.py:3947} INFO - Setting next_dagrun for import_excel_to_oracle to None, run_after=None
[2024-10-11T01:53:38.478+0000] {processor.py:183} INFO - Processing /opt/airflow/dags/oracle_dag.py took 2.254 seconds
[2024-10-11T01:54:08.899+0000] {processor.py:161} INFO - Started process (PID=8576) to work on /opt/airflow/dags/oracle_dag.py
[2024-10-11T01:54:08.905+0000] {processor.py:830} INFO - Processing file /opt/airflow/dags/oracle_dag.py for tasks to queue
[2024-10-11T01:54:08.914+0000] {logging_mixin.py:188} INFO - [2024-10-11T01:54:08.909+0000] {dagbag.py:545} INFO - Filling up the DagBag from /opt/airflow/dags/oracle_dag.py
[2024-10-11T01:54:11.117+0000] {processor.py:840} INFO - DAG(s) 'import_excel_to_oracle' retrieved from /opt/airflow/dags/oracle_dag.py
[2024-10-11T01:54:11.209+0000] {logging_mixin.py:188} INFO - [2024-10-11T01:54:11.207+0000] {dag.py:3089} INFO - Sync 1 DAGs
[2024-10-11T01:54:11.276+0000] {logging_mixin.py:188} INFO - [2024-10-11T01:54:11.275+0000] {dag.py:3947} INFO - Setting next_dagrun for import_excel_to_oracle to None, run_after=None
[2024-10-11T01:54:11.416+0000] {processor.py:183} INFO - Processing /opt/airflow/dags/oracle_dag.py took 2.541 seconds
[2024-10-11T01:54:41.801+0000] {processor.py:161} INFO - Started process (PID=8604) to work on /opt/airflow/dags/oracle_dag.py
[2024-10-11T01:54:41.807+0000] {processor.py:830} INFO - Processing file /opt/airflow/dags/oracle_dag.py for tasks to queue
[2024-10-11T01:54:41.817+0000] {logging_mixin.py:188} INFO - [2024-10-11T01:54:41.816+0000] {dagbag.py:545} INFO - Filling up the DagBag from /opt/airflow/dags/oracle_dag.py
[2024-10-11T01:54:43.957+0000] {processor.py:840} INFO - DAG(s) 'import_excel_to_oracle' retrieved from /opt/airflow/dags/oracle_dag.py
[2024-10-11T01:54:44.051+0000] {logging_mixin.py:188} INFO - [2024-10-11T01:54:44.050+0000] {dag.py:3089} INFO - Sync 1 DAGs
[2024-10-11T01:54:44.107+0000] {logging_mixin.py:188} INFO - [2024-10-11T01:54:44.106+0000] {dag.py:3947} INFO - Setting next_dagrun for import_excel_to_oracle to None, run_after=None
[2024-10-11T01:54:44.186+0000] {processor.py:183} INFO - Processing /opt/airflow/dags/oracle_dag.py took 2.415 seconds
[2024-10-11T01:55:14.690+0000] {processor.py:161} INFO - Started process (PID=8639) to work on /opt/airflow/dags/oracle_dag.py
[2024-10-11T01:55:14.694+0000] {processor.py:830} INFO - Processing file /opt/airflow/dags/oracle_dag.py for tasks to queue
[2024-10-11T01:55:14.710+0000] {logging_mixin.py:188} INFO - [2024-10-11T01:55:14.709+0000] {dagbag.py:545} INFO - Filling up the DagBag from /opt/airflow/dags/oracle_dag.py
[2024-10-11T01:55:17.063+0000] {processor.py:840} INFO - DAG(s) 'import_excel_to_oracle' retrieved from /opt/airflow/dags/oracle_dag.py
[2024-10-11T01:55:17.192+0000] {logging_mixin.py:188} INFO - [2024-10-11T01:55:17.190+0000] {dag.py:3089} INFO - Sync 1 DAGs
[2024-10-11T01:55:17.258+0000] {logging_mixin.py:188} INFO - [2024-10-11T01:55:17.253+0000] {dag.py:3947} INFO - Setting next_dagrun for import_excel_to_oracle to None, run_after=None
[2024-10-11T01:55:17.369+0000] {processor.py:183} INFO - Processing /opt/airflow/dags/oracle_dag.py took 2.710 seconds
[2024-10-11T01:55:48.051+0000] {processor.py:161} INFO - Started process (PID=8684) to work on /opt/airflow/dags/oracle_dag.py
[2024-10-11T01:55:48.053+0000] {processor.py:830} INFO - Processing file /opt/airflow/dags/oracle_dag.py for tasks to queue
[2024-10-11T01:55:48.062+0000] {logging_mixin.py:188} INFO - [2024-10-11T01:55:48.061+0000] {dagbag.py:545} INFO - Filling up the DagBag from /opt/airflow/dags/oracle_dag.py
[2024-10-11T01:55:50.451+0000] {processor.py:840} INFO - DAG(s) 'import_excel_to_oracle' retrieved from /opt/airflow/dags/oracle_dag.py
[2024-10-11T01:55:50.522+0000] {logging_mixin.py:188} INFO - [2024-10-11T01:55:50.521+0000] {dag.py:3089} INFO - Sync 1 DAGs
[2024-10-11T01:55:50.561+0000] {logging_mixin.py:188} INFO - [2024-10-11T01:55:50.561+0000] {dag.py:3947} INFO - Setting next_dagrun for import_excel_to_oracle to None, run_after=None
[2024-10-11T01:55:50.641+0000] {processor.py:183} INFO - Processing /opt/airflow/dags/oracle_dag.py took 2.616 seconds
[2024-10-11T01:56:21.694+0000] {processor.py:161} INFO - Started process (PID=8712) to work on /opt/airflow/dags/oracle_dag.py
[2024-10-11T01:56:21.701+0000] {processor.py:830} INFO - Processing file /opt/airflow/dags/oracle_dag.py for tasks to queue
[2024-10-11T01:56:21.709+0000] {logging_mixin.py:188} INFO - [2024-10-11T01:56:21.708+0000] {dagbag.py:545} INFO - Filling up the DagBag from /opt/airflow/dags/oracle_dag.py
[2024-10-11T01:56:24.039+0000] {processor.py:840} INFO - DAG(s) 'import_excel_to_oracle' retrieved from /opt/airflow/dags/oracle_dag.py
[2024-10-11T01:56:24.143+0000] {logging_mixin.py:188} INFO - [2024-10-11T01:56:24.141+0000] {dag.py:3089} INFO - Sync 1 DAGs
[2024-10-11T01:56:24.203+0000] {logging_mixin.py:188} INFO - [2024-10-11T01:56:24.202+0000] {dag.py:3947} INFO - Setting next_dagrun for import_excel_to_oracle to None, run_after=None
[2024-10-11T01:56:24.313+0000] {processor.py:183} INFO - Processing /opt/airflow/dags/oracle_dag.py took 2.664 seconds
[2024-10-11T01:56:54.812+0000] {processor.py:161} INFO - Started process (PID=8747) to work on /opt/airflow/dags/oracle_dag.py
[2024-10-11T01:56:54.815+0000] {processor.py:830} INFO - Processing file /opt/airflow/dags/oracle_dag.py for tasks to queue
[2024-10-11T01:56:54.823+0000] {logging_mixin.py:188} INFO - [2024-10-11T01:56:54.822+0000] {dagbag.py:545} INFO - Filling up the DagBag from /opt/airflow/dags/oracle_dag.py
[2024-10-11T01:56:57.325+0000] {processor.py:840} INFO - DAG(s) 'import_excel_to_oracle' retrieved from /opt/airflow/dags/oracle_dag.py
[2024-10-11T01:56:57.412+0000] {logging_mixin.py:188} INFO - [2024-10-11T01:56:57.411+0000] {dag.py:3089} INFO - Sync 1 DAGs
[2024-10-11T01:56:57.453+0000] {logging_mixin.py:188} INFO - [2024-10-11T01:56:57.453+0000] {dag.py:3947} INFO - Setting next_dagrun for import_excel_to_oracle to None, run_after=None
[2024-10-11T01:56:57.541+0000] {processor.py:183} INFO - Processing /opt/airflow/dags/oracle_dag.py took 2.758 seconds
[2024-10-11T01:57:28.057+0000] {processor.py:161} INFO - Started process (PID=8787) to work on /opt/airflow/dags/oracle_dag.py
[2024-10-11T01:57:28.064+0000] {processor.py:830} INFO - Processing file /opt/airflow/dags/oracle_dag.py for tasks to queue
[2024-10-11T01:57:28.069+0000] {logging_mixin.py:188} INFO - [2024-10-11T01:57:28.068+0000] {dagbag.py:545} INFO - Filling up the DagBag from /opt/airflow/dags/oracle_dag.py
[2024-10-11T01:57:30.547+0000] {processor.py:840} INFO - DAG(s) 'import_excel_to_oracle' retrieved from /opt/airflow/dags/oracle_dag.py
[2024-10-11T01:57:30.646+0000] {logging_mixin.py:188} INFO - [2024-10-11T01:57:30.645+0000] {dag.py:3089} INFO - Sync 1 DAGs
[2024-10-11T01:57:30.697+0000] {logging_mixin.py:188} INFO - [2024-10-11T01:57:30.696+0000] {dag.py:3947} INFO - Setting next_dagrun for import_excel_to_oracle to None, run_after=None
[2024-10-11T01:57:30.785+0000] {processor.py:183} INFO - Processing /opt/airflow/dags/oracle_dag.py took 2.756 seconds
[2024-10-11T01:58:01.082+0000] {processor.py:161} INFO - Started process (PID=8816) to work on /opt/airflow/dags/oracle_dag.py
[2024-10-11T01:58:01.088+0000] {processor.py:830} INFO - Processing file /opt/airflow/dags/oracle_dag.py for tasks to queue
[2024-10-11T01:58:01.092+0000] {logging_mixin.py:188} INFO - [2024-10-11T01:58:01.092+0000] {dagbag.py:545} INFO - Filling up the DagBag from /opt/airflow/dags/oracle_dag.py
[2024-10-11T01:58:04.107+0000] {processor.py:840} INFO - DAG(s) 'import_excel_to_oracle' retrieved from /opt/airflow/dags/oracle_dag.py
[2024-10-11T01:58:04.183+0000] {logging_mixin.py:188} INFO - [2024-10-11T01:58:04.182+0000] {dag.py:3089} INFO - Sync 1 DAGs
[2024-10-11T01:58:04.252+0000] {logging_mixin.py:188} INFO - [2024-10-11T01:58:04.251+0000] {dag.py:3947} INFO - Setting next_dagrun for import_excel_to_oracle to None, run_after=None
[2024-10-11T01:58:04.372+0000] {processor.py:183} INFO - Processing /opt/airflow/dags/oracle_dag.py took 3.330 seconds
[2024-10-11T01:58:34.929+0000] {processor.py:161} INFO - Started process (PID=8851) to work on /opt/airflow/dags/oracle_dag.py
[2024-10-11T01:58:34.936+0000] {processor.py:830} INFO - Processing file /opt/airflow/dags/oracle_dag.py for tasks to queue
[2024-10-11T01:58:34.945+0000] {logging_mixin.py:188} INFO - [2024-10-11T01:58:34.944+0000] {dagbag.py:545} INFO - Filling up the DagBag from /opt/airflow/dags/oracle_dag.py
[2024-10-11T01:58:37.738+0000] {processor.py:840} INFO - DAG(s) 'import_excel_to_oracle' retrieved from /opt/airflow/dags/oracle_dag.py
[2024-10-11T01:58:37.827+0000] {logging_mixin.py:188} INFO - [2024-10-11T01:58:37.825+0000] {dag.py:3089} INFO - Sync 1 DAGs
[2024-10-11T01:58:37.896+0000] {logging_mixin.py:188} INFO - [2024-10-11T01:58:37.895+0000] {dag.py:3947} INFO - Setting next_dagrun for import_excel_to_oracle to None, run_after=None
[2024-10-11T01:58:37.978+0000] {processor.py:183} INFO - Processing /opt/airflow/dags/oracle_dag.py took 3.081 seconds
[2024-10-11T01:59:08.498+0000] {processor.py:161} INFO - Started process (PID=8886) to work on /opt/airflow/dags/oracle_dag.py
[2024-10-11T01:59:08.505+0000] {processor.py:830} INFO - Processing file /opt/airflow/dags/oracle_dag.py for tasks to queue
[2024-10-11T01:59:08.518+0000] {logging_mixin.py:188} INFO - [2024-10-11T01:59:08.511+0000] {dagbag.py:545} INFO - Filling up the DagBag from /opt/airflow/dags/oracle_dag.py
[2024-10-11T01:59:12.101+0000] {processor.py:840} INFO - DAG(s) 'import_excel_to_oracle' retrieved from /opt/airflow/dags/oracle_dag.py
[2024-10-11T01:59:12.217+0000] {logging_mixin.py:188} INFO - [2024-10-11T01:59:12.211+0000] {dag.py:3089} INFO - Sync 1 DAGs
[2024-10-11T01:59:12.290+0000] {logging_mixin.py:188} INFO - [2024-10-11T01:59:12.290+0000] {dag.py:3947} INFO - Setting next_dagrun for import_excel_to_oracle to None, run_after=None
[2024-10-11T01:59:12.420+0000] {processor.py:183} INFO - Processing /opt/airflow/dags/oracle_dag.py took 3.951 seconds
[2024-10-11T01:59:42.910+0000] {processor.py:161} INFO - Started process (PID=8914) to work on /opt/airflow/dags/oracle_dag.py
[2024-10-11T01:59:42.912+0000] {processor.py:830} INFO - Processing file /opt/airflow/dags/oracle_dag.py for tasks to queue
[2024-10-11T01:59:42.930+0000] {logging_mixin.py:188} INFO - [2024-10-11T01:59:42.924+0000] {dagbag.py:545} INFO - Filling up the DagBag from /opt/airflow/dags/oracle_dag.py
[2024-10-11T01:59:45.612+0000] {processor.py:840} INFO - DAG(s) 'import_excel_to_oracle' retrieved from /opt/airflow/dags/oracle_dag.py
[2024-10-11T01:59:45.694+0000] {logging_mixin.py:188} INFO - [2024-10-11T01:59:45.693+0000] {dag.py:3089} INFO - Sync 1 DAGs
[2024-10-11T01:59:45.743+0000] {logging_mixin.py:188} INFO - [2024-10-11T01:59:45.742+0000] {dag.py:3947} INFO - Setting next_dagrun for import_excel_to_oracle to None, run_after=None
[2024-10-11T01:59:45.839+0000] {processor.py:183} INFO - Processing /opt/airflow/dags/oracle_dag.py took 2.959 seconds
[2024-10-11T02:00:16.164+0000] {processor.py:161} INFO - Started process (PID=8949) to work on /opt/airflow/dags/oracle_dag.py
[2024-10-11T02:00:16.166+0000] {processor.py:830} INFO - Processing file /opt/airflow/dags/oracle_dag.py for tasks to queue
[2024-10-11T02:00:16.175+0000] {logging_mixin.py:188} INFO - [2024-10-11T02:00:16.174+0000] {dagbag.py:545} INFO - Filling up the DagBag from /opt/airflow/dags/oracle_dag.py
[2024-10-11T02:00:23.463+0000] {processor.py:840} INFO - DAG(s) 'import_excel_to_oracle' retrieved from /opt/airflow/dags/oracle_dag.py
[2024-10-11T02:00:23.799+0000] {logging_mixin.py:188} INFO - [2024-10-11T02:00:23.782+0000] {dag.py:3089} INFO - Sync 1 DAGs
[2024-10-11T02:00:24.031+0000] {logging_mixin.py:188} INFO - [2024-10-11T02:00:24.031+0000] {dag.py:3947} INFO - Setting next_dagrun for import_excel_to_oracle to None, run_after=None
[2024-10-11T02:00:24.352+0000] {processor.py:183} INFO - Processing /opt/airflow/dags/oracle_dag.py took 8.238 seconds
[2024-10-11T02:00:55.376+0000] {processor.py:161} INFO - Started process (PID=8984) to work on /opt/airflow/dags/oracle_dag.py
[2024-10-11T02:00:55.396+0000] {processor.py:830} INFO - Processing file /opt/airflow/dags/oracle_dag.py for tasks to queue
[2024-10-11T02:00:55.444+0000] {logging_mixin.py:188} INFO - [2024-10-11T02:00:55.443+0000] {dagbag.py:545} INFO - Filling up the DagBag from /opt/airflow/dags/oracle_dag.py
[2024-10-11T02:01:01.235+0000] {processor.py:840} INFO - DAG(s) 'import_excel_to_oracle' retrieved from /opt/airflow/dags/oracle_dag.py
[2024-10-11T02:01:01.395+0000] {logging_mixin.py:188} INFO - [2024-10-11T02:01:01.392+0000] {dag.py:3089} INFO - Sync 1 DAGs
[2024-10-11T02:01:01.497+0000] {logging_mixin.py:188} INFO - [2024-10-11T02:01:01.496+0000] {dag.py:3947} INFO - Setting next_dagrun for import_excel_to_oracle to None, run_after=None
[2024-10-11T02:01:01.635+0000] {processor.py:183} INFO - Processing /opt/airflow/dags/oracle_dag.py took 6.353 seconds
[2024-10-11T02:01:32.576+0000] {processor.py:161} INFO - Started process (PID=9029) to work on /opt/airflow/dags/oracle_dag.py
[2024-10-11T02:01:32.584+0000] {processor.py:830} INFO - Processing file /opt/airflow/dags/oracle_dag.py for tasks to queue
[2024-10-11T02:01:32.622+0000] {logging_mixin.py:188} INFO - [2024-10-11T02:01:32.621+0000] {dagbag.py:545} INFO - Filling up the DagBag from /opt/airflow/dags/oracle_dag.py
[2024-10-11T02:01:37.494+0000] {processor.py:840} INFO - DAG(s) 'import_excel_to_oracle' retrieved from /opt/airflow/dags/oracle_dag.py
[2024-10-11T02:01:37.643+0000] {logging_mixin.py:188} INFO - [2024-10-11T02:01:37.632+0000] {dag.py:3089} INFO - Sync 1 DAGs
[2024-10-11T02:01:37.912+0000] {logging_mixin.py:188} INFO - [2024-10-11T02:01:37.905+0000] {dag.py:3947} INFO - Setting next_dagrun for import_excel_to_oracle to None, run_after=None
[2024-10-11T02:01:38.151+0000] {processor.py:183} INFO - Processing /opt/airflow/dags/oracle_dag.py took 5.646 seconds
[2024-10-11T02:02:08.648+0000] {processor.py:161} INFO - Started process (PID=9057) to work on /opt/airflow/dags/oracle_dag.py
[2024-10-11T02:02:08.657+0000] {processor.py:830} INFO - Processing file /opt/airflow/dags/oracle_dag.py for tasks to queue
[2024-10-11T02:02:08.686+0000] {logging_mixin.py:188} INFO - [2024-10-11T02:02:08.685+0000] {dagbag.py:545} INFO - Filling up the DagBag from /opt/airflow/dags/oracle_dag.py
[2024-10-11T02:02:13.299+0000] {processor.py:840} INFO - DAG(s) 'import_excel_to_oracle' retrieved from /opt/airflow/dags/oracle_dag.py
[2024-10-11T02:02:13.475+0000] {logging_mixin.py:188} INFO - [2024-10-11T02:02:13.468+0000] {dag.py:3089} INFO - Sync 1 DAGs
[2024-10-11T02:02:13.548+0000] {logging_mixin.py:188} INFO - [2024-10-11T02:02:13.547+0000] {dag.py:3947} INFO - Setting next_dagrun for import_excel_to_oracle to None, run_after=None
[2024-10-11T02:02:13.655+0000] {processor.py:183} INFO - Processing /opt/airflow/dags/oracle_dag.py took 5.070 seconds
[2024-10-11T02:02:44.519+0000] {processor.py:161} INFO - Started process (PID=9097) to work on /opt/airflow/dags/oracle_dag.py
[2024-10-11T02:02:44.556+0000] {processor.py:830} INFO - Processing file /opt/airflow/dags/oracle_dag.py for tasks to queue
[2024-10-11T02:02:44.577+0000] {logging_mixin.py:188} INFO - [2024-10-11T02:02:44.576+0000] {dagbag.py:545} INFO - Filling up the DagBag from /opt/airflow/dags/oracle_dag.py
[2024-10-11T02:02:47.805+0000] {processor.py:840} INFO - DAG(s) 'import_excel_to_oracle' retrieved from /opt/airflow/dags/oracle_dag.py
[2024-10-11T02:02:47.916+0000] {logging_mixin.py:188} INFO - [2024-10-11T02:02:47.909+0000] {dag.py:3089} INFO - Sync 1 DAGs
[2024-10-11T02:02:47.979+0000] {logging_mixin.py:188} INFO - [2024-10-11T02:02:47.979+0000] {dag.py:3947} INFO - Setting next_dagrun for import_excel_to_oracle to None, run_after=None
[2024-10-11T02:02:48.130+0000] {processor.py:183} INFO - Processing /opt/airflow/dags/oracle_dag.py took 3.697 seconds
[2024-10-11T02:03:18.517+0000] {processor.py:161} INFO - Started process (PID=9133) to work on /opt/airflow/dags/oracle_dag.py
[2024-10-11T02:03:18.520+0000] {processor.py:830} INFO - Processing file /opt/airflow/dags/oracle_dag.py for tasks to queue
[2024-10-11T02:03:18.531+0000] {logging_mixin.py:188} INFO - [2024-10-11T02:03:18.530+0000] {dagbag.py:545} INFO - Filling up the DagBag from /opt/airflow/dags/oracle_dag.py
[2024-10-11T02:03:23.311+0000] {processor.py:840} INFO - DAG(s) 'import_excel_to_oracle' retrieved from /opt/airflow/dags/oracle_dag.py
[2024-10-11T02:03:23.508+0000] {logging_mixin.py:188} INFO - [2024-10-11T02:03:23.507+0000] {dag.py:3089} INFO - Sync 1 DAGs
[2024-10-11T02:03:23.590+0000] {logging_mixin.py:188} INFO - [2024-10-11T02:03:23.589+0000] {dag.py:3947} INFO - Setting next_dagrun for import_excel_to_oracle to None, run_after=None
[2024-10-11T02:03:23.728+0000] {processor.py:183} INFO - Processing /opt/airflow/dags/oracle_dag.py took 5.249 seconds
[2024-10-11T02:03:54.292+0000] {processor.py:161} INFO - Started process (PID=9167) to work on /opt/airflow/dags/oracle_dag.py
[2024-10-11T02:03:54.295+0000] {processor.py:830} INFO - Processing file /opt/airflow/dags/oracle_dag.py for tasks to queue
[2024-10-11T02:03:54.315+0000] {logging_mixin.py:188} INFO - [2024-10-11T02:03:54.314+0000] {dagbag.py:545} INFO - Filling up the DagBag from /opt/airflow/dags/oracle_dag.py
[2024-10-11T02:03:58.642+0000] {processor.py:840} INFO - DAG(s) 'import_excel_to_oracle' retrieved from /opt/airflow/dags/oracle_dag.py
[2024-10-11T02:03:58.874+0000] {logging_mixin.py:188} INFO - [2024-10-11T02:03:58.873+0000] {dag.py:3089} INFO - Sync 1 DAGs
[2024-10-11T02:03:58.983+0000] {logging_mixin.py:188} INFO - [2024-10-11T02:03:58.982+0000] {dag.py:3947} INFO - Setting next_dagrun for import_excel_to_oracle to None, run_after=None
[2024-10-11T02:03:59.141+0000] {processor.py:183} INFO - Processing /opt/airflow/dags/oracle_dag.py took 4.903 seconds
[2024-10-11T02:04:30.043+0000] {processor.py:161} INFO - Started process (PID=9195) to work on /opt/airflow/dags/oracle_dag.py
[2024-10-11T02:04:30.052+0000] {processor.py:830} INFO - Processing file /opt/airflow/dags/oracle_dag.py for tasks to queue
[2024-10-11T02:04:30.070+0000] {logging_mixin.py:188} INFO - [2024-10-11T02:04:30.063+0000] {dagbag.py:545} INFO - Filling up the DagBag from /opt/airflow/dags/oracle_dag.py
[2024-10-11T02:04:33.749+0000] {processor.py:840} INFO - DAG(s) 'import_excel_to_oracle' retrieved from /opt/airflow/dags/oracle_dag.py
[2024-10-11T02:04:33.862+0000] {logging_mixin.py:188} INFO - [2024-10-11T02:04:33.861+0000] {dag.py:3089} INFO - Sync 1 DAGs
[2024-10-11T02:04:33.940+0000] {logging_mixin.py:188} INFO - [2024-10-11T02:04:33.939+0000] {dag.py:3947} INFO - Setting next_dagrun for import_excel_to_oracle to None, run_after=None
[2024-10-11T02:04:34.062+0000] {processor.py:183} INFO - Processing /opt/airflow/dags/oracle_dag.py took 4.052 seconds
[2024-10-11T02:05:04.615+0000] {processor.py:161} INFO - Started process (PID=9230) to work on /opt/airflow/dags/oracle_dag.py
[2024-10-11T02:05:04.623+0000] {processor.py:830} INFO - Processing file /opt/airflow/dags/oracle_dag.py for tasks to queue
[2024-10-11T02:05:04.634+0000] {logging_mixin.py:188} INFO - [2024-10-11T02:05:04.633+0000] {dagbag.py:545} INFO - Filling up the DagBag from /opt/airflow/dags/oracle_dag.py
[2024-10-11T02:05:08.226+0000] {processor.py:840} INFO - DAG(s) 'import_excel_to_oracle' retrieved from /opt/airflow/dags/oracle_dag.py
[2024-10-11T02:05:08.335+0000] {logging_mixin.py:188} INFO - [2024-10-11T02:05:08.334+0000] {dag.py:3089} INFO - Sync 1 DAGs
[2024-10-11T02:05:08.404+0000] {logging_mixin.py:188} INFO - [2024-10-11T02:05:08.403+0000] {dag.py:3947} INFO - Setting next_dagrun for import_excel_to_oracle to None, run_after=None
[2024-10-11T02:05:08.505+0000] {processor.py:183} INFO - Processing /opt/airflow/dags/oracle_dag.py took 3.928 seconds
[2024-10-11T02:05:39.211+0000] {processor.py:161} INFO - Started process (PID=9274) to work on /opt/airflow/dags/oracle_dag.py
[2024-10-11T02:05:39.214+0000] {processor.py:830} INFO - Processing file /opt/airflow/dags/oracle_dag.py for tasks to queue
[2024-10-11T02:05:39.231+0000] {logging_mixin.py:188} INFO - [2024-10-11T02:05:39.224+0000] {dagbag.py:545} INFO - Filling up the DagBag from /opt/airflow/dags/oracle_dag.py
[2024-10-11T02:05:43.142+0000] {processor.py:840} INFO - DAG(s) 'import_excel_to_oracle' retrieved from /opt/airflow/dags/oracle_dag.py
[2024-10-11T02:05:43.263+0000] {logging_mixin.py:188} INFO - [2024-10-11T02:05:43.262+0000] {dag.py:3089} INFO - Sync 1 DAGs
[2024-10-11T02:05:43.342+0000] {logging_mixin.py:188} INFO - [2024-10-11T02:05:43.341+0000] {dag.py:3947} INFO - Setting next_dagrun for import_excel_to_oracle to None, run_after=None
[2024-10-11T02:05:43.444+0000] {processor.py:183} INFO - Processing /opt/airflow/dags/oracle_dag.py took 4.280 seconds
[2024-10-11T02:06:14.047+0000] {processor.py:161} INFO - Started process (PID=9304) to work on /opt/airflow/dags/oracle_dag.py
[2024-10-11T02:06:14.056+0000] {processor.py:830} INFO - Processing file /opt/airflow/dags/oracle_dag.py for tasks to queue
[2024-10-11T02:06:14.076+0000] {logging_mixin.py:188} INFO - [2024-10-11T02:06:14.069+0000] {dagbag.py:545} INFO - Filling up the DagBag from /opt/airflow/dags/oracle_dag.py
[2024-10-11T02:06:19.030+0000] {processor.py:840} INFO - DAG(s) 'import_excel_to_oracle' retrieved from /opt/airflow/dags/oracle_dag.py
[2024-10-11T02:06:19.212+0000] {logging_mixin.py:188} INFO - [2024-10-11T02:06:19.202+0000] {dag.py:3089} INFO - Sync 1 DAGs
[2024-10-11T02:06:19.342+0000] {logging_mixin.py:188} INFO - [2024-10-11T02:06:19.341+0000] {dag.py:3947} INFO - Setting next_dagrun for import_excel_to_oracle to None, run_after=None
[2024-10-11T02:06:19.639+0000] {processor.py:183} INFO - Processing /opt/airflow/dags/oracle_dag.py took 5.657 seconds
[2024-10-11T02:06:50.329+0000] {processor.py:161} INFO - Started process (PID=9339) to work on /opt/airflow/dags/oracle_dag.py
[2024-10-11T02:06:50.338+0000] {processor.py:830} INFO - Processing file /opt/airflow/dags/oracle_dag.py for tasks to queue
[2024-10-11T02:06:50.350+0000] {logging_mixin.py:188} INFO - [2024-10-11T02:06:50.349+0000] {dagbag.py:545} INFO - Filling up the DagBag from /opt/airflow/dags/oracle_dag.py
[2024-10-11T02:06:55.141+0000] {processor.py:840} INFO - DAG(s) 'import_excel_to_oracle' retrieved from /opt/airflow/dags/oracle_dag.py
[2024-10-11T02:06:55.301+0000] {logging_mixin.py:188} INFO - [2024-10-11T02:06:55.300+0000] {dag.py:3089} INFO - Sync 1 DAGs
[2024-10-11T02:06:55.380+0000] {logging_mixin.py:188} INFO - [2024-10-11T02:06:55.379+0000] {dag.py:3947} INFO - Setting next_dagrun for import_excel_to_oracle to None, run_after=None
[2024-10-11T02:06:55.529+0000] {processor.py:183} INFO - Processing /opt/airflow/dags/oracle_dag.py took 5.261 seconds
[2024-10-11T02:07:26.834+0000] {processor.py:161} INFO - Started process (PID=9375) to work on /opt/airflow/dags/oracle_dag.py
[2024-10-11T02:07:26.851+0000] {processor.py:830} INFO - Processing file /opt/airflow/dags/oracle_dag.py for tasks to queue
[2024-10-11T02:07:26.865+0000] {logging_mixin.py:188} INFO - [2024-10-11T02:07:26.864+0000] {dagbag.py:545} INFO - Filling up the DagBag from /opt/airflow/dags/oracle_dag.py
[2024-10-11T02:07:33.553+0000] {processor.py:840} INFO - DAG(s) 'import_excel_to_oracle' retrieved from /opt/airflow/dags/oracle_dag.py
[2024-10-11T02:07:34.063+0000] {logging_mixin.py:188} INFO - [2024-10-11T02:07:34.055+0000] {dag.py:3089} INFO - Sync 1 DAGs
[2024-10-11T02:07:34.212+0000] {logging_mixin.py:188} INFO - [2024-10-11T02:07:34.204+0000] {dag.py:3947} INFO - Setting next_dagrun for import_excel_to_oracle to None, run_after=None
[2024-10-11T02:07:34.425+0000] {processor.py:183} INFO - Processing /opt/airflow/dags/oracle_dag.py took 7.672 seconds
[2024-10-11T02:08:05.319+0000] {processor.py:161} INFO - Started process (PID=9415) to work on /opt/airflow/dags/oracle_dag.py
[2024-10-11T02:08:05.328+0000] {processor.py:830} INFO - Processing file /opt/airflow/dags/oracle_dag.py for tasks to queue
[2024-10-11T02:08:05.349+0000] {logging_mixin.py:188} INFO - [2024-10-11T02:08:05.348+0000] {dagbag.py:545} INFO - Filling up the DagBag from /opt/airflow/dags/oracle_dag.py
[2024-10-11T02:08:12.408+0000] {processor.py:840} INFO - DAG(s) 'import_excel_to_oracle' retrieved from /opt/airflow/dags/oracle_dag.py
[2024-10-11T02:08:12.578+0000] {logging_mixin.py:188} INFO - [2024-10-11T02:08:12.570+0000] {dag.py:3089} INFO - Sync 1 DAGs
[2024-10-11T02:08:12.718+0000] {logging_mixin.py:188} INFO - [2024-10-11T02:08:12.700+0000] {dag.py:3947} INFO - Setting next_dagrun for import_excel_to_oracle to None, run_after=None
[2024-10-11T02:08:13.010+0000] {processor.py:183} INFO - Processing /opt/airflow/dags/oracle_dag.py took 7.760 seconds
[2024-10-11T02:08:44.048+0000] {processor.py:161} INFO - Started process (PID=9451) to work on /opt/airflow/dags/oracle_dag.py
[2024-10-11T02:08:44.065+0000] {processor.py:830} INFO - Processing file /opt/airflow/dags/oracle_dag.py for tasks to queue
[2024-10-11T02:08:44.086+0000] {logging_mixin.py:188} INFO - [2024-10-11T02:08:44.077+0000] {dagbag.py:545} INFO - Filling up the DagBag from /opt/airflow/dags/oracle_dag.py
[2024-10-11T02:08:51.806+0000] {processor.py:840} INFO - DAG(s) 'import_excel_to_oracle' retrieved from /opt/airflow/dags/oracle_dag.py
[2024-10-11T02:08:51.977+0000] {logging_mixin.py:188} INFO - [2024-10-11T02:08:51.976+0000] {dag.py:3089} INFO - Sync 1 DAGs
[2024-10-11T02:08:52.114+0000] {logging_mixin.py:188} INFO - [2024-10-11T02:08:52.106+0000] {dag.py:3947} INFO - Setting next_dagrun for import_excel_to_oracle to None, run_after=None
[2024-10-11T02:08:52.346+0000] {processor.py:183} INFO - Processing /opt/airflow/dags/oracle_dag.py took 8.360 seconds
[2024-10-11T02:09:22.979+0000] {processor.py:161} INFO - Started process (PID=9497) to work on /opt/airflow/dags/oracle_dag.py
[2024-10-11T02:09:22.988+0000] {processor.py:830} INFO - Processing file /opt/airflow/dags/oracle_dag.py for tasks to queue
[2024-10-11T02:09:23.001+0000] {logging_mixin.py:188} INFO - [2024-10-11T02:09:23.000+0000] {dagbag.py:545} INFO - Filling up the DagBag from /opt/airflow/dags/oracle_dag.py
[2024-10-11T02:09:28.838+0000] {processor.py:840} INFO - DAG(s) 'import_excel_to_oracle' retrieved from /opt/airflow/dags/oracle_dag.py
[2024-10-11T02:09:29.019+0000] {logging_mixin.py:188} INFO - [2024-10-11T02:09:29.011+0000] {dag.py:3089} INFO - Sync 1 DAGs
[2024-10-11T02:09:29.129+0000] {logging_mixin.py:188} INFO - [2024-10-11T02:09:29.128+0000] {dag.py:3947} INFO - Setting next_dagrun for import_excel_to_oracle to None, run_after=None
[2024-10-11T02:09:29.328+0000] {processor.py:183} INFO - Processing /opt/airflow/dags/oracle_dag.py took 6.457 seconds
[2024-10-11T02:10:00.333+0000] {processor.py:161} INFO - Started process (PID=9525) to work on /opt/airflow/dags/oracle_dag.py
[2024-10-11T02:10:00.373+0000] {processor.py:830} INFO - Processing file /opt/airflow/dags/oracle_dag.py for tasks to queue
[2024-10-11T02:10:00.414+0000] {logging_mixin.py:188} INFO - [2024-10-11T02:10:00.413+0000] {dagbag.py:545} INFO - Filling up the DagBag from /opt/airflow/dags/oracle_dag.py
[2024-10-11T02:10:07.033+0000] {processor.py:840} INFO - DAG(s) 'import_excel_to_oracle' retrieved from /opt/airflow/dags/oracle_dag.py
[2024-10-11T02:10:07.203+0000] {logging_mixin.py:188} INFO - [2024-10-11T02:10:07.195+0000] {dag.py:3089} INFO - Sync 1 DAGs
[2024-10-11T02:10:07.363+0000] {logging_mixin.py:188} INFO - [2024-10-11T02:10:07.345+0000] {dag.py:3947} INFO - Setting next_dagrun for import_excel_to_oracle to None, run_after=None
[2024-10-11T02:10:07.673+0000] {processor.py:183} INFO - Processing /opt/airflow/dags/oracle_dag.py took 7.440 seconds
[2024-10-11T02:10:38.855+0000] {processor.py:161} INFO - Started process (PID=9560) to work on /opt/airflow/dags/oracle_dag.py
[2024-10-11T02:10:38.865+0000] {processor.py:830} INFO - Processing file /opt/airflow/dags/oracle_dag.py for tasks to queue
[2024-10-11T02:10:38.916+0000] {logging_mixin.py:188} INFO - [2024-10-11T02:10:38.915+0000] {dagbag.py:545} INFO - Filling up the DagBag from /opt/airflow/dags/oracle_dag.py
[2024-10-11T02:10:48.517+0000] {processor.py:840} INFO - DAG(s) 'import_excel_to_oracle' retrieved from /opt/airflow/dags/oracle_dag.py
[2024-10-11T02:10:48.978+0000] {logging_mixin.py:188} INFO - [2024-10-11T02:10:48.959+0000] {dag.py:3089} INFO - Sync 1 DAGs
[2024-10-11T02:10:49.178+0000] {logging_mixin.py:188} INFO - [2024-10-11T02:10:49.168+0000] {dag.py:3947} INFO - Setting next_dagrun for import_excel_to_oracle to None, run_after=None
[2024-10-11T02:10:49.488+0000] {processor.py:183} INFO - Processing /opt/airflow/dags/oracle_dag.py took 10.721 seconds
[2024-10-11T02:11:20.798+0000] {processor.py:161} INFO - Started process (PID=9599) to work on /opt/airflow/dags/oracle_dag.py
[2024-10-11T02:11:20.827+0000] {processor.py:830} INFO - Processing file /opt/airflow/dags/oracle_dag.py for tasks to queue
[2024-10-11T02:11:20.848+0000] {logging_mixin.py:188} INFO - [2024-10-11T02:11:20.847+0000] {dagbag.py:545} INFO - Filling up the DagBag from /opt/airflow/dags/oracle_dag.py
[2024-10-11T02:11:29.397+0000] {processor.py:840} INFO - DAG(s) 'import_excel_to_oracle' retrieved from /opt/airflow/dags/oracle_dag.py
[2024-10-11T02:11:29.598+0000] {logging_mixin.py:188} INFO - [2024-10-11T02:11:29.596+0000] {dag.py:3089} INFO - Sync 1 DAGs
[2024-10-11T02:11:29.896+0000] {logging_mixin.py:188} INFO - [2024-10-11T02:11:29.878+0000] {dag.py:3947} INFO - Setting next_dagrun for import_excel_to_oracle to None, run_after=None
[2024-10-11T02:11:30.367+0000] {processor.py:183} INFO - Processing /opt/airflow/dags/oracle_dag.py took 9.659 seconds
[2024-10-11T02:12:01.931+0000] {processor.py:161} INFO - Started process (PID=9644) to work on /opt/airflow/dags/oracle_dag.py
[2024-10-11T02:12:01.951+0000] {processor.py:830} INFO - Processing file /opt/airflow/dags/oracle_dag.py for tasks to queue
[2024-10-11T02:12:01.973+0000] {logging_mixin.py:188} INFO - [2024-10-11T02:12:01.963+0000] {dagbag.py:545} INFO - Filling up the DagBag from /opt/airflow/dags/oracle_dag.py
[2024-10-11T02:12:11.721+0000] {processor.py:840} INFO - DAG(s) 'import_excel_to_oracle' retrieved from /opt/airflow/dags/oracle_dag.py
[2024-10-11T02:12:12.041+0000] {logging_mixin.py:188} INFO - [2024-10-11T02:12:12.032+0000] {dag.py:3089} INFO - Sync 1 DAGs
[2024-10-11T02:12:12.181+0000] {logging_mixin.py:188} INFO - [2024-10-11T02:12:12.181+0000] {dag.py:3947} INFO - Setting next_dagrun for import_excel_to_oracle to None, run_after=None
[2024-10-11T02:12:12.541+0000] {processor.py:183} INFO - Processing /opt/airflow/dags/oracle_dag.py took 10.699 seconds
[2024-10-11T02:12:43.572+0000] {processor.py:161} INFO - Started process (PID=9679) to work on /opt/airflow/dags/oracle_dag.py
[2024-10-11T02:12:43.582+0000] {processor.py:830} INFO - Processing file /opt/airflow/dags/oracle_dag.py for tasks to queue
[2024-10-11T02:12:43.613+0000] {logging_mixin.py:188} INFO - [2024-10-11T02:12:43.612+0000] {dagbag.py:545} INFO - Filling up the DagBag from /opt/airflow/dags/oracle_dag.py
[2024-10-11T02:12:51.033+0000] {processor.py:840} INFO - DAG(s) 'import_excel_to_oracle' retrieved from /opt/airflow/dags/oracle_dag.py
[2024-10-11T02:12:51.273+0000] {logging_mixin.py:188} INFO - [2024-10-11T02:12:51.271+0000] {dag.py:3089} INFO - Sync 1 DAGs
[2024-10-11T02:12:51.451+0000] {logging_mixin.py:188} INFO - [2024-10-11T02:12:51.443+0000] {dag.py:3947} INFO - Setting next_dagrun for import_excel_to_oracle to None, run_after=None
[2024-10-11T02:12:51.742+0000] {processor.py:183} INFO - Processing /opt/airflow/dags/oracle_dag.py took 8.241 seconds
[2024-10-11T02:13:22.798+0000] {processor.py:161} INFO - Started process (PID=9716) to work on /opt/airflow/dags/oracle_dag.py
[2024-10-11T02:13:22.817+0000] {processor.py:830} INFO - Processing file /opt/airflow/dags/oracle_dag.py for tasks to queue
[2024-10-11T02:13:22.829+0000] {logging_mixin.py:188} INFO - [2024-10-11T02:13:22.828+0000] {dagbag.py:545} INFO - Filling up the DagBag from /opt/airflow/dags/oracle_dag.py
[2024-10-11T02:13:34.187+0000] {processor.py:840} INFO - DAG(s) 'import_excel_to_oracle' retrieved from /opt/airflow/dags/oracle_dag.py
[2024-10-11T02:13:34.618+0000] {logging_mixin.py:188} INFO - [2024-10-11T02:13:34.617+0000] {dag.py:3089} INFO - Sync 1 DAGs
[2024-10-11T02:13:34.948+0000] {logging_mixin.py:188} INFO - [2024-10-11T02:13:34.948+0000] {dag.py:3947} INFO - Setting next_dagrun for import_excel_to_oracle to None, run_after=None
[2024-10-11T02:13:35.367+0000] {processor.py:183} INFO - Processing /opt/airflow/dags/oracle_dag.py took 12.649 seconds
[2024-10-11T02:14:06.307+0000] {processor.py:161} INFO - Started process (PID=9760) to work on /opt/airflow/dags/oracle_dag.py
[2024-10-11T02:14:06.336+0000] {processor.py:830} INFO - Processing file /opt/airflow/dags/oracle_dag.py for tasks to queue
[2024-10-11T02:14:06.377+0000] {logging_mixin.py:188} INFO - [2024-10-11T02:14:06.377+0000] {dagbag.py:545} INFO - Filling up the DagBag from /opt/airflow/dags/oracle_dag.py
[2024-10-11T02:14:17.167+0000] {processor.py:840} INFO - DAG(s) 'import_excel_to_oracle' retrieved from /opt/airflow/dags/oracle_dag.py
[2024-10-11T02:14:17.496+0000] {logging_mixin.py:188} INFO - [2024-10-11T02:14:17.487+0000] {dag.py:3089} INFO - Sync 1 DAGs
[2024-10-11T02:14:17.716+0000] {logging_mixin.py:188} INFO - [2024-10-11T02:14:17.707+0000] {dag.py:3947} INFO - Setting next_dagrun for import_excel_to_oracle to None, run_after=None
[2024-10-11T02:14:18.095+0000] {processor.py:183} INFO - Processing /opt/airflow/dags/oracle_dag.py took 11.898 seconds
[2024-10-11T02:14:49.035+0000] {processor.py:161} INFO - Started process (PID=9802) to work on /opt/airflow/dags/oracle_dag.py
[2024-10-11T02:14:49.055+0000] {processor.py:830} INFO - Processing file /opt/airflow/dags/oracle_dag.py for tasks to queue
[2024-10-11T02:14:49.086+0000] {logging_mixin.py:188} INFO - [2024-10-11T02:14:49.084+0000] {dagbag.py:545} INFO - Filling up the DagBag from /opt/airflow/dags/oracle_dag.py
[2024-10-11T02:15:03.245+0000] {processor.py:840} INFO - DAG(s) 'import_excel_to_oracle' retrieved from /opt/airflow/dags/oracle_dag.py
[2024-10-11T02:15:03.715+0000] {logging_mixin.py:188} INFO - [2024-10-11T02:15:03.705+0000] {dag.py:3089} INFO - Sync 1 DAGs
[2024-10-11T02:15:04.015+0000] {logging_mixin.py:188} INFO - [2024-10-11T02:15:04.015+0000] {dag.py:3947} INFO - Setting next_dagrun for import_excel_to_oracle to None, run_after=None
[2024-10-11T02:15:04.606+0000] {processor.py:183} INFO - Processing /opt/airflow/dags/oracle_dag.py took 15.672 seconds
[2024-10-11T02:15:37.259+0000] {processor.py:161} INFO - Started process (PID=9844) to work on /opt/airflow/dags/oracle_dag.py
[2024-10-11T02:15:37.310+0000] {processor.py:830} INFO - Processing file /opt/airflow/dags/oracle_dag.py for tasks to queue
[2024-10-11T02:15:37.498+0000] {logging_mixin.py:188} INFO - [2024-10-11T02:15:37.449+0000] {dagbag.py:545} INFO - Filling up the DagBag from /opt/airflow/dags/oracle_dag.py
[2024-10-11T02:15:56.088+0000] {processor.py:840} INFO - DAG(s) 'import_excel_to_oracle' retrieved from /opt/airflow/dags/oracle_dag.py
[2024-10-11T02:15:56.649+0000] {logging_mixin.py:188} INFO - [2024-10-11T02:15:56.639+0000] {dag.py:3089} INFO - Sync 1 DAGs
[2024-10-11T02:15:57.109+0000] {logging_mixin.py:188} INFO - [2024-10-11T02:15:57.109+0000] {dag.py:3947} INFO - Setting next_dagrun for import_excel_to_oracle to None, run_after=None
[2024-10-11T02:15:58.039+0000] {processor.py:183} INFO - Processing /opt/airflow/dags/oracle_dag.py took 20.981 seconds
[2024-10-11T02:16:32.667+0000] {processor.py:161} INFO - Started process (PID=9894) to work on /opt/airflow/dags/oracle_dag.py
[2024-10-11T02:16:32.717+0000] {processor.py:830} INFO - Processing file /opt/airflow/dags/oracle_dag.py for tasks to queue
[2024-10-11T02:16:32.828+0000] {logging_mixin.py:188} INFO - [2024-10-11T02:16:32.797+0000] {dagbag.py:545} INFO - Filling up the DagBag from /opt/airflow/dags/oracle_dag.py
[2024-10-11T02:17:02.309+0000] {processor.py:840} INFO - DAG(s) 'import_excel_to_oracle' retrieved from /opt/airflow/dags/oracle_dag.py
[2024-10-11T02:17:03.409+0000] {logging_mixin.py:188} INFO - [2024-10-11T02:17:03.399+0000] {dag.py:3089} INFO - Sync 1 DAGs
[2024-10-11T02:17:03.898+0000] {logging_mixin.py:188} INFO - [2024-10-11T02:17:03.889+0000] {dag.py:3947} INFO - Setting next_dagrun for import_excel_to_oracle to None, run_after=None
[2024-10-11T02:17:04.728+0000] {processor.py:183} INFO - Processing /opt/airflow/dags/oracle_dag.py took 32.728 seconds
[2024-10-11T02:17:38.143+0000] {processor.py:161} INFO - Started process (PID=9943) to work on /opt/airflow/dags/oracle_dag.py
[2024-10-11T02:17:38.192+0000] {processor.py:830} INFO - Processing file /opt/airflow/dags/oracle_dag.py for tasks to queue
[2024-10-11T02:17:38.282+0000] {logging_mixin.py:188} INFO - [2024-10-11T02:17:38.272+0000] {dagbag.py:545} INFO - Filling up the DagBag from /opt/airflow/dags/oracle_dag.py
[2024-10-11T02:18:08.819+0000] {logging_mixin.py:188} INFO - [2024-10-11T02:18:08.769+0000] {timeout.py:68} ERROR - Process timed out, PID: 9943
[2024-10-11T02:18:53.484+0000] {processor.py:161} INFO - Started process (PID=10002) to work on /opt/airflow/dags/oracle_dag.py
[2024-10-11T02:18:54.144+0000] {processor.py:830} INFO - Processing file /opt/airflow/dags/oracle_dag.py for tasks to queue
[2024-10-11T02:18:54.584+0000] {logging_mixin.py:188} INFO - [2024-10-11T02:18:54.404+0000] {dagbag.py:545} INFO - Filling up the DagBag from /opt/airflow/dags/oracle_dag.py
[2024-10-11T02:19:31.008+0000] {logging_mixin.py:188} INFO - [2024-10-11T02:19:30.909+0000] {timeout.py:68} ERROR - Process timed out, PID: 10002
[2024-10-11T02:20:18.357+0000] {processor.py:161} INFO - Started process (PID=10051) to work on /opt/airflow/dags/oracle_dag.py
[2024-10-11T02:20:18.597+0000] {processor.py:830} INFO - Processing file /opt/airflow/dags/oracle_dag.py for tasks to queue
[2024-10-11T02:20:18.837+0000] {logging_mixin.py:188} INFO - [2024-10-11T02:20:18.757+0000] {dagbag.py:545} INFO - Filling up the DagBag from /opt/airflow/dags/oracle_dag.py
[2024-10-11T02:20:54.991+0000] {logging_mixin.py:188} INFO - [2024-10-11T02:20:54.951+0000] {timeout.py:68} ERROR - Process timed out, PID: 10051
[2024-10-11T02:20:55.041+0000] {logging_mixin.py:188} WARNING - Exception ignored in: <function WeakKeyDictionary.__init__.<locals>.remove at 0x7fc7b146e7a0>
[2024-10-11T02:20:55.141+0000] {logging_mixin.py:188} WARNING - Traceback (most recent call last):
[2024-10-11T02:20:55.211+0000] {logging_mixin.py:188} WARNING -   File "/usr/local/lib/python3.12/weakref.py", line 369, in remove
[2024-10-11T02:20:55.301+0000] {logging_mixin.py:188} WARNING -     def remove(k, selfref=ref(self)):
[2024-10-11T02:20:55.351+0000] {logging_mixin.py:188} WARNING -   File "/home/airflow/.local/lib/python3.12/site-packages/airflow/utils/timeout.py", line 69, in handle_timeout
[2024-10-11T02:20:55.471+0000] {logging_mixin.py:188} WARNING -     raise AirflowTaskTimeout(self.error_message)
[2024-10-11T02:20:55.540+0000] {logging_mixin.py:188} WARNING - airflow.exceptions.AirflowTaskTimeout: DagBag import timeout for /opt/airflow/dags/oracle_dag.py after 30.0s.
Please take a look at these docs to improve your DAG import time:
* https://airflow.apache.org/docs/apache-airflow/2.9.3/best-practices.html#top-level-python-code
* https://airflow.apache.org/docs/apache-airflow/2.9.3/best-practices.html#reducing-dag-complexity, PID: 10051
[2024-10-11T02:22:02.950+0000] {processor.py:161} INFO - Started process (PID=10114) to work on /opt/airflow/dags/oracle_dag.py
[2024-10-11T02:22:03.170+0000] {processor.py:830} INFO - Processing file /opt/airflow/dags/oracle_dag.py for tasks to queue
[2024-10-11T02:22:04.169+0000] {logging_mixin.py:188} INFO - [2024-10-11T02:22:03.720+0000] {dagbag.py:545} INFO - Filling up the DagBag from /opt/airflow/dags/oracle_dag.py
[2024-10-11T02:22:36.980+0000] {logging_mixin.py:188} INFO - [2024-10-11T02:22:36.860+0000] {timeout.py:68} ERROR - Process timed out, PID: 10114
