[2024-10-04T16:36:00.907+0000] {local_task_job_runner.py:120} INFO - ::group::Pre task execution logs
[2024-10-04T16:36:00.969+0000] {taskinstance.py:2076} INFO - Dependencies all met for dep_context=non-requeueable deps ti=<TaskInstance: minio_api_call_dag.call_api_task manual__2024-10-04T16:35:59.572599+00:00 [queued]>
[2024-10-04T16:36:01.019+0000] {taskinstance.py:2076} INFO - Dependencies all met for dep_context=requeueable deps ti=<TaskInstance: minio_api_call_dag.call_api_task manual__2024-10-04T16:35:59.572599+00:00 [queued]>
[2024-10-04T16:36:01.024+0000] {taskinstance.py:2306} INFO - Starting attempt 1 of 2
[2024-10-04T16:36:01.152+0000] {taskinstance.py:2330} INFO - Executing <Task(PythonOperator): call_api_task> on 2024-10-04 16:35:59.572599+00:00
[2024-10-04T16:36:01.193+0000] {standard_task_runner.py:90} INFO - Running: ['***', 'tasks', 'run', 'minio_api_call_dag', 'call_api_task', 'manual__2024-10-04T16:35:59.572599+00:00', '--job-id', '38', '--raw', '--subdir', 'DAGS_FOLDER/dag_to_api.py', '--cfg-path', '/tmp/tmpc6lfbg_k']
[2024-10-04T16:36:01.211+0000] {standard_task_runner.py:91} INFO - Job 38: Subtask call_api_task
[2024-10-04T16:36:01.201+0000] {logging_mixin.py:188} WARNING - /home/***/.local/lib/python3.12/site-packages/***/task/task_runner/standard_task_runner.py:62 DeprecationWarning: This process (pid=7942) is multi-threaded, use of fork() may lead to deadlocks in the child.
[2024-10-04T16:36:01.219+0000] {standard_task_runner.py:64} INFO - Started process 7943 to run task
[2024-10-04T16:36:01.266+0000] {logging_mixin.py:188} WARNING - /home/***/.local/lib/python3.12/site-packages/***/settings.py:195 DeprecationWarning: The sql_alchemy_conn option in [core] has been moved to the sql_alchemy_conn option in [database] - the old setting has been used, but please update your config.
[2024-10-04T16:36:01.401+0000] {task_command.py:426} INFO - Running <TaskInstance: minio_api_call_dag.call_api_task manual__2024-10-04T16:35:59.572599+00:00 [running]> on host 3fed06331d8d
[2024-10-04T16:36:01.633+0000] {taskinstance.py:2648} INFO - Exporting env vars: AIRFLOW_CTX_DAG_EMAIL='admin' AIRFLOW_CTX_DAG_OWNER='***' AIRFLOW_CTX_DAG_ID='minio_api_call_dag' AIRFLOW_CTX_TASK_ID='call_api_task' AIRFLOW_CTX_EXECUTION_DATE='2024-10-04T16:35:59.572599+00:00' AIRFLOW_CTX_TRY_NUMBER='1' AIRFLOW_CTX_DAG_RUN_ID='manual__2024-10-04T16:35:59.572599+00:00'
[2024-10-04T16:36:01.635+0000] {taskinstance.py:430} INFO - ::endgroup::
[2024-10-04T16:36:01.937+0000] {logging_mixin.py:188} INFO - File api_data.json đã được tạo thành công.
[2024-10-04T16:36:01.941+0000] {python.py:237} INFO - Done. Returned value was: None
[2024-10-04T16:36:02.000+0000] {taskinstance.py:441} INFO - ::group::Post task execution logs
[2024-10-04T16:36:02.038+0000] {taskinstance.py:1206} INFO - Marking task as SUCCESS. dag_id=minio_api_call_dag, task_id=call_api_task, run_id=manual__2024-10-04T16:35:59.572599+00:00, execution_date=20241004T163559, start_date=20241004T163600, end_date=20241004T163602
[2024-10-04T16:36:02.082+0000] {local_task_job_runner.py:243} INFO - Task exited with return code 0
[2024-10-04T16:36:02.128+0000] {taskinstance.py:3503} INFO - 1 downstream tasks scheduled from follow-on schedule check
[2024-10-04T16:36:02.137+0000] {local_task_job_runner.py:222} INFO - ::endgroup::
