[2024-10-11T01:40:26.157+0000] {processor.py:161} INFO - Started process (PID=7735) to work on /opt/airflow/dags/data/KPI Template.xlsx
[2024-10-11T01:40:26.175+0000] {processor.py:830} INFO - Processing file /opt/airflow/dags/data/KPI Template.xlsx for tasks to queue
[2024-10-11T01:40:26.193+0000] {logging_mixin.py:188} INFO - [2024-10-11T01:40:26.192+0000] {dagbag.py:545} INFO - Filling up the DagBag from /opt/airflow/dags/data/KPI Template.xlsx
[2024-10-11T01:40:26.692+0000] {processor.py:842} WARNING - No viable dags retrieved from /opt/airflow/dags/data/KPI Template.xlsx
[2024-10-11T01:40:26.809+0000] {processor.py:183} INFO - Processing /opt/airflow/dags/data/KPI Template.xlsx took 0.683 seconds
[2024-10-11T01:40:57.453+0000] {processor.py:161} INFO - Started process (PID=7759) to work on /opt/airflow/dags/data/KPI Template.xlsx
[2024-10-11T01:40:57.456+0000] {processor.py:830} INFO - Processing file /opt/airflow/dags/data/KPI Template.xlsx for tasks to queue
[2024-10-11T01:40:57.461+0000] {logging_mixin.py:188} INFO - [2024-10-11T01:40:57.460+0000] {dagbag.py:545} INFO - Filling up the DagBag from /opt/airflow/dags/data/KPI Template.xlsx
[2024-10-11T01:40:57.492+0000] {processor.py:842} WARNING - No viable dags retrieved from /opt/airflow/dags/data/KPI Template.xlsx
[2024-10-11T01:40:57.531+0000] {processor.py:183} INFO - Processing /opt/airflow/dags/data/KPI Template.xlsx took 0.099 seconds
[2024-10-11T01:41:27.753+0000] {processor.py:161} INFO - Started process (PID=7794) to work on /opt/airflow/dags/data/KPI Template.xlsx
[2024-10-11T01:41:27.756+0000] {processor.py:830} INFO - Processing file /opt/airflow/dags/data/KPI Template.xlsx for tasks to queue
[2024-10-11T01:41:27.763+0000] {logging_mixin.py:188} INFO - [2024-10-11T01:41:27.762+0000] {dagbag.py:545} INFO - Filling up the DagBag from /opt/airflow/dags/data/KPI Template.xlsx
[2024-10-11T01:41:27.798+0000] {processor.py:842} WARNING - No viable dags retrieved from /opt/airflow/dags/data/KPI Template.xlsx
[2024-10-11T01:41:27.833+0000] {processor.py:183} INFO - Processing /opt/airflow/dags/data/KPI Template.xlsx took 0.101 seconds
[2024-10-11T01:41:58.121+0000] {processor.py:161} INFO - Started process (PID=7829) to work on /opt/airflow/dags/data/KPI Template.xlsx
[2024-10-11T01:41:58.123+0000] {processor.py:830} INFO - Processing file /opt/airflow/dags/data/KPI Template.xlsx for tasks to queue
[2024-10-11T01:41:58.130+0000] {logging_mixin.py:188} INFO - [2024-10-11T01:41:58.129+0000] {dagbag.py:545} INFO - Filling up the DagBag from /opt/airflow/dags/data/KPI Template.xlsx
[2024-10-11T01:41:58.163+0000] {processor.py:842} WARNING - No viable dags retrieved from /opt/airflow/dags/data/KPI Template.xlsx
[2024-10-11T01:41:58.204+0000] {processor.py:183} INFO - Processing /opt/airflow/dags/data/KPI Template.xlsx took 0.102 seconds
[2024-10-11T01:42:29.759+0000] {processor.py:161} INFO - Started process (PID=7856) to work on /opt/airflow/dags/data/KPI Template.xlsx
[2024-10-11T01:42:29.771+0000] {processor.py:830} INFO - Processing file /opt/airflow/dags/data/KPI Template.xlsx for tasks to queue
[2024-10-11T01:42:29.786+0000] {logging_mixin.py:188} INFO - [2024-10-11T01:42:29.777+0000] {dagbag.py:545} INFO - Filling up the DagBag from /opt/airflow/dags/data/KPI Template.xlsx
[2024-10-11T01:42:29.825+0000] {processor.py:842} WARNING - No viable dags retrieved from /opt/airflow/dags/data/KPI Template.xlsx
[2024-10-11T01:42:29.875+0000] {processor.py:183} INFO - Processing /opt/airflow/dags/data/KPI Template.xlsx took 0.143 seconds
[2024-10-11T01:43:00.336+0000] {processor.py:161} INFO - Started process (PID=7893) to work on /opt/airflow/dags/data/KPI Template.xlsx
[2024-10-11T01:43:00.339+0000] {processor.py:830} INFO - Processing file /opt/airflow/dags/data/KPI Template.xlsx for tasks to queue
[2024-10-11T01:43:00.350+0000] {logging_mixin.py:188} INFO - [2024-10-11T01:43:00.349+0000] {dagbag.py:545} INFO - Filling up the DagBag from /opt/airflow/dags/data/KPI Template.xlsx
[2024-10-11T01:43:00.387+0000] {processor.py:842} WARNING - No viable dags retrieved from /opt/airflow/dags/data/KPI Template.xlsx
[2024-10-11T01:43:00.429+0000] {processor.py:183} INFO - Processing /opt/airflow/dags/data/KPI Template.xlsx took 0.112 seconds
[2024-10-11T01:43:30.967+0000] {processor.py:161} INFO - Started process (PID=7919) to work on /opt/airflow/dags/data/KPI Template.xlsx
[2024-10-11T01:43:30.974+0000] {processor.py:830} INFO - Processing file /opt/airflow/dags/data/KPI Template.xlsx for tasks to queue
[2024-10-11T01:43:30.987+0000] {logging_mixin.py:188} INFO - [2024-10-11T01:43:30.986+0000] {dagbag.py:545} INFO - Filling up the DagBag from /opt/airflow/dags/data/KPI Template.xlsx
[2024-10-11T01:43:31.037+0000] {processor.py:842} WARNING - No viable dags retrieved from /opt/airflow/dags/data/KPI Template.xlsx
[2024-10-11T01:43:31.082+0000] {processor.py:183} INFO - Processing /opt/airflow/dags/data/KPI Template.xlsx took 0.141 seconds
[2024-10-11T01:44:01.498+0000] {processor.py:161} INFO - Started process (PID=7954) to work on /opt/airflow/dags/data/KPI Template.xlsx
[2024-10-11T01:44:01.503+0000] {processor.py:830} INFO - Processing file /opt/airflow/dags/data/KPI Template.xlsx for tasks to queue
[2024-10-11T01:44:01.509+0000] {logging_mixin.py:188} INFO - [2024-10-11T01:44:01.508+0000] {dagbag.py:545} INFO - Filling up the DagBag from /opt/airflow/dags/data/KPI Template.xlsx
[2024-10-11T01:44:01.541+0000] {processor.py:842} WARNING - No viable dags retrieved from /opt/airflow/dags/data/KPI Template.xlsx
[2024-10-11T01:44:01.594+0000] {processor.py:183} INFO - Processing /opt/airflow/dags/data/KPI Template.xlsx took 0.118 seconds
[2024-10-11T01:44:32.688+0000] {processor.py:161} INFO - Started process (PID=7982) to work on /opt/airflow/dags/data/KPI Template.xlsx
[2024-10-11T01:44:32.692+0000] {processor.py:830} INFO - Processing file /opt/airflow/dags/data/KPI Template.xlsx for tasks to queue
[2024-10-11T01:44:32.701+0000] {logging_mixin.py:188} INFO - [2024-10-11T01:44:32.698+0000] {dagbag.py:545} INFO - Filling up the DagBag from /opt/airflow/dags/data/KPI Template.xlsx
[2024-10-11T01:44:32.761+0000] {processor.py:842} WARNING - No viable dags retrieved from /opt/airflow/dags/data/KPI Template.xlsx
[2024-10-11T01:44:32.845+0000] {processor.py:183} INFO - Processing /opt/airflow/dags/data/KPI Template.xlsx took 0.182 seconds
[2024-10-11T01:45:03.165+0000] {processor.py:161} INFO - Started process (PID=8017) to work on /opt/airflow/dags/data/KPI Template.xlsx
[2024-10-11T01:45:03.176+0000] {processor.py:830} INFO - Processing file /opt/airflow/dags/data/KPI Template.xlsx for tasks to queue
[2024-10-11T01:45:03.184+0000] {logging_mixin.py:188} INFO - [2024-10-11T01:45:03.183+0000] {dagbag.py:545} INFO - Filling up the DagBag from /opt/airflow/dags/data/KPI Template.xlsx
[2024-10-11T01:45:03.214+0000] {processor.py:842} WARNING - No viable dags retrieved from /opt/airflow/dags/data/KPI Template.xlsx
[2024-10-11T01:45:03.255+0000] {processor.py:183} INFO - Processing /opt/airflow/dags/data/KPI Template.xlsx took 0.113 seconds
[2024-10-11T01:45:33.710+0000] {processor.py:161} INFO - Started process (PID=8047) to work on /opt/airflow/dags/data/KPI Template.xlsx
[2024-10-11T01:45:33.713+0000] {processor.py:830} INFO - Processing file /opt/airflow/dags/data/KPI Template.xlsx for tasks to queue
[2024-10-11T01:45:33.719+0000] {logging_mixin.py:188} INFO - [2024-10-11T01:45:33.718+0000] {dagbag.py:545} INFO - Filling up the DagBag from /opt/airflow/dags/data/KPI Template.xlsx
[2024-10-11T01:45:33.771+0000] {processor.py:842} WARNING - No viable dags retrieved from /opt/airflow/dags/data/KPI Template.xlsx
[2024-10-11T01:45:33.829+0000] {processor.py:183} INFO - Processing /opt/airflow/dags/data/KPI Template.xlsx took 0.141 seconds
[2024-10-11T01:46:04.379+0000] {processor.py:161} INFO - Started process (PID=8083) to work on /opt/airflow/dags/data/KPI Template.xlsx
[2024-10-11T01:46:04.388+0000] {processor.py:830} INFO - Processing file /opt/airflow/dags/data/KPI Template.xlsx for tasks to queue
[2024-10-11T01:46:04.395+0000] {logging_mixin.py:188} INFO - [2024-10-11T01:46:04.393+0000] {dagbag.py:545} INFO - Filling up the DagBag from /opt/airflow/dags/data/KPI Template.xlsx
[2024-10-11T01:46:04.459+0000] {processor.py:842} WARNING - No viable dags retrieved from /opt/airflow/dags/data/KPI Template.xlsx
[2024-10-11T01:46:04.553+0000] {processor.py:183} INFO - Processing /opt/airflow/dags/data/KPI Template.xlsx took 0.217 seconds
[2024-10-11T01:46:35.354+0000] {processor.py:161} INFO - Started process (PID=8110) to work on /opt/airflow/dags/data/KPI Template.xlsx
[2024-10-11T01:46:35.358+0000] {processor.py:830} INFO - Processing file /opt/airflow/dags/data/KPI Template.xlsx for tasks to queue
[2024-10-11T01:46:35.364+0000] {logging_mixin.py:188} INFO - [2024-10-11T01:46:35.363+0000] {dagbag.py:545} INFO - Filling up the DagBag from /opt/airflow/dags/data/KPI Template.xlsx
[2024-10-11T01:46:35.421+0000] {processor.py:842} WARNING - No viable dags retrieved from /opt/airflow/dags/data/KPI Template.xlsx
[2024-10-11T01:46:35.504+0000] {processor.py:183} INFO - Processing /opt/airflow/dags/data/KPI Template.xlsx took 0.184 seconds
[2024-10-11T01:47:06.225+0000] {processor.py:161} INFO - Started process (PID=8145) to work on /opt/airflow/dags/data/KPI Template.xlsx
[2024-10-11T01:47:06.232+0000] {processor.py:830} INFO - Processing file /opt/airflow/dags/data/KPI Template.xlsx for tasks to queue
[2024-10-11T01:47:06.249+0000] {logging_mixin.py:188} INFO - [2024-10-11T01:47:06.248+0000] {dagbag.py:545} INFO - Filling up the DagBag from /opt/airflow/dags/data/KPI Template.xlsx
[2024-10-11T01:47:06.298+0000] {processor.py:842} WARNING - No viable dags retrieved from /opt/airflow/dags/data/KPI Template.xlsx
[2024-10-11T01:47:06.360+0000] {processor.py:183} INFO - Processing /opt/airflow/dags/data/KPI Template.xlsx took 0.166 seconds
[2024-10-11T01:47:36.854+0000] {processor.py:161} INFO - Started process (PID=8174) to work on /opt/airflow/dags/data/KPI Template.xlsx
[2024-10-11T01:47:36.858+0000] {processor.py:830} INFO - Processing file /opt/airflow/dags/data/KPI Template.xlsx for tasks to queue
[2024-10-11T01:47:36.863+0000] {logging_mixin.py:188} INFO - [2024-10-11T01:47:36.862+0000] {dagbag.py:545} INFO - Filling up the DagBag from /opt/airflow/dags/data/KPI Template.xlsx
[2024-10-11T01:47:36.899+0000] {processor.py:842} WARNING - No viable dags retrieved from /opt/airflow/dags/data/KPI Template.xlsx
[2024-10-11T01:47:36.941+0000] {processor.py:183} INFO - Processing /opt/airflow/dags/data/KPI Template.xlsx took 0.107 seconds
[2024-10-11T01:48:07.993+0000] {processor.py:161} INFO - Started process (PID=8209) to work on /opt/airflow/dags/data/KPI Template.xlsx
[2024-10-11T01:48:07.997+0000] {processor.py:830} INFO - Processing file /opt/airflow/dags/data/KPI Template.xlsx for tasks to queue
[2024-10-11T01:48:08.011+0000] {logging_mixin.py:188} INFO - [2024-10-11T01:48:08.004+0000] {dagbag.py:545} INFO - Filling up the DagBag from /opt/airflow/dags/data/KPI Template.xlsx
[2024-10-11T01:48:08.059+0000] {processor.py:842} WARNING - No viable dags retrieved from /opt/airflow/dags/data/KPI Template.xlsx
[2024-10-11T01:48:08.148+0000] {processor.py:183} INFO - Processing /opt/airflow/dags/data/KPI Template.xlsx took 0.190 seconds
[2024-10-11T01:48:38.579+0000] {processor.py:161} INFO - Started process (PID=8233) to work on /opt/airflow/dags/data/KPI Template.xlsx
[2024-10-11T01:48:38.582+0000] {processor.py:830} INFO - Processing file /opt/airflow/dags/data/KPI Template.xlsx for tasks to queue
[2024-10-11T01:48:38.589+0000] {logging_mixin.py:188} INFO - [2024-10-11T01:48:38.588+0000] {dagbag.py:545} INFO - Filling up the DagBag from /opt/airflow/dags/data/KPI Template.xlsx
[2024-10-11T01:48:38.631+0000] {processor.py:842} WARNING - No viable dags retrieved from /opt/airflow/dags/data/KPI Template.xlsx
[2024-10-11T01:48:38.693+0000] {processor.py:183} INFO - Processing /opt/airflow/dags/data/KPI Template.xlsx took 0.142 seconds
[2024-10-11T01:49:09.220+0000] {processor.py:161} INFO - Started process (PID=8269) to work on /opt/airflow/dags/data/KPI Template.xlsx
[2024-10-11T01:49:09.223+0000] {processor.py:830} INFO - Processing file /opt/airflow/dags/data/KPI Template.xlsx for tasks to queue
[2024-10-11T01:49:09.230+0000] {logging_mixin.py:188} INFO - [2024-10-11T01:49:09.229+0000] {dagbag.py:545} INFO - Filling up the DagBag from /opt/airflow/dags/data/KPI Template.xlsx
[2024-10-11T01:49:09.269+0000] {processor.py:842} WARNING - No viable dags retrieved from /opt/airflow/dags/data/KPI Template.xlsx
[2024-10-11T01:49:09.314+0000] {processor.py:183} INFO - Processing /opt/airflow/dags/data/KPI Template.xlsx took 0.123 seconds
[2024-10-11T01:49:40.044+0000] {processor.py:161} INFO - Started process (PID=8296) to work on /opt/airflow/dags/data/KPI Template.xlsx
[2024-10-11T01:49:40.049+0000] {processor.py:830} INFO - Processing file /opt/airflow/dags/data/KPI Template.xlsx for tasks to queue
[2024-10-11T01:49:40.059+0000] {logging_mixin.py:188} INFO - [2024-10-11T01:49:40.056+0000] {dagbag.py:545} INFO - Filling up the DagBag from /opt/airflow/dags/data/KPI Template.xlsx
[2024-10-11T01:49:40.106+0000] {processor.py:842} WARNING - No viable dags retrieved from /opt/airflow/dags/data/KPI Template.xlsx
[2024-10-11T01:49:40.172+0000] {processor.py:183} INFO - Processing /opt/airflow/dags/data/KPI Template.xlsx took 0.153 seconds
[2024-10-11T01:50:10.537+0000] {processor.py:161} INFO - Started process (PID=8331) to work on /opt/airflow/dags/data/KPI Template.xlsx
[2024-10-11T01:50:10.542+0000] {processor.py:830} INFO - Processing file /opt/airflow/dags/data/KPI Template.xlsx for tasks to queue
[2024-10-11T01:50:10.551+0000] {logging_mixin.py:188} INFO - [2024-10-11T01:50:10.547+0000] {dagbag.py:545} INFO - Filling up the DagBag from /opt/airflow/dags/data/KPI Template.xlsx
[2024-10-11T01:50:10.581+0000] {processor.py:842} WARNING - No viable dags retrieved from /opt/airflow/dags/data/KPI Template.xlsx
[2024-10-11T01:50:10.623+0000] {processor.py:183} INFO - Processing /opt/airflow/dags/data/KPI Template.xlsx took 0.112 seconds
[2024-10-11T01:50:41.056+0000] {processor.py:161} INFO - Started process (PID=8362) to work on /opt/airflow/dags/data/KPI Template.xlsx
[2024-10-11T01:50:41.058+0000] {processor.py:830} INFO - Processing file /opt/airflow/dags/data/KPI Template.xlsx for tasks to queue
[2024-10-11T01:50:41.075+0000] {logging_mixin.py:188} INFO - [2024-10-11T01:50:41.067+0000] {dagbag.py:545} INFO - Filling up the DagBag from /opt/airflow/dags/data/KPI Template.xlsx
[2024-10-11T01:50:41.121+0000] {processor.py:842} WARNING - No viable dags retrieved from /opt/airflow/dags/data/KPI Template.xlsx
[2024-10-11T01:50:41.183+0000] {processor.py:183} INFO - Processing /opt/airflow/dags/data/KPI Template.xlsx took 0.150 seconds
[2024-10-11T01:51:11.697+0000] {processor.py:161} INFO - Started process (PID=8397) to work on /opt/airflow/dags/data/KPI Template.xlsx
[2024-10-11T01:51:11.699+0000] {processor.py:830} INFO - Processing file /opt/airflow/dags/data/KPI Template.xlsx for tasks to queue
[2024-10-11T01:51:11.708+0000] {logging_mixin.py:188} INFO - [2024-10-11T01:51:11.707+0000] {dagbag.py:545} INFO - Filling up the DagBag from /opt/airflow/dags/data/KPI Template.xlsx
[2024-10-11T01:51:11.748+0000] {processor.py:842} WARNING - No viable dags retrieved from /opt/airflow/dags/data/KPI Template.xlsx
[2024-10-11T01:51:11.814+0000] {processor.py:183} INFO - Processing /opt/airflow/dags/data/KPI Template.xlsx took 0.137 seconds
[2024-10-11T01:51:42.131+0000] {processor.py:161} INFO - Started process (PID=8423) to work on /opt/airflow/dags/data/KPI Template.xlsx
[2024-10-11T01:51:42.137+0000] {processor.py:830} INFO - Processing file /opt/airflow/dags/data/KPI Template.xlsx for tasks to queue
[2024-10-11T01:51:42.141+0000] {logging_mixin.py:188} INFO - [2024-10-11T01:51:42.140+0000] {dagbag.py:545} INFO - Filling up the DagBag from /opt/airflow/dags/data/KPI Template.xlsx
[2024-10-11T01:51:42.171+0000] {processor.py:842} WARNING - No viable dags retrieved from /opt/airflow/dags/data/KPI Template.xlsx
[2024-10-11T01:51:42.218+0000] {processor.py:183} INFO - Processing /opt/airflow/dags/data/KPI Template.xlsx took 0.111 seconds
[2024-10-11T01:52:12.592+0000] {processor.py:161} INFO - Started process (PID=8458) to work on /opt/airflow/dags/data/KPI Template.xlsx
[2024-10-11T01:52:12.599+0000] {processor.py:830} INFO - Processing file /opt/airflow/dags/data/KPI Template.xlsx for tasks to queue
[2024-10-11T01:52:12.608+0000] {logging_mixin.py:188} INFO - [2024-10-11T01:52:12.607+0000] {dagbag.py:545} INFO - Filling up the DagBag from /opt/airflow/dags/data/KPI Template.xlsx
[2024-10-11T01:52:12.648+0000] {processor.py:842} WARNING - No viable dags retrieved from /opt/airflow/dags/data/KPI Template.xlsx
[2024-10-11T01:52:12.698+0000] {processor.py:183} INFO - Processing /opt/airflow/dags/data/KPI Template.xlsx took 0.130 seconds
[2024-10-11T01:52:43.150+0000] {processor.py:161} INFO - Started process (PID=8486) to work on /opt/airflow/dags/data/KPI Template.xlsx
[2024-10-11T01:52:43.153+0000] {processor.py:830} INFO - Processing file /opt/airflow/dags/data/KPI Template.xlsx for tasks to queue
[2024-10-11T01:52:43.162+0000] {logging_mixin.py:188} INFO - [2024-10-11T01:52:43.160+0000] {dagbag.py:545} INFO - Filling up the DagBag from /opt/airflow/dags/data/KPI Template.xlsx
[2024-10-11T01:52:43.201+0000] {processor.py:842} WARNING - No viable dags retrieved from /opt/airflow/dags/data/KPI Template.xlsx
[2024-10-11T01:52:43.249+0000] {processor.py:183} INFO - Processing /opt/airflow/dags/data/KPI Template.xlsx took 0.135 seconds
[2024-10-11T01:53:14.233+0000] {processor.py:161} INFO - Started process (PID=8522) to work on /opt/airflow/dags/data/KPI Template.xlsx
[2024-10-11T01:53:14.243+0000] {processor.py:830} INFO - Processing file /opt/airflow/dags/data/KPI Template.xlsx for tasks to queue
[2024-10-11T01:53:14.255+0000] {logging_mixin.py:188} INFO - [2024-10-11T01:53:14.254+0000] {dagbag.py:545} INFO - Filling up the DagBag from /opt/airflow/dags/data/KPI Template.xlsx
[2024-10-11T01:53:14.321+0000] {processor.py:842} WARNING - No viable dags retrieved from /opt/airflow/dags/data/KPI Template.xlsx
[2024-10-11T01:53:14.382+0000] {processor.py:183} INFO - Processing /opt/airflow/dags/data/KPI Template.xlsx took 0.189 seconds
[2024-10-11T01:53:44.925+0000] {processor.py:161} INFO - Started process (PID=8557) to work on /opt/airflow/dags/data/KPI Template.xlsx
[2024-10-11T01:53:44.932+0000] {processor.py:830} INFO - Processing file /opt/airflow/dags/data/KPI Template.xlsx for tasks to queue
[2024-10-11T01:53:44.944+0000] {logging_mixin.py:188} INFO - [2024-10-11T01:53:44.943+0000] {dagbag.py:545} INFO - Filling up the DagBag from /opt/airflow/dags/data/KPI Template.xlsx
[2024-10-11T01:53:44.985+0000] {processor.py:842} WARNING - No viable dags retrieved from /opt/airflow/dags/data/KPI Template.xlsx
[2024-10-11T01:53:45.037+0000] {processor.py:183} INFO - Processing /opt/airflow/dags/data/KPI Template.xlsx took 0.144 seconds
[2024-10-11T01:54:15.699+0000] {processor.py:161} INFO - Started process (PID=8585) to work on /opt/airflow/dags/data/KPI Template.xlsx
[2024-10-11T01:54:15.705+0000] {processor.py:830} INFO - Processing file /opt/airflow/dags/data/KPI Template.xlsx for tasks to queue
[2024-10-11T01:54:15.714+0000] {logging_mixin.py:188} INFO - [2024-10-11T01:54:15.709+0000] {dagbag.py:545} INFO - Filling up the DagBag from /opt/airflow/dags/data/KPI Template.xlsx
[2024-10-11T01:54:15.750+0000] {processor.py:842} WARNING - No viable dags retrieved from /opt/airflow/dags/data/KPI Template.xlsx
[2024-10-11T01:54:15.807+0000] {processor.py:183} INFO - Processing /opt/airflow/dags/data/KPI Template.xlsx took 0.132 seconds
[2024-10-11T01:54:46.398+0000] {processor.py:161} INFO - Started process (PID=8620) to work on /opt/airflow/dags/data/KPI Template.xlsx
[2024-10-11T01:54:46.401+0000] {processor.py:830} INFO - Processing file /opt/airflow/dags/data/KPI Template.xlsx for tasks to queue
[2024-10-11T01:54:46.408+0000] {logging_mixin.py:188} INFO - [2024-10-11T01:54:46.408+0000] {dagbag.py:545} INFO - Filling up the DagBag from /opt/airflow/dags/data/KPI Template.xlsx
[2024-10-11T01:54:46.446+0000] {processor.py:842} WARNING - No viable dags retrieved from /opt/airflow/dags/data/KPI Template.xlsx
[2024-10-11T01:54:46.508+0000] {processor.py:183} INFO - Processing /opt/airflow/dags/data/KPI Template.xlsx took 0.142 seconds
[2024-10-11T01:55:17.230+0000] {processor.py:161} INFO - Started process (PID=8648) to work on /opt/airflow/dags/data/KPI Template.xlsx
[2024-10-11T01:55:17.232+0000] {processor.py:830} INFO - Processing file /opt/airflow/dags/data/KPI Template.xlsx for tasks to queue
[2024-10-11T01:55:17.241+0000] {logging_mixin.py:188} INFO - [2024-10-11T01:55:17.241+0000] {dagbag.py:545} INFO - Filling up the DagBag from /opt/airflow/dags/data/KPI Template.xlsx
[2024-10-11T01:55:17.298+0000] {processor.py:842} WARNING - No viable dags retrieved from /opt/airflow/dags/data/KPI Template.xlsx
[2024-10-11T01:55:17.380+0000] {processor.py:183} INFO - Processing /opt/airflow/dags/data/KPI Template.xlsx took 0.186 seconds
[2024-10-11T01:55:47.772+0000] {processor.py:161} INFO - Started process (PID=8677) to work on /opt/airflow/dags/data/KPI Template.xlsx
[2024-10-11T01:55:47.779+0000] {processor.py:830} INFO - Processing file /opt/airflow/dags/data/KPI Template.xlsx for tasks to queue
[2024-10-11T01:55:47.789+0000] {logging_mixin.py:188} INFO - [2024-10-11T01:55:47.783+0000] {dagbag.py:545} INFO - Filling up the DagBag from /opt/airflow/dags/data/KPI Template.xlsx
[2024-10-11T01:55:47.849+0000] {processor.py:842} WARNING - No viable dags retrieved from /opt/airflow/dags/data/KPI Template.xlsx
[2024-10-11T01:55:47.903+0000] {processor.py:183} INFO - Processing /opt/airflow/dags/data/KPI Template.xlsx took 0.158 seconds
[2024-10-11T01:56:18.312+0000] {processor.py:161} INFO - Started process (PID=8705) to work on /opt/airflow/dags/data/KPI Template.xlsx
[2024-10-11T01:56:18.318+0000] {processor.py:830} INFO - Processing file /opt/airflow/dags/data/KPI Template.xlsx for tasks to queue
[2024-10-11T01:56:18.328+0000] {logging_mixin.py:188} INFO - [2024-10-11T01:56:18.323+0000] {dagbag.py:545} INFO - Filling up the DagBag from /opt/airflow/dags/data/KPI Template.xlsx
[2024-10-11T01:56:18.373+0000] {processor.py:842} WARNING - No viable dags retrieved from /opt/airflow/dags/data/KPI Template.xlsx
[2024-10-11T01:56:18.423+0000] {processor.py:183} INFO - Processing /opt/airflow/dags/data/KPI Template.xlsx took 0.143 seconds
[2024-10-11T01:56:49.521+0000] {processor.py:161} INFO - Started process (PID=8740) to work on /opt/airflow/dags/data/KPI Template.xlsx
[2024-10-11T01:56:49.523+0000] {processor.py:830} INFO - Processing file /opt/airflow/dags/data/KPI Template.xlsx for tasks to queue
[2024-10-11T01:56:49.534+0000] {logging_mixin.py:188} INFO - [2024-10-11T01:56:49.533+0000] {dagbag.py:545} INFO - Filling up the DagBag from /opt/airflow/dags/data/KPI Template.xlsx
[2024-10-11T01:56:49.575+0000] {processor.py:842} WARNING - No viable dags retrieved from /opt/airflow/dags/data/KPI Template.xlsx
[2024-10-11T01:56:49.642+0000] {processor.py:183} INFO - Processing /opt/airflow/dags/data/KPI Template.xlsx took 0.157 seconds
[2024-10-11T01:57:20.484+0000] {processor.py:161} INFO - Started process (PID=8768) to work on /opt/airflow/dags/data/KPI Template.xlsx
[2024-10-11T01:57:20.487+0000] {processor.py:830} INFO - Processing file /opt/airflow/dags/data/KPI Template.xlsx for tasks to queue
[2024-10-11T01:57:20.499+0000] {logging_mixin.py:188} INFO - [2024-10-11T01:57:20.498+0000] {dagbag.py:545} INFO - Filling up the DagBag from /opt/airflow/dags/data/KPI Template.xlsx
[2024-10-11T01:57:20.548+0000] {processor.py:842} WARNING - No viable dags retrieved from /opt/airflow/dags/data/KPI Template.xlsx
[2024-10-11T01:57:20.619+0000] {processor.py:183} INFO - Processing /opt/airflow/dags/data/KPI Template.xlsx took 0.172 seconds
[2024-10-11T01:57:51.801+0000] {processor.py:161} INFO - Started process (PID=8804) to work on /opt/airflow/dags/data/KPI Template.xlsx
[2024-10-11T01:57:51.808+0000] {processor.py:830} INFO - Processing file /opt/airflow/dags/data/KPI Template.xlsx for tasks to queue
[2024-10-11T01:57:51.818+0000] {logging_mixin.py:188} INFO - [2024-10-11T01:57:51.813+0000] {dagbag.py:545} INFO - Filling up the DagBag from /opt/airflow/dags/data/KPI Template.xlsx
[2024-10-11T01:57:51.860+0000] {processor.py:842} WARNING - No viable dags retrieved from /opt/airflow/dags/data/KPI Template.xlsx
[2024-10-11T01:57:51.931+0000] {processor.py:183} INFO - Processing /opt/airflow/dags/data/KPI Template.xlsx took 0.159 seconds
[2024-10-11T01:58:22.394+0000] {processor.py:161} INFO - Started process (PID=8832) to work on /opt/airflow/dags/data/KPI Template.xlsx
[2024-10-11T01:58:22.398+0000] {processor.py:830} INFO - Processing file /opt/airflow/dags/data/KPI Template.xlsx for tasks to queue
[2024-10-11T01:58:22.414+0000] {logging_mixin.py:188} INFO - [2024-10-11T01:58:22.408+0000] {dagbag.py:545} INFO - Filling up the DagBag from /opt/airflow/dags/data/KPI Template.xlsx
[2024-10-11T01:58:22.458+0000] {processor.py:842} WARNING - No viable dags retrieved from /opt/airflow/dags/data/KPI Template.xlsx
[2024-10-11T01:58:22.529+0000] {processor.py:183} INFO - Processing /opt/airflow/dags/data/KPI Template.xlsx took 0.200 seconds
[2024-10-11T01:58:52.890+0000] {processor.py:161} INFO - Started process (PID=8867) to work on /opt/airflow/dags/data/KPI Template.xlsx
[2024-10-11T01:58:52.898+0000] {processor.py:830} INFO - Processing file /opt/airflow/dags/data/KPI Template.xlsx for tasks to queue
[2024-10-11T01:58:52.909+0000] {logging_mixin.py:188} INFO - [2024-10-11T01:58:52.908+0000] {dagbag.py:545} INFO - Filling up the DagBag from /opt/airflow/dags/data/KPI Template.xlsx
[2024-10-11T01:58:52.976+0000] {processor.py:842} WARNING - No viable dags retrieved from /opt/airflow/dags/data/KPI Template.xlsx
[2024-10-11T01:58:53.048+0000] {processor.py:183} INFO - Processing /opt/airflow/dags/data/KPI Template.xlsx took 0.189 seconds
[2024-10-11T01:59:23.644+0000] {processor.py:161} INFO - Started process (PID=8895) to work on /opt/airflow/dags/data/KPI Template.xlsx
[2024-10-11T01:59:23.653+0000] {processor.py:830} INFO - Processing file /opt/airflow/dags/data/KPI Template.xlsx for tasks to queue
[2024-10-11T01:59:23.674+0000] {logging_mixin.py:188} INFO - [2024-10-11T01:59:23.673+0000] {dagbag.py:545} INFO - Filling up the DagBag from /opt/airflow/dags/data/KPI Template.xlsx
[2024-10-11T01:59:23.902+0000] {processor.py:842} WARNING - No viable dags retrieved from /opt/airflow/dags/data/KPI Template.xlsx
[2024-10-11T01:59:24.050+0000] {processor.py:183} INFO - Processing /opt/airflow/dags/data/KPI Template.xlsx took 0.466 seconds
[2024-10-11T01:59:54.519+0000] {processor.py:161} INFO - Started process (PID=8930) to work on /opt/airflow/dags/data/KPI Template.xlsx
[2024-10-11T01:59:54.527+0000] {processor.py:830} INFO - Processing file /opt/airflow/dags/data/KPI Template.xlsx for tasks to queue
[2024-10-11T01:59:54.544+0000] {logging_mixin.py:188} INFO - [2024-10-11T01:59:54.539+0000] {dagbag.py:545} INFO - Filling up the DagBag from /opt/airflow/dags/data/KPI Template.xlsx
[2024-10-11T01:59:54.615+0000] {processor.py:842} WARNING - No viable dags retrieved from /opt/airflow/dags/data/KPI Template.xlsx
[2024-10-11T01:59:54.714+0000] {processor.py:183} INFO - Processing /opt/airflow/dags/data/KPI Template.xlsx took 0.237 seconds
[2024-10-11T02:00:27.180+0000] {processor.py:161} INFO - Started process (PID=8958) to work on /opt/airflow/dags/data/KPI Template.xlsx
[2024-10-11T02:00:27.199+0000] {processor.py:830} INFO - Processing file /opt/airflow/dags/data/KPI Template.xlsx for tasks to queue
[2024-10-11T02:00:27.260+0000] {logging_mixin.py:188} INFO - [2024-10-11T02:00:27.244+0000] {dagbag.py:545} INFO - Filling up the DagBag from /opt/airflow/dags/data/KPI Template.xlsx
[2024-10-11T02:00:27.909+0000] {processor.py:842} WARNING - No viable dags retrieved from /opt/airflow/dags/data/KPI Template.xlsx
[2024-10-11T02:00:28.192+0000] {processor.py:183} INFO - Processing /opt/airflow/dags/data/KPI Template.xlsx took 1.109 seconds
[2024-10-11T02:00:59.735+0000] {processor.py:161} INFO - Started process (PID=8993) to work on /opt/airflow/dags/data/KPI Template.xlsx
[2024-10-11T02:00:59.744+0000] {processor.py:830} INFO - Processing file /opt/airflow/dags/data/KPI Template.xlsx for tasks to queue
[2024-10-11T02:00:59.795+0000] {logging_mixin.py:188} INFO - [2024-10-11T02:00:59.782+0000] {dagbag.py:545} INFO - Filling up the DagBag from /opt/airflow/dags/data/KPI Template.xlsx
[2024-10-11T02:01:00.114+0000] {processor.py:842} WARNING - No viable dags retrieved from /opt/airflow/dags/data/KPI Template.xlsx
[2024-10-11T02:01:00.254+0000] {processor.py:183} INFO - Processing /opt/airflow/dags/data/KPI Template.xlsx took 0.632 seconds
[2024-10-11T02:01:31.111+0000] {processor.py:161} INFO - Started process (PID=9024) to work on /opt/airflow/dags/data/KPI Template.xlsx
[2024-10-11T02:01:31.114+0000] {processor.py:830} INFO - Processing file /opt/airflow/dags/data/KPI Template.xlsx for tasks to queue
[2024-10-11T02:01:31.145+0000] {logging_mixin.py:188} INFO - [2024-10-11T02:01:31.144+0000] {dagbag.py:545} INFO - Filling up the DagBag from /opt/airflow/dags/data/KPI Template.xlsx
[2024-10-11T02:01:31.215+0000] {processor.py:842} WARNING - No viable dags retrieved from /opt/airflow/dags/data/KPI Template.xlsx
[2024-10-11T02:01:31.354+0000] {processor.py:183} INFO - Processing /opt/airflow/dags/data/KPI Template.xlsx took 0.330 seconds
[2024-10-11T02:02:01.849+0000] {processor.py:161} INFO - Started process (PID=9052) to work on /opt/airflow/dags/data/KPI Template.xlsx
[2024-10-11T02:02:01.865+0000] {processor.py:830} INFO - Processing file /opt/airflow/dags/data/KPI Template.xlsx for tasks to queue
[2024-10-11T02:02:01.876+0000] {logging_mixin.py:188} INFO - [2024-10-11T02:02:01.875+0000] {dagbag.py:545} INFO - Filling up the DagBag from /opt/airflow/dags/data/KPI Template.xlsx
[2024-10-11T02:02:01.949+0000] {processor.py:842} WARNING - No viable dags retrieved from /opt/airflow/dags/data/KPI Template.xlsx
[2024-10-11T02:02:02.026+0000] {processor.py:183} INFO - Processing /opt/airflow/dags/data/KPI Template.xlsx took 0.218 seconds
[2024-10-11T02:02:32.767+0000] {processor.py:161} INFO - Started process (PID=9087) to work on /opt/airflow/dags/data/KPI Template.xlsx
[2024-10-11T02:02:32.776+0000] {processor.py:830} INFO - Processing file /opt/airflow/dags/data/KPI Template.xlsx for tasks to queue
[2024-10-11T02:02:32.799+0000] {logging_mixin.py:188} INFO - [2024-10-11T02:02:32.797+0000] {dagbag.py:545} INFO - Filling up the DagBag from /opt/airflow/dags/data/KPI Template.xlsx
[2024-10-11T02:02:32.879+0000] {processor.py:842} WARNING - No viable dags retrieved from /opt/airflow/dags/data/KPI Template.xlsx
[2024-10-11T02:02:32.978+0000] {processor.py:183} INFO - Processing /opt/airflow/dags/data/KPI Template.xlsx took 0.282 seconds
[2024-10-11T02:03:04.143+0000] {processor.py:161} INFO - Started process (PID=9115) to work on /opt/airflow/dags/data/KPI Template.xlsx
[2024-10-11T02:03:04.151+0000] {processor.py:830} INFO - Processing file /opt/airflow/dags/data/KPI Template.xlsx for tasks to queue
[2024-10-11T02:03:04.171+0000] {logging_mixin.py:188} INFO - [2024-10-11T02:03:04.169+0000] {dagbag.py:545} INFO - Filling up the DagBag from /opt/airflow/dags/data/KPI Template.xlsx
[2024-10-11T02:03:04.302+0000] {processor.py:842} WARNING - No viable dags retrieved from /opt/airflow/dags/data/KPI Template.xlsx
[2024-10-11T02:03:04.450+0000] {processor.py:183} INFO - Processing /opt/airflow/dags/data/KPI Template.xlsx took 0.390 seconds
[2024-10-11T02:03:35.169+0000] {processor.py:161} INFO - Started process (PID=9150) to work on /opt/airflow/dags/data/KPI Template.xlsx
[2024-10-11T02:03:35.172+0000] {processor.py:830} INFO - Processing file /opt/airflow/dags/data/KPI Template.xlsx for tasks to queue
[2024-10-11T02:03:35.190+0000] {logging_mixin.py:188} INFO - [2024-10-11T02:03:35.189+0000] {dagbag.py:545} INFO - Filling up the DagBag from /opt/airflow/dags/data/KPI Template.xlsx
[2024-10-11T02:03:35.280+0000] {processor.py:842} WARNING - No viable dags retrieved from /opt/airflow/dags/data/KPI Template.xlsx
[2024-10-11T02:03:35.380+0000] {processor.py:183} INFO - Processing /opt/airflow/dags/data/KPI Template.xlsx took 0.261 seconds
[2024-10-11T02:04:06.143+0000] {processor.py:161} INFO - Started process (PID=9178) to work on /opt/airflow/dags/data/KPI Template.xlsx
[2024-10-11T02:04:06.145+0000] {processor.py:830} INFO - Processing file /opt/airflow/dags/data/KPI Template.xlsx for tasks to queue
[2024-10-11T02:04:06.162+0000] {logging_mixin.py:188} INFO - [2024-10-11T02:04:06.155+0000] {dagbag.py:545} INFO - Filling up the DagBag from /opt/airflow/dags/data/KPI Template.xlsx
[2024-10-11T02:04:06.222+0000] {processor.py:842} WARNING - No viable dags retrieved from /opt/airflow/dags/data/KPI Template.xlsx
[2024-10-11T02:04:06.304+0000] {processor.py:183} INFO - Processing /opt/airflow/dags/data/KPI Template.xlsx took 0.233 seconds
[2024-10-11T02:04:37.012+0000] {processor.py:161} INFO - Started process (PID=9213) to work on /opt/airflow/dags/data/KPI Template.xlsx
[2024-10-11T02:04:37.020+0000] {processor.py:830} INFO - Processing file /opt/airflow/dags/data/KPI Template.xlsx for tasks to queue
[2024-10-11T02:04:37.040+0000] {logging_mixin.py:188} INFO - [2024-10-11T02:04:37.039+0000] {dagbag.py:545} INFO - Filling up the DagBag from /opt/airflow/dags/data/KPI Template.xlsx
[2024-10-11T02:04:37.120+0000] {processor.py:842} WARNING - No viable dags retrieved from /opt/airflow/dags/data/KPI Template.xlsx
[2024-10-11T02:04:37.211+0000] {processor.py:183} INFO - Processing /opt/airflow/dags/data/KPI Template.xlsx took 0.248 seconds
[2024-10-11T02:05:07.922+0000] {processor.py:161} INFO - Started process (PID=9239) to work on /opt/airflow/dags/data/KPI Template.xlsx
[2024-10-11T02:05:07.925+0000] {processor.py:830} INFO - Processing file /opt/airflow/dags/data/KPI Template.xlsx for tasks to queue
[2024-10-11T02:05:07.943+0000] {logging_mixin.py:188} INFO - [2024-10-11T02:05:07.936+0000] {dagbag.py:545} INFO - Filling up the DagBag from /opt/airflow/dags/data/KPI Template.xlsx
[2024-10-11T02:05:08.006+0000] {processor.py:842} WARNING - No viable dags retrieved from /opt/airflow/dags/data/KPI Template.xlsx
[2024-10-11T02:05:08.095+0000] {processor.py:183} INFO - Processing /opt/airflow/dags/data/KPI Template.xlsx took 0.220 seconds
[2024-10-11T02:05:39.014+0000] {processor.py:161} INFO - Started process (PID=9271) to work on /opt/airflow/dags/data/KPI Template.xlsx
[2024-10-11T02:05:39.033+0000] {processor.py:830} INFO - Processing file /opt/airflow/dags/data/KPI Template.xlsx for tasks to queue
[2024-10-11T02:05:39.051+0000] {logging_mixin.py:188} INFO - [2024-10-11T02:05:39.045+0000] {dagbag.py:545} INFO - Filling up the DagBag from /opt/airflow/dags/data/KPI Template.xlsx
[2024-10-11T02:05:39.154+0000] {processor.py:842} WARNING - No viable dags retrieved from /opt/airflow/dags/data/KPI Template.xlsx
[2024-10-11T02:05:39.244+0000] {processor.py:183} INFO - Processing /opt/airflow/dags/data/KPI Template.xlsx took 0.272 seconds
[2024-10-11T02:06:10.126+0000] {processor.py:161} INFO - Started process (PID=9299) to work on /opt/airflow/dags/data/KPI Template.xlsx
[2024-10-11T02:06:10.138+0000] {processor.py:830} INFO - Processing file /opt/airflow/dags/data/KPI Template.xlsx for tasks to queue
[2024-10-11T02:06:10.166+0000] {logging_mixin.py:188} INFO - [2024-10-11T02:06:10.165+0000] {dagbag.py:545} INFO - Filling up the DagBag from /opt/airflow/dags/data/KPI Template.xlsx
[2024-10-11T02:06:10.258+0000] {processor.py:842} WARNING - No viable dags retrieved from /opt/airflow/dags/data/KPI Template.xlsx
[2024-10-11T02:06:10.428+0000] {processor.py:183} INFO - Processing /opt/airflow/dags/data/KPI Template.xlsx took 0.399 seconds
[2024-10-11T02:06:41.512+0000] {processor.py:161} INFO - Started process (PID=9334) to work on /opt/airflow/dags/data/KPI Template.xlsx
[2024-10-11T02:06:41.522+0000] {processor.py:830} INFO - Processing file /opt/airflow/dags/data/KPI Template.xlsx for tasks to queue
[2024-10-11T02:06:41.549+0000] {logging_mixin.py:188} INFO - [2024-10-11T02:06:41.542+0000] {dagbag.py:545} INFO - Filling up the DagBag from /opt/airflow/dags/data/KPI Template.xlsx
[2024-10-11T02:06:41.640+0000] {processor.py:842} WARNING - No viable dags retrieved from /opt/airflow/dags/data/KPI Template.xlsx
[2024-10-11T02:06:41.760+0000] {processor.py:183} INFO - Processing /opt/airflow/dags/data/KPI Template.xlsx took 0.307 seconds
[2024-10-11T02:07:12.368+0000] {processor.py:161} INFO - Started process (PID=9363) to work on /opt/airflow/dags/data/KPI Template.xlsx
[2024-10-11T02:07:12.371+0000] {processor.py:830} INFO - Processing file /opt/airflow/dags/data/KPI Template.xlsx for tasks to queue
[2024-10-11T02:07:12.390+0000] {logging_mixin.py:188} INFO - [2024-10-11T02:07:12.389+0000] {dagbag.py:545} INFO - Filling up the DagBag from /opt/airflow/dags/data/KPI Template.xlsx
[2024-10-11T02:07:12.598+0000] {processor.py:842} WARNING - No viable dags retrieved from /opt/airflow/dags/data/KPI Template.xlsx
[2024-10-11T02:07:12.718+0000] {processor.py:183} INFO - Processing /opt/airflow/dags/data/KPI Template.xlsx took 0.408 seconds
[2024-10-11T02:07:43.632+0000] {processor.py:161} INFO - Started process (PID=9398) to work on /opt/airflow/dags/data/KPI Template.xlsx
[2024-10-11T02:07:43.664+0000] {processor.py:830} INFO - Processing file /opt/airflow/dags/data/KPI Template.xlsx for tasks to queue
[2024-10-11T02:07:43.742+0000] {logging_mixin.py:188} INFO - [2024-10-11T02:07:43.725+0000] {dagbag.py:545} INFO - Filling up the DagBag from /opt/airflow/dags/data/KPI Template.xlsx
[2024-10-11T02:07:43.922+0000] {processor.py:842} WARNING - No viable dags retrieved from /opt/airflow/dags/data/KPI Template.xlsx
[2024-10-11T02:07:44.165+0000] {processor.py:183} INFO - Processing /opt/airflow/dags/data/KPI Template.xlsx took 0.622 seconds
[2024-10-11T02:08:15.038+0000] {processor.py:161} INFO - Started process (PID=9426) to work on /opt/airflow/dags/data/KPI Template.xlsx
[2024-10-11T02:08:15.057+0000] {processor.py:830} INFO - Processing file /opt/airflow/dags/data/KPI Template.xlsx for tasks to queue
[2024-10-11T02:08:15.090+0000] {logging_mixin.py:188} INFO - [2024-10-11T02:08:15.089+0000] {dagbag.py:545} INFO - Filling up the DagBag from /opt/airflow/dags/data/KPI Template.xlsx
[2024-10-11T02:08:15.179+0000] {processor.py:842} WARNING - No viable dags retrieved from /opt/airflow/dags/data/KPI Template.xlsx
[2024-10-11T02:08:15.318+0000] {processor.py:183} INFO - Processing /opt/airflow/dags/data/KPI Template.xlsx took 0.361 seconds
[2024-10-11T02:08:48.025+0000] {processor.py:161} INFO - Started process (PID=9460) to work on /opt/airflow/dags/data/KPI Template.xlsx
[2024-10-11T02:08:48.038+0000] {processor.py:830} INFO - Processing file /opt/airflow/dags/data/KPI Template.xlsx for tasks to queue
[2024-10-11T02:08:48.076+0000] {logging_mixin.py:188} INFO - [2024-10-11T02:08:48.075+0000] {dagbag.py:545} INFO - Filling up the DagBag from /opt/airflow/dags/data/KPI Template.xlsx
[2024-10-11T02:08:48.364+0000] {processor.py:842} WARNING - No viable dags retrieved from /opt/airflow/dags/data/KPI Template.xlsx
[2024-10-11T02:08:48.535+0000] {processor.py:183} INFO - Processing /opt/airflow/dags/data/KPI Template.xlsx took 0.599 seconds
[2024-10-11T02:09:19.161+0000] {processor.py:161} INFO - Started process (PID=9486) to work on /opt/airflow/dags/data/KPI Template.xlsx
[2024-10-11T02:09:19.188+0000] {processor.py:830} INFO - Processing file /opt/airflow/dags/data/KPI Template.xlsx for tasks to queue
[2024-10-11T02:09:19.210+0000] {logging_mixin.py:188} INFO - [2024-10-11T02:09:19.209+0000] {dagbag.py:545} INFO - Filling up the DagBag from /opt/airflow/dags/data/KPI Template.xlsx
[2024-10-11T02:09:19.330+0000] {processor.py:842} WARNING - No viable dags retrieved from /opt/airflow/dags/data/KPI Template.xlsx
[2024-10-11T02:09:19.490+0000] {processor.py:183} INFO - Processing /opt/airflow/dags/data/KPI Template.xlsx took 0.391 seconds
[2024-10-11T02:09:50.753+0000] {processor.py:161} INFO - Started process (PID=9520) to work on /opt/airflow/dags/data/KPI Template.xlsx
[2024-10-11T02:09:50.762+0000] {processor.py:830} INFO - Processing file /opt/airflow/dags/data/KPI Template.xlsx for tasks to queue
[2024-10-11T02:09:50.784+0000] {logging_mixin.py:188} INFO - [2024-10-11T02:09:50.775+0000] {dagbag.py:545} INFO - Filling up the DagBag from /opt/airflow/dags/data/KPI Template.xlsx
[2024-10-11T02:09:50.894+0000] {processor.py:842} WARNING - No viable dags retrieved from /opt/airflow/dags/data/KPI Template.xlsx
[2024-10-11T02:09:51.063+0000] {processor.py:183} INFO - Processing /opt/airflow/dags/data/KPI Template.xlsx took 0.380 seconds
[2024-10-11T02:10:21.917+0000] {processor.py:161} INFO - Started process (PID=9548) to work on /opt/airflow/dags/data/KPI Template.xlsx
[2024-10-11T02:10:21.937+0000] {processor.py:830} INFO - Processing file /opt/airflow/dags/data/KPI Template.xlsx for tasks to queue
[2024-10-11T02:10:21.956+0000] {logging_mixin.py:188} INFO - [2024-10-11T02:10:21.955+0000] {dagbag.py:545} INFO - Filling up the DagBag from /opt/airflow/dags/data/KPI Template.xlsx
[2024-10-11T02:10:22.115+0000] {processor.py:842} WARNING - No viable dags retrieved from /opt/airflow/dags/data/KPI Template.xlsx
[2024-10-11T02:10:22.307+0000] {processor.py:183} INFO - Processing /opt/airflow/dags/data/KPI Template.xlsx took 0.470 seconds
[2024-10-11T02:10:53.467+0000] {processor.py:161} INFO - Started process (PID=9582) to work on /opt/airflow/dags/data/KPI Template.xlsx
[2024-10-11T02:10:53.477+0000] {processor.py:830} INFO - Processing file /opt/airflow/dags/data/KPI Template.xlsx for tasks to queue
[2024-10-11T02:10:53.489+0000] {logging_mixin.py:188} INFO - [2024-10-11T02:10:53.488+0000] {dagbag.py:545} INFO - Filling up the DagBag from /opt/airflow/dags/data/KPI Template.xlsx
[2024-10-11T02:10:53.607+0000] {processor.py:842} WARNING - No viable dags retrieved from /opt/airflow/dags/data/KPI Template.xlsx
[2024-10-11T02:10:53.848+0000] {processor.py:183} INFO - Processing /opt/airflow/dags/data/KPI Template.xlsx took 0.450 seconds
[2024-10-11T02:11:25.848+0000] {processor.py:161} INFO - Started process (PID=9608) to work on /opt/airflow/dags/data/KPI Template.xlsx
[2024-10-11T02:11:25.867+0000] {processor.py:830} INFO - Processing file /opt/airflow/dags/data/KPI Template.xlsx for tasks to queue
[2024-10-11T02:11:25.947+0000] {logging_mixin.py:188} INFO - [2024-10-11T02:11:25.936+0000] {dagbag.py:545} INFO - Filling up the DagBag from /opt/airflow/dags/data/KPI Template.xlsx
[2024-10-11T02:11:26.058+0000] {processor.py:842} WARNING - No viable dags retrieved from /opt/airflow/dags/data/KPI Template.xlsx
[2024-10-11T02:11:26.299+0000] {processor.py:183} INFO - Processing /opt/airflow/dags/data/KPI Template.xlsx took 0.541 seconds
[2024-10-11T02:11:57.211+0000] {processor.py:161} INFO - Started process (PID=9637) to work on /opt/airflow/dags/data/KPI Template.xlsx
[2024-10-11T02:11:57.221+0000] {processor.py:830} INFO - Processing file /opt/airflow/dags/data/KPI Template.xlsx for tasks to queue
[2024-10-11T02:11:57.273+0000] {logging_mixin.py:188} INFO - [2024-10-11T02:11:57.261+0000] {dagbag.py:545} INFO - Filling up the DagBag from /opt/airflow/dags/data/KPI Template.xlsx
[2024-10-11T02:11:57.453+0000] {processor.py:842} WARNING - No viable dags retrieved from /opt/airflow/dags/data/KPI Template.xlsx
[2024-10-11T02:11:57.743+0000] {processor.py:183} INFO - Processing /opt/airflow/dags/data/KPI Template.xlsx took 0.660 seconds
[2024-10-11T02:12:29.391+0000] {processor.py:161} INFO - Started process (PID=9672) to work on /opt/airflow/dags/data/KPI Template.xlsx
[2024-10-11T02:12:29.402+0000] {processor.py:830} INFO - Processing file /opt/airflow/dags/data/KPI Template.xlsx for tasks to queue
[2024-10-11T02:12:29.434+0000] {logging_mixin.py:188} INFO - [2024-10-11T02:12:29.433+0000] {dagbag.py:545} INFO - Filling up the DagBag from /opt/airflow/dags/data/KPI Template.xlsx
[2024-10-11T02:12:29.573+0000] {processor.py:842} WARNING - No viable dags retrieved from /opt/airflow/dags/data/KPI Template.xlsx
[2024-10-11T02:12:29.713+0000] {processor.py:183} INFO - Processing /opt/airflow/dags/data/KPI Template.xlsx took 0.421 seconds
[2024-10-11T02:13:01.772+0000] {processor.py:161} INFO - Started process (PID=9701) to work on /opt/airflow/dags/data/KPI Template.xlsx
[2024-10-11T02:13:01.793+0000] {processor.py:830} INFO - Processing file /opt/airflow/dags/data/KPI Template.xlsx for tasks to queue
[2024-10-11T02:13:01.821+0000] {logging_mixin.py:188} INFO - [2024-10-11T02:13:01.813+0000] {dagbag.py:545} INFO - Filling up the DagBag from /opt/airflow/dags/data/KPI Template.xlsx
[2024-10-11T02:13:01.962+0000] {processor.py:842} WARNING - No viable dags retrieved from /opt/airflow/dags/data/KPI Template.xlsx
[2024-10-11T02:13:02.233+0000] {processor.py:183} INFO - Processing /opt/airflow/dags/data/KPI Template.xlsx took 0.552 seconds
[2024-10-11T02:13:35.528+0000] {processor.py:161} INFO - Started process (PID=9738) to work on /opt/airflow/dags/data/KPI Template.xlsx
[2024-10-11T02:13:35.547+0000] {processor.py:830} INFO - Processing file /opt/airflow/dags/data/KPI Template.xlsx for tasks to queue
[2024-10-11T02:13:35.587+0000] {logging_mixin.py:188} INFO - [2024-10-11T02:13:35.579+0000] {dagbag.py:545} INFO - Filling up the DagBag from /opt/airflow/dags/data/KPI Template.xlsx
[2024-10-11T02:13:35.729+0000] {processor.py:842} WARNING - No viable dags retrieved from /opt/airflow/dags/data/KPI Template.xlsx
[2024-10-11T02:13:35.899+0000] {processor.py:183} INFO - Processing /opt/airflow/dags/data/KPI Template.xlsx took 0.490 seconds
[2024-10-11T02:14:07.406+0000] {processor.py:161} INFO - Started process (PID=9766) to work on /opt/airflow/dags/data/KPI Template.xlsx
[2024-10-11T02:14:07.416+0000] {processor.py:830} INFO - Processing file /opt/airflow/dags/data/KPI Template.xlsx for tasks to queue
[2024-10-11T02:14:07.447+0000] {logging_mixin.py:188} INFO - [2024-10-11T02:14:07.446+0000] {dagbag.py:545} INFO - Filling up the DagBag from /opt/airflow/dags/data/KPI Template.xlsx
[2024-10-11T02:14:07.666+0000] {processor.py:842} WARNING - No viable dags retrieved from /opt/airflow/dags/data/KPI Template.xlsx
[2024-10-11T02:14:07.946+0000] {processor.py:183} INFO - Processing /opt/airflow/dags/data/KPI Template.xlsx took 0.709 seconds
[2024-10-11T02:14:39.507+0000] {processor.py:161} INFO - Started process (PID=9797) to work on /opt/airflow/dags/data/KPI Template.xlsx
[2024-10-11T02:14:39.537+0000] {processor.py:830} INFO - Processing file /opt/airflow/dags/data/KPI Template.xlsx for tasks to queue
[2024-10-11T02:14:39.596+0000] {logging_mixin.py:188} INFO - [2024-10-11T02:14:39.586+0000] {dagbag.py:545} INFO - Filling up the DagBag from /opt/airflow/dags/data/KPI Template.xlsx
[2024-10-11T02:14:39.876+0000] {processor.py:842} WARNING - No viable dags retrieved from /opt/airflow/dags/data/KPI Template.xlsx
[2024-10-11T02:14:40.366+0000] {processor.py:183} INFO - Processing /opt/airflow/dags/data/KPI Template.xlsx took 1.031 seconds
[2024-10-11T02:15:12.855+0000] {processor.py:161} INFO - Started process (PID=9832) to work on /opt/airflow/dags/data/KPI Template.xlsx
[2024-10-11T02:15:12.875+0000] {processor.py:830} INFO - Processing file /opt/airflow/dags/data/KPI Template.xlsx for tasks to queue
[2024-10-11T02:15:12.905+0000] {logging_mixin.py:188} INFO - [2024-10-11T02:15:12.904+0000] {dagbag.py:545} INFO - Filling up the DagBag from /opt/airflow/dags/data/KPI Template.xlsx
[2024-10-11T02:15:13.355+0000] {processor.py:842} WARNING - No viable dags retrieved from /opt/airflow/dags/data/KPI Template.xlsx
[2024-10-11T02:15:13.684+0000] {processor.py:183} INFO - Processing /opt/airflow/dags/data/KPI Template.xlsx took 1.030 seconds
[2024-10-11T02:15:51.558+0000] {processor.py:161} INFO - Started process (PID=9858) to work on /opt/airflow/dags/data/KPI Template.xlsx
[2024-10-11T02:15:51.578+0000] {processor.py:830} INFO - Processing file /opt/airflow/dags/data/KPI Template.xlsx for tasks to queue
[2024-10-11T02:15:51.639+0000] {logging_mixin.py:188} INFO - [2024-10-11T02:15:51.638+0000] {dagbag.py:545} INFO - Filling up the DagBag from /opt/airflow/dags/data/KPI Template.xlsx
[2024-10-11T02:15:51.918+0000] {processor.py:842} WARNING - No viable dags retrieved from /opt/airflow/dags/data/KPI Template.xlsx
[2024-10-11T02:15:52.588+0000] {processor.py:183} INFO - Processing /opt/airflow/dags/data/KPI Template.xlsx took 1.190 seconds
[2024-10-11T02:16:26.167+0000] {processor.py:161} INFO - Started process (PID=9887) to work on /opt/airflow/dags/data/KPI Template.xlsx
[2024-10-11T02:16:26.227+0000] {processor.py:830} INFO - Processing file /opt/airflow/dags/data/KPI Template.xlsx for tasks to queue
[2024-10-11T02:16:26.307+0000] {logging_mixin.py:188} INFO - [2024-10-11T02:16:26.287+0000] {dagbag.py:545} INFO - Filling up the DagBag from /opt/airflow/dags/data/KPI Template.xlsx
[2024-10-11T02:16:28.557+0000] {processor.py:842} WARNING - No viable dags retrieved from /opt/airflow/dags/data/KPI Template.xlsx
[2024-10-11T02:16:29.428+0000] {processor.py:183} INFO - Processing /opt/airflow/dags/data/KPI Template.xlsx took 3.480 seconds
[2024-10-11T02:17:02.889+0000] {processor.py:161} INFO - Started process (PID=9916) to work on /opt/airflow/dags/data/KPI Template.xlsx
[2024-10-11T02:17:02.919+0000] {processor.py:830} INFO - Processing file /opt/airflow/dags/data/KPI Template.xlsx for tasks to queue
[2024-10-11T02:17:03.039+0000] {logging_mixin.py:188} INFO - [2024-10-11T02:17:02.988+0000] {dagbag.py:545} INFO - Filling up the DagBag from /opt/airflow/dags/data/KPI Template.xlsx
[2024-10-11T02:17:03.568+0000] {processor.py:842} WARNING - No viable dags retrieved from /opt/airflow/dags/data/KPI Template.xlsx
[2024-10-11T02:17:04.338+0000] {processor.py:183} INFO - Processing /opt/airflow/dags/data/KPI Template.xlsx took 1.889 seconds
[2024-10-11T02:17:37.212+0000] {processor.py:161} INFO - Started process (PID=9940) to work on /opt/airflow/dags/data/KPI Template.xlsx
[2024-10-11T02:17:37.282+0000] {processor.py:830} INFO - Processing file /opt/airflow/dags/data/KPI Template.xlsx for tasks to queue
[2024-10-11T02:17:37.433+0000] {logging_mixin.py:188} INFO - [2024-10-11T02:17:37.432+0000] {dagbag.py:545} INFO - Filling up the DagBag from /opt/airflow/dags/data/KPI Template.xlsx
[2024-10-11T02:17:38.393+0000] {processor.py:842} WARNING - No viable dags retrieved from /opt/airflow/dags/data/KPI Template.xlsx
[2024-10-11T02:17:39.081+0000] {processor.py:183} INFO - Processing /opt/airflow/dags/data/KPI Template.xlsx took 2.319 seconds
[2024-10-11T02:18:13.279+0000] {processor.py:161} INFO - Started process (PID=9975) to work on /opt/airflow/dags/data/KPI Template.xlsx
[2024-10-11T02:18:13.319+0000] {processor.py:830} INFO - Processing file /opt/airflow/dags/data/KPI Template.xlsx for tasks to queue
[2024-10-11T02:18:13.539+0000] {logging_mixin.py:188} INFO - [2024-10-11T02:18:13.519+0000] {dagbag.py:545} INFO - Filling up the DagBag from /opt/airflow/dags/data/KPI Template.xlsx
[2024-10-11T02:18:15.089+0000] {processor.py:842} WARNING - No viable dags retrieved from /opt/airflow/dags/data/KPI Template.xlsx
[2024-10-11T02:18:15.599+0000] {processor.py:183} INFO - Processing /opt/airflow/dags/data/KPI Template.xlsx took 2.650 seconds
[2024-10-11T02:19:07.540+0000] {processor.py:161} INFO - Started process (PID=10007) to work on /opt/airflow/dags/data/KPI Template.xlsx
[2024-10-11T02:19:07.810+0000] {processor.py:830} INFO - Processing file /opt/airflow/dags/data/KPI Template.xlsx for tasks to queue
[2024-10-11T02:19:07.930+0000] {logging_mixin.py:188} INFO - [2024-10-11T02:19:07.910+0000] {dagbag.py:545} INFO - Filling up the DagBag from /opt/airflow/dags/data/KPI Template.xlsx
[2024-10-11T02:19:09.750+0000] {processor.py:842} WARNING - No viable dags retrieved from /opt/airflow/dags/data/KPI Template.xlsx
[2024-10-11T02:19:11.560+0000] {processor.py:183} INFO - Processing /opt/airflow/dags/data/KPI Template.xlsx took 5.261 seconds
[2024-10-11T02:20:02.807+0000] {processor.py:161} INFO - Started process (PID=10039) to work on /opt/airflow/dags/data/KPI Template.xlsx
[2024-10-11T02:20:02.957+0000] {processor.py:830} INFO - Processing file /opt/airflow/dags/data/KPI Template.xlsx for tasks to queue
[2024-10-11T02:20:03.277+0000] {logging_mixin.py:188} INFO - [2024-10-11T02:20:03.197+0000] {dagbag.py:545} INFO - Filling up the DagBag from /opt/airflow/dags/data/KPI Template.xlsx
[2024-10-11T02:20:06.596+0000] {processor.py:842} WARNING - No viable dags retrieved from /opt/airflow/dags/data/KPI Template.xlsx
[2024-10-11T02:20:08.216+0000] {processor.py:183} INFO - Processing /opt/airflow/dags/data/KPI Template.xlsx took 7.440 seconds
[2024-10-11T02:21:05.429+0000] {processor.py:161} INFO - Started process (PID=10079) to work on /opt/airflow/dags/data/KPI Template.xlsx
[2024-10-11T02:21:05.519+0000] {processor.py:830} INFO - Processing file /opt/airflow/dags/data/KPI Template.xlsx for tasks to queue
[2024-10-11T02:21:05.639+0000] {logging_mixin.py:188} INFO - [2024-10-11T02:21:05.579+0000] {dagbag.py:545} INFO - Filling up the DagBag from /opt/airflow/dags/data/KPI Template.xlsx
[2024-10-11T02:21:06.360+0000] {processor.py:842} WARNING - No viable dags retrieved from /opt/airflow/dags/data/KPI Template.xlsx
[2024-10-11T02:21:07.229+0000] {processor.py:183} INFO - Processing /opt/airflow/dags/data/KPI Template.xlsx took 3.550 seconds
[2024-10-11T02:22:10.030+0000] {processor.py:161} INFO - Started process (PID=10118) to work on /opt/airflow/dags/data/KPI Template.xlsx
[2024-10-11T02:22:10.119+0000] {processor.py:830} INFO - Processing file /opt/airflow/dags/data/KPI Template.xlsx for tasks to queue
[2024-10-11T02:22:10.250+0000] {logging_mixin.py:188} INFO - [2024-10-11T02:22:10.210+0000] {dagbag.py:545} INFO - Filling up the DagBag from /opt/airflow/dags/data/KPI Template.xlsx
[2024-10-11T02:22:12.799+0000] {processor.py:842} WARNING - No viable dags retrieved from /opt/airflow/dags/data/KPI Template.xlsx
[2024-10-11T02:22:19.400+0000] {processor.py:183} INFO - Processing /opt/airflow/dags/data/KPI Template.xlsx took 12.140 seconds
[2024-10-11T02:23:38.529+0000] {processor.py:161} INFO - Started process (PID=10152) to work on /opt/airflow/dags/data/KPI Template.xlsx
[2024-10-11T02:23:39.280+0000] {processor.py:830} INFO - Processing file /opt/airflow/dags/data/KPI Template.xlsx for tasks to queue
[2024-10-11T02:23:40.549+0000] {logging_mixin.py:188} INFO - [2024-10-11T02:23:40.020+0000] {dagbag.py:545} INFO - Filling up the DagBag from /opt/airflow/dags/data/KPI Template.xlsx
[2024-10-11T02:23:48.830+0000] {processor.py:842} WARNING - No viable dags retrieved from /opt/airflow/dags/data/KPI Template.xlsx
[2024-10-11T02:24:26.192+0000] {processor.py:183} INFO - Processing /opt/airflow/dags/data/KPI Template.xlsx took 54.730 seconds
