[2024-10-11T01:40:23.828+0000] {processor.py:161} INFO - Started process (PID=7729) to work on /opt/airflow/dags/data/Modeling and DAX.xlsx
[2024-10-11T01:40:23.905+0000] {processor.py:830} INFO - Processing file /opt/airflow/dags/data/Modeling and DAX.xlsx for tasks to queue
[2024-10-11T01:40:24.000+0000] {logging_mixin.py:188} INFO - [2024-10-11T01:40:23.999+0000] {dagbag.py:545} INFO - Filling up the DagBag from /opt/airflow/dags/data/Modeling and DAX.xlsx
[2024-10-11T01:40:24.081+0000] {processor.py:842} WARNING - No viable dags retrieved from /opt/airflow/dags/data/Modeling and DAX.xlsx
[2024-10-11T01:40:24.156+0000] {processor.py:183} INFO - Processing /opt/airflow/dags/data/Modeling and DAX.xlsx took 0.363 seconds
[2024-10-11T01:40:55.379+0000] {processor.py:161} INFO - Started process (PID=7754) to work on /opt/airflow/dags/data/Modeling and DAX.xlsx
[2024-10-11T01:40:55.383+0000] {processor.py:830} INFO - Processing file /opt/airflow/dags/data/Modeling and DAX.xlsx for tasks to queue
[2024-10-11T01:40:55.388+0000] {logging_mixin.py:188} INFO - [2024-10-11T01:40:55.387+0000] {dagbag.py:545} INFO - Filling up the DagBag from /opt/airflow/dags/data/Modeling and DAX.xlsx
[2024-10-11T01:40:55.423+0000] {processor.py:842} WARNING - No viable dags retrieved from /opt/airflow/dags/data/Modeling and DAX.xlsx
[2024-10-11T01:40:55.470+0000] {processor.py:183} INFO - Processing /opt/airflow/dags/data/Modeling and DAX.xlsx took 0.116 seconds
[2024-10-11T01:41:25.665+0000] {processor.py:161} INFO - Started process (PID=7789) to work on /opt/airflow/dags/data/Modeling and DAX.xlsx
[2024-10-11T01:41:25.667+0000] {processor.py:830} INFO - Processing file /opt/airflow/dags/data/Modeling and DAX.xlsx for tasks to queue
[2024-10-11T01:41:25.673+0000] {logging_mixin.py:188} INFO - [2024-10-11T01:41:25.671+0000] {dagbag.py:545} INFO - Filling up the DagBag from /opt/airflow/dags/data/Modeling and DAX.xlsx
[2024-10-11T01:41:25.700+0000] {processor.py:842} WARNING - No viable dags retrieved from /opt/airflow/dags/data/Modeling and DAX.xlsx
[2024-10-11T01:41:25.733+0000] {processor.py:183} INFO - Processing /opt/airflow/dags/data/Modeling and DAX.xlsx took 0.085 seconds
[2024-10-11T01:41:56.056+0000] {processor.py:161} INFO - Started process (PID=7817) to work on /opt/airflow/dags/data/Modeling and DAX.xlsx
[2024-10-11T01:41:56.059+0000] {processor.py:830} INFO - Processing file /opt/airflow/dags/data/Modeling and DAX.xlsx for tasks to queue
[2024-10-11T01:41:56.066+0000] {logging_mixin.py:188} INFO - [2024-10-11T01:41:56.065+0000] {dagbag.py:545} INFO - Filling up the DagBag from /opt/airflow/dags/data/Modeling and DAX.xlsx
[2024-10-11T01:41:56.097+0000] {processor.py:842} WARNING - No viable dags retrieved from /opt/airflow/dags/data/Modeling and DAX.xlsx
[2024-10-11T01:41:56.137+0000] {processor.py:183} INFO - Processing /opt/airflow/dags/data/Modeling and DAX.xlsx took 0.098 seconds
[2024-10-11T01:42:29.693+0000] {processor.py:161} INFO - Started process (PID=7853) to work on /opt/airflow/dags/data/Modeling and DAX.xlsx
[2024-10-11T01:42:29.698+0000] {processor.py:830} INFO - Processing file /opt/airflow/dags/data/Modeling and DAX.xlsx for tasks to queue
[2024-10-11T01:42:29.710+0000] {logging_mixin.py:188} INFO - [2024-10-11T01:42:29.709+0000] {dagbag.py:545} INFO - Filling up the DagBag from /opt/airflow/dags/data/Modeling and DAX.xlsx
[2024-10-11T01:42:29.755+0000] {processor.py:842} WARNING - No viable dags retrieved from /opt/airflow/dags/data/Modeling and DAX.xlsx
[2024-10-11T01:42:29.823+0000] {processor.py:183} INFO - Processing /opt/airflow/dags/data/Modeling and DAX.xlsx took 0.166 seconds
[2024-10-11T01:43:00.086+0000] {processor.py:161} INFO - Started process (PID=7888) to work on /opt/airflow/dags/data/Modeling and DAX.xlsx
[2024-10-11T01:43:00.089+0000] {processor.py:830} INFO - Processing file /opt/airflow/dags/data/Modeling and DAX.xlsx for tasks to queue
[2024-10-11T01:43:00.097+0000] {logging_mixin.py:188} INFO - [2024-10-11T01:43:00.097+0000] {dagbag.py:545} INFO - Filling up the DagBag from /opt/airflow/dags/data/Modeling and DAX.xlsx
[2024-10-11T01:43:00.128+0000] {processor.py:842} WARNING - No viable dags retrieved from /opt/airflow/dags/data/Modeling and DAX.xlsx
[2024-10-11T01:43:00.184+0000] {processor.py:183} INFO - Processing /opt/airflow/dags/data/Modeling and DAX.xlsx took 0.127 seconds
[2024-10-11T01:43:30.908+0000] {processor.py:161} INFO - Started process (PID=7916) to work on /opt/airflow/dags/data/Modeling and DAX.xlsx
[2024-10-11T01:43:30.915+0000] {processor.py:830} INFO - Processing file /opt/airflow/dags/data/Modeling and DAX.xlsx for tasks to queue
[2024-10-11T01:43:30.922+0000] {logging_mixin.py:188} INFO - [2024-10-11T01:43:30.920+0000] {dagbag.py:545} INFO - Filling up the DagBag from /opt/airflow/dags/data/Modeling and DAX.xlsx
[2024-10-11T01:43:30.974+0000] {processor.py:842} WARNING - No viable dags retrieved from /opt/airflow/dags/data/Modeling and DAX.xlsx
[2024-10-11T01:43:31.035+0000] {processor.py:183} INFO - Processing /opt/airflow/dags/data/Modeling and DAX.xlsx took 0.162 seconds
[2024-10-11T01:44:01.471+0000] {processor.py:161} INFO - Started process (PID=7951) to work on /opt/airflow/dags/data/Modeling and DAX.xlsx
[2024-10-11T01:44:01.476+0000] {processor.py:830} INFO - Processing file /opt/airflow/dags/data/Modeling and DAX.xlsx for tasks to queue
[2024-10-11T01:44:01.482+0000] {logging_mixin.py:188} INFO - [2024-10-11T01:44:01.481+0000] {dagbag.py:545} INFO - Filling up the DagBag from /opt/airflow/dags/data/Modeling and DAX.xlsx
[2024-10-11T01:44:01.516+0000] {processor.py:842} WARNING - No viable dags retrieved from /opt/airflow/dags/data/Modeling and DAX.xlsx
[2024-10-11T01:44:01.566+0000] {processor.py:183} INFO - Processing /opt/airflow/dags/data/Modeling and DAX.xlsx took 0.122 seconds
[2024-10-11T01:44:32.646+0000] {processor.py:161} INFO - Started process (PID=7979) to work on /opt/airflow/dags/data/Modeling and DAX.xlsx
[2024-10-11T01:44:32.655+0000] {processor.py:830} INFO - Processing file /opt/airflow/dags/data/Modeling and DAX.xlsx for tasks to queue
[2024-10-11T01:44:32.663+0000] {logging_mixin.py:188} INFO - [2024-10-11T01:44:32.662+0000] {dagbag.py:545} INFO - Filling up the DagBag from /opt/airflow/dags/data/Modeling and DAX.xlsx
[2024-10-11T01:44:32.710+0000] {processor.py:842} WARNING - No viable dags retrieved from /opt/airflow/dags/data/Modeling and DAX.xlsx
[2024-10-11T01:44:32.770+0000] {processor.py:183} INFO - Processing /opt/airflow/dags/data/Modeling and DAX.xlsx took 0.150 seconds
[2024-10-11T01:45:03.050+0000] {processor.py:161} INFO - Started process (PID=8014) to work on /opt/airflow/dags/data/Modeling and DAX.xlsx
[2024-10-11T01:45:03.053+0000] {processor.py:830} INFO - Processing file /opt/airflow/dags/data/Modeling and DAX.xlsx for tasks to queue
[2024-10-11T01:45:03.059+0000] {logging_mixin.py:188} INFO - [2024-10-11T01:45:03.058+0000] {dagbag.py:545} INFO - Filling up the DagBag from /opt/airflow/dags/data/Modeling and DAX.xlsx
[2024-10-11T01:45:03.087+0000] {processor.py:842} WARNING - No viable dags retrieved from /opt/airflow/dags/data/Modeling and DAX.xlsx
[2024-10-11T01:45:03.129+0000] {processor.py:183} INFO - Processing /opt/airflow/dags/data/Modeling and DAX.xlsx took 0.102 seconds
[2024-10-11T01:45:33.438+0000] {processor.py:161} INFO - Started process (PID=8042) to work on /opt/airflow/dags/data/Modeling and DAX.xlsx
[2024-10-11T01:45:33.442+0000] {processor.py:830} INFO - Processing file /opt/airflow/dags/data/Modeling and DAX.xlsx for tasks to queue
[2024-10-11T01:45:33.449+0000] {logging_mixin.py:188} INFO - [2024-10-11T01:45:33.448+0000] {dagbag.py:545} INFO - Filling up the DagBag from /opt/airflow/dags/data/Modeling and DAX.xlsx
[2024-10-11T01:45:33.482+0000] {processor.py:842} WARNING - No viable dags retrieved from /opt/airflow/dags/data/Modeling and DAX.xlsx
[2024-10-11T01:45:33.534+0000] {processor.py:183} INFO - Processing /opt/airflow/dags/data/Modeling and DAX.xlsx took 0.114 seconds
[2024-10-11T01:46:04.028+0000] {processor.py:161} INFO - Started process (PID=8078) to work on /opt/airflow/dags/data/Modeling and DAX.xlsx
[2024-10-11T01:46:04.031+0000] {processor.py:830} INFO - Processing file /opt/airflow/dags/data/Modeling and DAX.xlsx for tasks to queue
[2024-10-11T01:46:04.039+0000] {logging_mixin.py:188} INFO - [2024-10-11T01:46:04.038+0000] {dagbag.py:545} INFO - Filling up the DagBag from /opt/airflow/dags/data/Modeling and DAX.xlsx
[2024-10-11T01:46:04.095+0000] {processor.py:842} WARNING - No viable dags retrieved from /opt/airflow/dags/data/Modeling and DAX.xlsx
[2024-10-11T01:46:04.153+0000] {processor.py:183} INFO - Processing /opt/airflow/dags/data/Modeling and DAX.xlsx took 0.158 seconds
[2024-10-11T01:46:35.310+0000] {processor.py:161} INFO - Started process (PID=8107) to work on /opt/airflow/dags/data/Modeling and DAX.xlsx
[2024-10-11T01:46:35.317+0000] {processor.py:830} INFO - Processing file /opt/airflow/dags/data/Modeling and DAX.xlsx for tasks to queue
[2024-10-11T01:46:35.323+0000] {logging_mixin.py:188} INFO - [2024-10-11T01:46:35.322+0000] {dagbag.py:545} INFO - Filling up the DagBag from /opt/airflow/dags/data/Modeling and DAX.xlsx
[2024-10-11T01:46:35.386+0000] {processor.py:842} WARNING - No viable dags retrieved from /opt/airflow/dags/data/Modeling and DAX.xlsx
[2024-10-11T01:46:35.471+0000] {processor.py:183} INFO - Processing /opt/airflow/dags/data/Modeling and DAX.xlsx took 0.201 seconds
[2024-10-11T01:47:06.207+0000] {processor.py:161} INFO - Started process (PID=8142) to work on /opt/airflow/dags/data/Modeling and DAX.xlsx
[2024-10-11T01:47:06.214+0000] {processor.py:830} INFO - Processing file /opt/airflow/dags/data/Modeling and DAX.xlsx for tasks to queue
[2024-10-11T01:47:06.223+0000] {logging_mixin.py:188} INFO - [2024-10-11T01:47:06.222+0000] {dagbag.py:545} INFO - Filling up the DagBag from /opt/airflow/dags/data/Modeling and DAX.xlsx
[2024-10-11T01:47:06.287+0000] {processor.py:842} WARNING - No viable dags retrieved from /opt/airflow/dags/data/Modeling and DAX.xlsx
[2024-10-11T01:47:06.354+0000] {processor.py:183} INFO - Processing /opt/airflow/dags/data/Modeling and DAX.xlsx took 0.191 seconds
[2024-10-11T01:47:36.818+0000] {processor.py:161} INFO - Started process (PID=8171) to work on /opt/airflow/dags/data/Modeling and DAX.xlsx
[2024-10-11T01:47:36.820+0000] {processor.py:830} INFO - Processing file /opt/airflow/dags/data/Modeling and DAX.xlsx for tasks to queue
[2024-10-11T01:47:36.825+0000] {logging_mixin.py:188} INFO - [2024-10-11T01:47:36.824+0000] {dagbag.py:545} INFO - Filling up the DagBag from /opt/airflow/dags/data/Modeling and DAX.xlsx
[2024-10-11T01:47:36.867+0000] {processor.py:842} WARNING - No viable dags retrieved from /opt/airflow/dags/data/Modeling and DAX.xlsx
[2024-10-11T01:47:36.911+0000] {processor.py:183} INFO - Processing /opt/airflow/dags/data/Modeling and DAX.xlsx took 0.113 seconds
[2024-10-11T01:48:07.583+0000] {processor.py:161} INFO - Started process (PID=8204) to work on /opt/airflow/dags/data/Modeling and DAX.xlsx
[2024-10-11T01:48:07.592+0000] {processor.py:830} INFO - Processing file /opt/airflow/dags/data/Modeling and DAX.xlsx for tasks to queue
[2024-10-11T01:48:07.599+0000] {logging_mixin.py:188} INFO - [2024-10-11T01:48:07.598+0000] {dagbag.py:545} INFO - Filling up the DagBag from /opt/airflow/dags/data/Modeling and DAX.xlsx
[2024-10-11T01:48:07.661+0000] {processor.py:842} WARNING - No viable dags retrieved from /opt/airflow/dags/data/Modeling and DAX.xlsx
[2024-10-11T01:48:07.750+0000] {processor.py:183} INFO - Processing /opt/airflow/dags/data/Modeling and DAX.xlsx took 0.197 seconds
[2024-10-11T01:48:38.274+0000] {processor.py:161} INFO - Started process (PID=8228) to work on /opt/airflow/dags/data/Modeling and DAX.xlsx
[2024-10-11T01:48:38.279+0000] {processor.py:830} INFO - Processing file /opt/airflow/dags/data/Modeling and DAX.xlsx for tasks to queue
[2024-10-11T01:48:38.288+0000] {logging_mixin.py:188} INFO - [2024-10-11T01:48:38.287+0000] {dagbag.py:545} INFO - Filling up the DagBag from /opt/airflow/dags/data/Modeling and DAX.xlsx
[2024-10-11T01:48:38.331+0000] {processor.py:842} WARNING - No viable dags retrieved from /opt/airflow/dags/data/Modeling and DAX.xlsx
[2024-10-11T01:48:38.391+0000] {processor.py:183} INFO - Processing /opt/airflow/dags/data/Modeling and DAX.xlsx took 0.140 seconds
[2024-10-11T01:49:08.855+0000] {processor.py:161} INFO - Started process (PID=8264) to work on /opt/airflow/dags/data/Modeling and DAX.xlsx
[2024-10-11T01:49:08.861+0000] {processor.py:830} INFO - Processing file /opt/airflow/dags/data/Modeling and DAX.xlsx for tasks to queue
[2024-10-11T01:49:08.865+0000] {logging_mixin.py:188} INFO - [2024-10-11T01:49:08.864+0000] {dagbag.py:545} INFO - Filling up the DagBag from /opt/airflow/dags/data/Modeling and DAX.xlsx
[2024-10-11T01:49:08.913+0000] {processor.py:842} WARNING - No viable dags retrieved from /opt/airflow/dags/data/Modeling and DAX.xlsx
[2024-10-11T01:49:08.981+0000] {processor.py:183} INFO - Processing /opt/airflow/dags/data/Modeling and DAX.xlsx took 0.158 seconds
[2024-10-11T01:49:39.995+0000] {processor.py:161} INFO - Started process (PID=8293) to work on /opt/airflow/dags/data/Modeling and DAX.xlsx
[2024-10-11T01:49:39.999+0000] {processor.py:830} INFO - Processing file /opt/airflow/dags/data/Modeling and DAX.xlsx for tasks to queue
[2024-10-11T01:49:40.011+0000] {logging_mixin.py:188} INFO - [2024-10-11T01:49:40.010+0000] {dagbag.py:545} INFO - Filling up the DagBag from /opt/airflow/dags/data/Modeling and DAX.xlsx
[2024-10-11T01:49:40.056+0000] {processor.py:842} WARNING - No viable dags retrieved from /opt/airflow/dags/data/Modeling and DAX.xlsx
[2024-10-11T01:49:40.113+0000] {processor.py:183} INFO - Processing /opt/airflow/dags/data/Modeling and DAX.xlsx took 0.140 seconds
[2024-10-11T01:50:10.384+0000] {processor.py:161} INFO - Started process (PID=8328) to work on /opt/airflow/dags/data/Modeling and DAX.xlsx
[2024-10-11T01:50:10.392+0000] {processor.py:830} INFO - Processing file /opt/airflow/dags/data/Modeling and DAX.xlsx for tasks to queue
[2024-10-11T01:50:10.405+0000] {logging_mixin.py:188} INFO - [2024-10-11T01:50:10.402+0000] {dagbag.py:545} INFO - Filling up the DagBag from /opt/airflow/dags/data/Modeling and DAX.xlsx
[2024-10-11T01:50:10.448+0000] {processor.py:842} WARNING - No viable dags retrieved from /opt/airflow/dags/data/Modeling and DAX.xlsx
[2024-10-11T01:50:10.502+0000] {processor.py:183} INFO - Processing /opt/airflow/dags/data/Modeling and DAX.xlsx took 0.154 seconds
[2024-10-11T01:50:40.767+0000] {processor.py:161} INFO - Started process (PID=8357) to work on /opt/airflow/dags/data/Modeling and DAX.xlsx
[2024-10-11T01:50:40.772+0000] {processor.py:830} INFO - Processing file /opt/airflow/dags/data/Modeling and DAX.xlsx for tasks to queue
[2024-10-11T01:50:40.778+0000] {logging_mixin.py:188} INFO - [2024-10-11T01:50:40.777+0000] {dagbag.py:545} INFO - Filling up the DagBag from /opt/airflow/dags/data/Modeling and DAX.xlsx
[2024-10-11T01:50:40.824+0000] {processor.py:842} WARNING - No viable dags retrieved from /opt/airflow/dags/data/Modeling and DAX.xlsx
[2024-10-11T01:50:40.871+0000] {processor.py:183} INFO - Processing /opt/airflow/dags/data/Modeling and DAX.xlsx took 0.124 seconds
[2024-10-11T01:51:11.424+0000] {processor.py:161} INFO - Started process (PID=8392) to work on /opt/airflow/dags/data/Modeling and DAX.xlsx
[2024-10-11T01:51:11.426+0000] {processor.py:830} INFO - Processing file /opt/airflow/dags/data/Modeling and DAX.xlsx for tasks to queue
[2024-10-11T01:51:11.434+0000] {logging_mixin.py:188} INFO - [2024-10-11T01:51:11.429+0000] {dagbag.py:545} INFO - Filling up the DagBag from /opt/airflow/dags/data/Modeling and DAX.xlsx
[2024-10-11T01:51:11.467+0000] {processor.py:842} WARNING - No viable dags retrieved from /opt/airflow/dags/data/Modeling and DAX.xlsx
[2024-10-11T01:51:11.517+0000] {processor.py:183} INFO - Processing /opt/airflow/dags/data/Modeling and DAX.xlsx took 0.114 seconds
[2024-10-11T01:51:42.105+0000] {processor.py:161} INFO - Started process (PID=8420) to work on /opt/airflow/dags/data/Modeling and DAX.xlsx
[2024-10-11T01:51:42.107+0000] {processor.py:830} INFO - Processing file /opt/airflow/dags/data/Modeling and DAX.xlsx for tasks to queue
[2024-10-11T01:51:42.115+0000] {logging_mixin.py:188} INFO - [2024-10-11T01:51:42.111+0000] {dagbag.py:545} INFO - Filling up the DagBag from /opt/airflow/dags/data/Modeling and DAX.xlsx
[2024-10-11T01:51:42.166+0000] {processor.py:842} WARNING - No viable dags retrieved from /opt/airflow/dags/data/Modeling and DAX.xlsx
[2024-10-11T01:51:42.218+0000] {processor.py:183} INFO - Processing /opt/airflow/dags/data/Modeling and DAX.xlsx took 0.142 seconds
[2024-10-11T01:52:12.551+0000] {processor.py:161} INFO - Started process (PID=8455) to work on /opt/airflow/dags/data/Modeling and DAX.xlsx
[2024-10-11T01:52:12.558+0000] {processor.py:830} INFO - Processing file /opt/airflow/dags/data/Modeling and DAX.xlsx for tasks to queue
[2024-10-11T01:52:12.568+0000] {logging_mixin.py:188} INFO - [2024-10-11T01:52:12.564+0000] {dagbag.py:545} INFO - Filling up the DagBag from /opt/airflow/dags/data/Modeling and DAX.xlsx
[2024-10-11T01:52:12.611+0000] {processor.py:842} WARNING - No viable dags retrieved from /opt/airflow/dags/data/Modeling and DAX.xlsx
[2024-10-11T01:52:12.672+0000] {processor.py:183} INFO - Processing /opt/airflow/dags/data/Modeling and DAX.xlsx took 0.151 seconds
[2024-10-11T01:52:43.113+0000] {processor.py:161} INFO - Started process (PID=8483) to work on /opt/airflow/dags/data/Modeling and DAX.xlsx
[2024-10-11T01:52:43.119+0000] {processor.py:830} INFO - Processing file /opt/airflow/dags/data/Modeling and DAX.xlsx for tasks to queue
[2024-10-11T01:52:43.124+0000] {logging_mixin.py:188} INFO - [2024-10-11T01:52:43.123+0000] {dagbag.py:545} INFO - Filling up the DagBag from /opt/airflow/dags/data/Modeling and DAX.xlsx
[2024-10-11T01:52:43.164+0000] {processor.py:842} WARNING - No viable dags retrieved from /opt/airflow/dags/data/Modeling and DAX.xlsx
[2024-10-11T01:52:43.221+0000] {processor.py:183} INFO - Processing /opt/airflow/dags/data/Modeling and DAX.xlsx took 0.137 seconds
[2024-10-11T01:53:14.174+0000] {processor.py:161} INFO - Started process (PID=8519) to work on /opt/airflow/dags/data/Modeling and DAX.xlsx
[2024-10-11T01:53:14.183+0000] {processor.py:830} INFO - Processing file /opt/airflow/dags/data/Modeling and DAX.xlsx for tasks to queue
[2024-10-11T01:53:14.196+0000] {logging_mixin.py:188} INFO - [2024-10-11T01:53:14.194+0000] {dagbag.py:545} INFO - Filling up the DagBag from /opt/airflow/dags/data/Modeling and DAX.xlsx
[2024-10-11T01:53:14.282+0000] {processor.py:842} WARNING - No viable dags retrieved from /opt/airflow/dags/data/Modeling and DAX.xlsx
[2024-10-11T01:53:14.353+0000] {processor.py:183} INFO - Processing /opt/airflow/dags/data/Modeling and DAX.xlsx took 0.222 seconds
[2024-10-11T01:53:44.875+0000] {processor.py:161} INFO - Started process (PID=8547) to work on /opt/airflow/dags/data/Modeling and DAX.xlsx
[2024-10-11T01:53:44.877+0000] {processor.py:830} INFO - Processing file /opt/airflow/dags/data/Modeling and DAX.xlsx for tasks to queue
[2024-10-11T01:53:44.888+0000] {logging_mixin.py:188} INFO - [2024-10-11T01:53:44.886+0000] {dagbag.py:545} INFO - Filling up the DagBag from /opt/airflow/dags/data/Modeling and DAX.xlsx
[2024-10-11T01:53:44.925+0000] {processor.py:842} WARNING - No viable dags retrieved from /opt/airflow/dags/data/Modeling and DAX.xlsx
[2024-10-11T01:53:44.988+0000] {processor.py:183} INFO - Processing /opt/airflow/dags/data/Modeling and DAX.xlsx took 0.144 seconds
[2024-10-11T01:54:15.658+0000] {processor.py:161} INFO - Started process (PID=8582) to work on /opt/airflow/dags/data/Modeling and DAX.xlsx
[2024-10-11T01:54:15.664+0000] {processor.py:830} INFO - Processing file /opt/airflow/dags/data/Modeling and DAX.xlsx for tasks to queue
[2024-10-11T01:54:15.674+0000] {logging_mixin.py:188} INFO - [2024-10-11T01:54:15.673+0000] {dagbag.py:545} INFO - Filling up the DagBag from /opt/airflow/dags/data/Modeling and DAX.xlsx
[2024-10-11T01:54:15.716+0000] {processor.py:842} WARNING - No viable dags retrieved from /opt/airflow/dags/data/Modeling and DAX.xlsx
[2024-10-11T01:54:15.778+0000] {processor.py:183} INFO - Processing /opt/airflow/dags/data/Modeling and DAX.xlsx took 0.149 seconds
[2024-10-11T01:54:46.347+0000] {processor.py:161} INFO - Started process (PID=8617) to work on /opt/airflow/dags/data/Modeling and DAX.xlsx
[2024-10-11T01:54:46.350+0000] {processor.py:830} INFO - Processing file /opt/airflow/dags/data/Modeling and DAX.xlsx for tasks to queue
[2024-10-11T01:54:46.360+0000] {logging_mixin.py:188} INFO - [2024-10-11T01:54:46.359+0000] {dagbag.py:545} INFO - Filling up the DagBag from /opt/airflow/dags/data/Modeling and DAX.xlsx
[2024-10-11T01:54:46.401+0000] {processor.py:842} WARNING - No viable dags retrieved from /opt/airflow/dags/data/Modeling and DAX.xlsx
[2024-10-11T01:54:46.470+0000] {processor.py:183} INFO - Processing /opt/airflow/dags/data/Modeling and DAX.xlsx took 0.153 seconds
[2024-10-11T01:55:16.834+0000] {processor.py:161} INFO - Started process (PID=8643) to work on /opt/airflow/dags/data/Modeling and DAX.xlsx
[2024-10-11T01:55:16.843+0000] {processor.py:830} INFO - Processing file /opt/airflow/dags/data/Modeling and DAX.xlsx for tasks to queue
[2024-10-11T01:55:16.853+0000] {logging_mixin.py:188} INFO - [2024-10-11T01:55:16.852+0000] {dagbag.py:545} INFO - Filling up the DagBag from /opt/airflow/dags/data/Modeling and DAX.xlsx
[2024-10-11T01:55:16.909+0000] {processor.py:842} WARNING - No viable dags retrieved from /opt/airflow/dags/data/Modeling and DAX.xlsx
[2024-10-11T01:55:16.970+0000] {processor.py:183} INFO - Processing /opt/airflow/dags/data/Modeling and DAX.xlsx took 0.176 seconds
[2024-10-11T01:55:47.730+0000] {processor.py:161} INFO - Started process (PID=8674) to work on /opt/airflow/dags/data/Modeling and DAX.xlsx
[2024-10-11T01:55:47.732+0000] {processor.py:830} INFO - Processing file /opt/airflow/dags/data/Modeling and DAX.xlsx for tasks to queue
[2024-10-11T01:55:47.741+0000] {logging_mixin.py:188} INFO - [2024-10-11T01:55:47.740+0000] {dagbag.py:545} INFO - Filling up the DagBag from /opt/airflow/dags/data/Modeling and DAX.xlsx
[2024-10-11T01:55:47.798+0000] {processor.py:842} WARNING - No viable dags retrieved from /opt/airflow/dags/data/Modeling and DAX.xlsx
[2024-10-11T01:55:47.869+0000] {processor.py:183} INFO - Processing /opt/airflow/dags/data/Modeling and DAX.xlsx took 0.167 seconds
[2024-10-11T01:56:18.139+0000] {processor.py:161} INFO - Started process (PID=8702) to work on /opt/airflow/dags/data/Modeling and DAX.xlsx
[2024-10-11T01:56:18.142+0000] {processor.py:830} INFO - Processing file /opt/airflow/dags/data/Modeling and DAX.xlsx for tasks to queue
[2024-10-11T01:56:18.152+0000] {logging_mixin.py:188} INFO - [2024-10-11T01:56:18.151+0000] {dagbag.py:545} INFO - Filling up the DagBag from /opt/airflow/dags/data/Modeling and DAX.xlsx
[2024-10-11T01:56:18.193+0000] {processor.py:842} WARNING - No viable dags retrieved from /opt/airflow/dags/data/Modeling and DAX.xlsx
[2024-10-11T01:56:18.249+0000] {processor.py:183} INFO - Processing /opt/airflow/dags/data/Modeling and DAX.xlsx took 0.140 seconds
[2024-10-11T01:56:49.491+0000] {processor.py:161} INFO - Started process (PID=8737) to work on /opt/airflow/dags/data/Modeling and DAX.xlsx
[2024-10-11T01:56:49.493+0000] {processor.py:830} INFO - Processing file /opt/airflow/dags/data/Modeling and DAX.xlsx for tasks to queue
[2024-10-11T01:56:49.510+0000] {logging_mixin.py:188} INFO - [2024-10-11T01:56:49.505+0000] {dagbag.py:545} INFO - Filling up the DagBag from /opt/airflow/dags/data/Modeling and DAX.xlsx
[2024-10-11T01:56:49.561+0000] {processor.py:842} WARNING - No viable dags retrieved from /opt/airflow/dags/data/Modeling and DAX.xlsx
[2024-10-11T01:56:49.635+0000] {processor.py:183} INFO - Processing /opt/airflow/dags/data/Modeling and DAX.xlsx took 0.192 seconds
[2024-10-11T01:57:20.433+0000] {processor.py:161} INFO - Started process (PID=8765) to work on /opt/airflow/dags/data/Modeling and DAX.xlsx
[2024-10-11T01:57:20.439+0000] {processor.py:830} INFO - Processing file /opt/airflow/dags/data/Modeling and DAX.xlsx for tasks to queue
[2024-10-11T01:57:20.449+0000] {logging_mixin.py:188} INFO - [2024-10-11T01:57:20.448+0000] {dagbag.py:545} INFO - Filling up the DagBag from /opt/airflow/dags/data/Modeling and DAX.xlsx
[2024-10-11T01:57:20.488+0000] {processor.py:842} WARNING - No viable dags retrieved from /opt/airflow/dags/data/Modeling and DAX.xlsx
[2024-10-11T01:57:20.556+0000] {processor.py:183} INFO - Processing /opt/airflow/dags/data/Modeling and DAX.xlsx took 0.158 seconds
[2024-10-11T01:57:51.771+0000] {processor.py:161} INFO - Started process (PID=8801) to work on /opt/airflow/dags/data/Modeling and DAX.xlsx
[2024-10-11T01:57:51.778+0000] {processor.py:830} INFO - Processing file /opt/airflow/dags/data/Modeling and DAX.xlsx for tasks to queue
[2024-10-11T01:57:51.787+0000] {logging_mixin.py:188} INFO - [2024-10-11T01:57:51.782+0000] {dagbag.py:545} INFO - Filling up the DagBag from /opt/airflow/dags/data/Modeling and DAX.xlsx
[2024-10-11T01:57:51.821+0000] {processor.py:842} WARNING - No viable dags retrieved from /opt/airflow/dags/data/Modeling and DAX.xlsx
[2024-10-11T01:57:51.889+0000] {processor.py:183} INFO - Processing /opt/airflow/dags/data/Modeling and DAX.xlsx took 0.148 seconds
[2024-10-11T01:58:22.307+0000] {processor.py:161} INFO - Started process (PID=8829) to work on /opt/airflow/dags/data/Modeling and DAX.xlsx
[2024-10-11T01:58:22.314+0000] {processor.py:830} INFO - Processing file /opt/airflow/dags/data/Modeling and DAX.xlsx for tasks to queue
[2024-10-11T01:58:22.328+0000] {logging_mixin.py:188} INFO - [2024-10-11T01:58:22.325+0000] {dagbag.py:545} INFO - Filling up the DagBag from /opt/airflow/dags/data/Modeling and DAX.xlsx
[2024-10-11T01:58:22.395+0000] {processor.py:842} WARNING - No viable dags retrieved from /opt/airflow/dags/data/Modeling and DAX.xlsx
[2024-10-11T01:58:22.459+0000] {processor.py:183} INFO - Processing /opt/airflow/dags/data/Modeling and DAX.xlsx took 0.190 seconds
[2024-10-11T01:58:52.849+0000] {processor.py:161} INFO - Started process (PID=8864) to work on /opt/airflow/dags/data/Modeling and DAX.xlsx
[2024-10-11T01:58:52.851+0000] {processor.py:830} INFO - Processing file /opt/airflow/dags/data/Modeling and DAX.xlsx for tasks to queue
[2024-10-11T01:58:52.861+0000] {logging_mixin.py:188} INFO - [2024-10-11T01:58:52.860+0000] {dagbag.py:545} INFO - Filling up the DagBag from /opt/airflow/dags/data/Modeling and DAX.xlsx
[2024-10-11T01:58:52.916+0000] {processor.py:842} WARNING - No viable dags retrieved from /opt/airflow/dags/data/Modeling and DAX.xlsx
[2024-10-11T01:58:52.996+0000] {processor.py:183} INFO - Processing /opt/airflow/dags/data/Modeling and DAX.xlsx took 0.177 seconds
[2024-10-11T01:59:23.533+0000] {processor.py:161} INFO - Started process (PID=8892) to work on /opt/airflow/dags/data/Modeling and DAX.xlsx
[2024-10-11T01:59:23.542+0000] {processor.py:830} INFO - Processing file /opt/airflow/dags/data/Modeling and DAX.xlsx for tasks to queue
[2024-10-11T01:59:23.569+0000] {logging_mixin.py:188} INFO - [2024-10-11T01:59:23.564+0000] {dagbag.py:545} INFO - Filling up the DagBag from /opt/airflow/dags/data/Modeling and DAX.xlsx
[2024-10-11T01:59:23.653+0000] {processor.py:842} WARNING - No viable dags retrieved from /opt/airflow/dags/data/Modeling and DAX.xlsx
[2024-10-11T01:59:23.804+0000] {processor.py:183} INFO - Processing /opt/airflow/dags/data/Modeling and DAX.xlsx took 0.340 seconds
[2024-10-11T01:59:54.459+0000] {processor.py:161} INFO - Started process (PID=8927) to work on /opt/airflow/dags/data/Modeling and DAX.xlsx
[2024-10-11T01:59:54.474+0000] {processor.py:830} INFO - Processing file /opt/airflow/dags/data/Modeling and DAX.xlsx for tasks to queue
[2024-10-11T01:59:54.478+0000] {logging_mixin.py:188} INFO - [2024-10-11T01:59:54.478+0000] {dagbag.py:545} INFO - Filling up the DagBag from /opt/airflow/dags/data/Modeling and DAX.xlsx
[2024-10-11T01:59:54.538+0000] {processor.py:842} WARNING - No viable dags retrieved from /opt/airflow/dags/data/Modeling and DAX.xlsx
[2024-10-11T01:59:54.626+0000] {processor.py:183} INFO - Processing /opt/airflow/dags/data/Modeling and DAX.xlsx took 0.201 seconds
[2024-10-11T02:00:26.724+0000] {processor.py:161} INFO - Started process (PID=8955) to work on /opt/airflow/dags/data/Modeling and DAX.xlsx
[2024-10-11T02:00:26.742+0000] {processor.py:830} INFO - Processing file /opt/airflow/dags/data/Modeling and DAX.xlsx for tasks to queue
[2024-10-11T02:00:26.791+0000] {logging_mixin.py:188} INFO - [2024-10-11T02:00:26.790+0000] {dagbag.py:545} INFO - Filling up the DagBag from /opt/airflow/dags/data/Modeling and DAX.xlsx
[2024-10-11T02:00:27.123+0000] {processor.py:842} WARNING - No viable dags retrieved from /opt/airflow/dags/data/Modeling and DAX.xlsx
[2024-10-11T02:00:27.520+0000] {processor.py:183} INFO - Processing /opt/airflow/dags/data/Modeling and DAX.xlsx took 0.857 seconds
[2024-10-11T02:00:58.722+0000] {processor.py:161} INFO - Started process (PID=8988) to work on /opt/airflow/dags/data/Modeling and DAX.xlsx
[2024-10-11T02:00:58.726+0000] {processor.py:830} INFO - Processing file /opt/airflow/dags/data/Modeling and DAX.xlsx for tasks to queue
[2024-10-11T02:00:58.753+0000] {logging_mixin.py:188} INFO - [2024-10-11T02:00:58.746+0000] {dagbag.py:545} INFO - Filling up the DagBag from /opt/airflow/dags/data/Modeling and DAX.xlsx
[2024-10-11T02:00:58.851+0000] {processor.py:842} WARNING - No viable dags retrieved from /opt/airflow/dags/data/Modeling and DAX.xlsx
[2024-10-11T02:00:58.985+0000] {processor.py:183} INFO - Processing /opt/airflow/dags/data/Modeling and DAX.xlsx took 0.330 seconds
[2024-10-11T02:01:30.413+0000] {processor.py:161} INFO - Started process (PID=9019) to work on /opt/airflow/dags/data/Modeling and DAX.xlsx
[2024-10-11T02:01:30.424+0000] {processor.py:830} INFO - Processing file /opt/airflow/dags/data/Modeling and DAX.xlsx for tasks to queue
[2024-10-11T02:01:30.436+0000] {logging_mixin.py:188} INFO - [2024-10-11T02:01:30.435+0000] {dagbag.py:545} INFO - Filling up the DagBag from /opt/airflow/dags/data/Modeling and DAX.xlsx
[2024-10-11T02:01:30.523+0000] {processor.py:842} WARNING - No viable dags retrieved from /opt/airflow/dags/data/Modeling and DAX.xlsx
[2024-10-11T02:01:30.605+0000] {processor.py:183} INFO - Processing /opt/airflow/dags/data/Modeling and DAX.xlsx took 0.282 seconds
[2024-10-11T02:02:01.417+0000] {processor.py:161} INFO - Started process (PID=9047) to work on /opt/airflow/dags/data/Modeling and DAX.xlsx
[2024-10-11T02:02:01.425+0000] {processor.py:830} INFO - Processing file /opt/airflow/dags/data/Modeling and DAX.xlsx for tasks to queue
[2024-10-11T02:02:01.429+0000] {logging_mixin.py:188} INFO - [2024-10-11T02:02:01.428+0000] {dagbag.py:545} INFO - Filling up the DagBag from /opt/airflow/dags/data/Modeling and DAX.xlsx
[2024-10-11T02:02:01.485+0000] {processor.py:842} WARNING - No viable dags retrieved from /opt/airflow/dags/data/Modeling and DAX.xlsx
[2024-10-11T02:02:01.547+0000] {processor.py:183} INFO - Processing /opt/airflow/dags/data/Modeling and DAX.xlsx took 0.168 seconds
[2024-10-11T02:02:32.137+0000] {processor.py:161} INFO - Started process (PID=9082) to work on /opt/airflow/dags/data/Modeling and DAX.xlsx
[2024-10-11T02:02:32.146+0000] {processor.py:830} INFO - Processing file /opt/airflow/dags/data/Modeling and DAX.xlsx for tasks to queue
[2024-10-11T02:02:32.166+0000] {logging_mixin.py:188} INFO - [2024-10-11T02:02:32.159+0000] {dagbag.py:545} INFO - Filling up the DagBag from /opt/airflow/dags/data/Modeling and DAX.xlsx
[2024-10-11T02:02:32.237+0000] {processor.py:842} WARNING - No viable dags retrieved from /opt/airflow/dags/data/Modeling and DAX.xlsx
[2024-10-11T02:02:32.329+0000] {processor.py:183} INFO - Processing /opt/airflow/dags/data/Modeling and DAX.xlsx took 0.239 seconds
[2024-10-11T02:03:02.808+0000] {processor.py:161} INFO - Started process (PID=9110) to work on /opt/airflow/dags/data/Modeling and DAX.xlsx
[2024-10-11T02:03:02.811+0000] {processor.py:830} INFO - Processing file /opt/airflow/dags/data/Modeling and DAX.xlsx for tasks to queue
[2024-10-11T02:03:02.821+0000] {logging_mixin.py:188} INFO - [2024-10-11T02:03:02.820+0000] {dagbag.py:545} INFO - Filling up the DagBag from /opt/airflow/dags/data/Modeling and DAX.xlsx
[2024-10-11T02:03:02.873+0000] {processor.py:842} WARNING - No viable dags retrieved from /opt/airflow/dags/data/Modeling and DAX.xlsx
[2024-10-11T02:03:02.943+0000] {processor.py:183} INFO - Processing /opt/airflow/dags/data/Modeling and DAX.xlsx took 0.184 seconds
[2024-10-11T02:03:33.581+0000] {processor.py:161} INFO - Started process (PID=9145) to work on /opt/airflow/dags/data/Modeling and DAX.xlsx
[2024-10-11T02:03:33.589+0000] {processor.py:830} INFO - Processing file /opt/airflow/dags/data/Modeling and DAX.xlsx for tasks to queue
[2024-10-11T02:03:33.608+0000] {logging_mixin.py:188} INFO - [2024-10-11T02:03:33.602+0000] {dagbag.py:545} INFO - Filling up the DagBag from /opt/airflow/dags/data/Modeling and DAX.xlsx
[2024-10-11T02:03:33.688+0000] {processor.py:842} WARNING - No viable dags retrieved from /opt/airflow/dags/data/Modeling and DAX.xlsx
[2024-10-11T02:03:33.759+0000] {processor.py:183} INFO - Processing /opt/airflow/dags/data/Modeling and DAX.xlsx took 0.211 seconds
[2024-10-11T02:04:04.885+0000] {processor.py:161} INFO - Started process (PID=9173) to work on /opt/airflow/dags/data/Modeling and DAX.xlsx
[2024-10-11T02:04:04.893+0000] {processor.py:830} INFO - Processing file /opt/airflow/dags/data/Modeling and DAX.xlsx for tasks to queue
[2024-10-11T02:04:04.915+0000] {logging_mixin.py:188} INFO - [2024-10-11T02:04:04.913+0000] {dagbag.py:545} INFO - Filling up the DagBag from /opt/airflow/dags/data/Modeling and DAX.xlsx
[2024-10-11T02:04:04.982+0000] {processor.py:842} WARNING - No viable dags retrieved from /opt/airflow/dags/data/Modeling and DAX.xlsx
[2024-10-11T02:04:05.085+0000] {processor.py:183} INFO - Processing /opt/airflow/dags/data/Modeling and DAX.xlsx took 0.243 seconds
[2024-10-11T02:04:35.523+0000] {processor.py:161} INFO - Started process (PID=9208) to work on /opt/airflow/dags/data/Modeling and DAX.xlsx
[2024-10-11T02:04:35.539+0000] {processor.py:830} INFO - Processing file /opt/airflow/dags/data/Modeling and DAX.xlsx for tasks to queue
[2024-10-11T02:04:35.550+0000] {logging_mixin.py:188} INFO - [2024-10-11T02:04:35.543+0000] {dagbag.py:545} INFO - Filling up the DagBag from /opt/airflow/dags/data/Modeling and DAX.xlsx
[2024-10-11T02:04:35.610+0000] {processor.py:842} WARNING - No viable dags retrieved from /opt/airflow/dags/data/Modeling and DAX.xlsx
[2024-10-11T02:04:35.693+0000] {processor.py:183} INFO - Processing /opt/airflow/dags/data/Modeling and DAX.xlsx took 0.201 seconds
[2024-10-11T02:05:06.335+0000] {processor.py:161} INFO - Started process (PID=9234) to work on /opt/airflow/dags/data/Modeling and DAX.xlsx
[2024-10-11T02:05:06.343+0000] {processor.py:830} INFO - Processing file /opt/airflow/dags/data/Modeling and DAX.xlsx for tasks to queue
[2024-10-11T02:05:06.354+0000] {logging_mixin.py:188} INFO - [2024-10-11T02:05:06.353+0000] {dagbag.py:545} INFO - Filling up the DagBag from /opt/airflow/dags/data/Modeling and DAX.xlsx
[2024-10-11T02:05:06.442+0000] {processor.py:842} WARNING - No viable dags retrieved from /opt/airflow/dags/data/Modeling and DAX.xlsx
[2024-10-11T02:05:06.523+0000] {processor.py:183} INFO - Processing /opt/airflow/dags/data/Modeling and DAX.xlsx took 0.229 seconds
[2024-10-11T02:05:37.485+0000] {processor.py:161} INFO - Started process (PID=9266) to work on /opt/airflow/dags/data/Modeling and DAX.xlsx
[2024-10-11T02:05:37.493+0000] {processor.py:830} INFO - Processing file /opt/airflow/dags/data/Modeling and DAX.xlsx for tasks to queue
[2024-10-11T02:05:37.504+0000] {logging_mixin.py:188} INFO - [2024-10-11T02:05:37.503+0000] {dagbag.py:545} INFO - Filling up the DagBag from /opt/airflow/dags/data/Modeling and DAX.xlsx
[2024-10-11T02:05:37.573+0000] {processor.py:842} WARNING - No viable dags retrieved from /opt/airflow/dags/data/Modeling and DAX.xlsx
[2024-10-11T02:05:37.652+0000] {processor.py:183} INFO - Processing /opt/airflow/dags/data/Modeling and DAX.xlsx took 0.208 seconds
[2024-10-11T02:06:08.266+0000] {processor.py:161} INFO - Started process (PID=9294) to work on /opt/airflow/dags/data/Modeling and DAX.xlsx
[2024-10-11T02:06:08.269+0000] {processor.py:830} INFO - Processing file /opt/airflow/dags/data/Modeling and DAX.xlsx for tasks to queue
[2024-10-11T02:06:08.296+0000] {logging_mixin.py:188} INFO - [2024-10-11T02:06:08.289+0000] {dagbag.py:545} INFO - Filling up the DagBag from /opt/airflow/dags/data/Modeling and DAX.xlsx
[2024-10-11T02:06:08.387+0000] {processor.py:842} WARNING - No viable dags retrieved from /opt/airflow/dags/data/Modeling and DAX.xlsx
[2024-10-11T02:06:08.507+0000] {processor.py:183} INFO - Processing /opt/airflow/dags/data/Modeling and DAX.xlsx took 0.318 seconds
[2024-10-11T02:06:40.189+0000] {processor.py:161} INFO - Started process (PID=9329) to work on /opt/airflow/dags/data/Modeling and DAX.xlsx
[2024-10-11T02:06:40.192+0000] {processor.py:830} INFO - Processing file /opt/airflow/dags/data/Modeling and DAX.xlsx for tasks to queue
[2024-10-11T02:06:40.212+0000] {logging_mixin.py:188} INFO - [2024-10-11T02:06:40.211+0000] {dagbag.py:545} INFO - Filling up the DagBag from /opt/airflow/dags/data/Modeling and DAX.xlsx
[2024-10-11T02:06:40.290+0000] {processor.py:842} WARNING - No viable dags retrieved from /opt/airflow/dags/data/Modeling and DAX.xlsx
[2024-10-11T02:06:40.403+0000] {processor.py:183} INFO - Processing /opt/airflow/dags/data/Modeling and DAX.xlsx took 0.313 seconds
[2024-10-11T02:07:11.021+0000] {processor.py:161} INFO - Started process (PID=9358) to work on /opt/airflow/dags/data/Modeling and DAX.xlsx
[2024-10-11T02:07:11.031+0000] {processor.py:830} INFO - Processing file /opt/airflow/dags/data/Modeling and DAX.xlsx for tasks to queue
[2024-10-11T02:07:11.049+0000] {logging_mixin.py:188} INFO - [2024-10-11T02:07:11.048+0000] {dagbag.py:545} INFO - Filling up the DagBag from /opt/airflow/dags/data/Modeling and DAX.xlsx
[2024-10-11T02:07:11.179+0000] {processor.py:842} WARNING - No viable dags retrieved from /opt/airflow/dags/data/Modeling and DAX.xlsx
[2024-10-11T02:07:11.339+0000] {processor.py:183} INFO - Processing /opt/airflow/dags/data/Modeling and DAX.xlsx took 0.359 seconds
[2024-10-11T02:07:42.552+0000] {processor.py:161} INFO - Started process (PID=9393) to work on /opt/airflow/dags/data/Modeling and DAX.xlsx
[2024-10-11T02:07:42.562+0000] {processor.py:830} INFO - Processing file /opt/airflow/dags/data/Modeling and DAX.xlsx for tasks to queue
[2024-10-11T02:07:42.613+0000] {logging_mixin.py:188} INFO - [2024-10-11T02:07:42.612+0000] {dagbag.py:545} INFO - Filling up the DagBag from /opt/airflow/dags/data/Modeling and DAX.xlsx
[2024-10-11T02:07:42.724+0000] {processor.py:842} WARNING - No viable dags retrieved from /opt/airflow/dags/data/Modeling and DAX.xlsx
[2024-10-11T02:07:42.884+0000] {processor.py:183} INFO - Processing /opt/airflow/dags/data/Modeling and DAX.xlsx took 0.400 seconds
[2024-10-11T02:08:14.139+0000] {processor.py:161} INFO - Started process (PID=9421) to work on /opt/airflow/dags/data/Modeling and DAX.xlsx
[2024-10-11T02:08:14.157+0000] {processor.py:830} INFO - Processing file /opt/airflow/dags/data/Modeling and DAX.xlsx for tasks to queue
[2024-10-11T02:08:14.179+0000] {logging_mixin.py:188} INFO - [2024-10-11T02:08:14.170+0000] {dagbag.py:545} INFO - Filling up the DagBag from /opt/airflow/dags/data/Modeling and DAX.xlsx
[2024-10-11T02:08:14.277+0000] {processor.py:842} WARNING - No viable dags retrieved from /opt/airflow/dags/data/Modeling and DAX.xlsx
[2024-10-11T02:08:14.428+0000] {processor.py:183} INFO - Processing /opt/airflow/dags/data/Modeling and DAX.xlsx took 0.349 seconds
[2024-10-11T02:08:45.686+0000] {processor.py:161} INFO - Started process (PID=9455) to work on /opt/airflow/dags/data/Modeling and DAX.xlsx
[2024-10-11T02:08:45.706+0000] {processor.py:830} INFO - Processing file /opt/airflow/dags/data/Modeling and DAX.xlsx for tasks to queue
[2024-10-11T02:08:45.749+0000] {logging_mixin.py:188} INFO - [2024-10-11T02:08:45.739+0000] {dagbag.py:545} INFO - Filling up the DagBag from /opt/airflow/dags/data/Modeling and DAX.xlsx
[2024-10-11T02:08:46.077+0000] {processor.py:842} WARNING - No viable dags retrieved from /opt/airflow/dags/data/Modeling and DAX.xlsx
[2024-10-11T02:08:46.349+0000] {processor.py:183} INFO - Processing /opt/airflow/dags/data/Modeling and DAX.xlsx took 0.781 seconds
[2024-10-11T02:09:17.326+0000] {processor.py:161} INFO - Started process (PID=9481) to work on /opt/airflow/dags/data/Modeling and DAX.xlsx
[2024-10-11T02:09:17.335+0000] {processor.py:830} INFO - Processing file /opt/airflow/dags/data/Modeling and DAX.xlsx for tasks to queue
[2024-10-11T02:09:17.353+0000] {logging_mixin.py:188} INFO - [2024-10-11T02:09:17.346+0000] {dagbag.py:545} INFO - Filling up the DagBag from /opt/airflow/dags/data/Modeling and DAX.xlsx
[2024-10-11T02:09:17.475+0000] {processor.py:842} WARNING - No viable dags retrieved from /opt/airflow/dags/data/Modeling and DAX.xlsx
[2024-10-11T02:09:17.623+0000] {processor.py:183} INFO - Processing /opt/airflow/dags/data/Modeling and DAX.xlsx took 0.347 seconds
[2024-10-11T02:09:48.385+0000] {processor.py:161} INFO - Started process (PID=9515) to work on /opt/airflow/dags/data/Modeling and DAX.xlsx
[2024-10-11T02:09:48.394+0000] {processor.py:830} INFO - Processing file /opt/airflow/dags/data/Modeling and DAX.xlsx for tasks to queue
[2024-10-11T02:09:48.423+0000] {logging_mixin.py:188} INFO - [2024-10-11T02:09:48.415+0000] {dagbag.py:545} INFO - Filling up the DagBag from /opt/airflow/dags/data/Modeling and DAX.xlsx
[2024-10-11T02:09:48.594+0000] {processor.py:842} WARNING - No viable dags retrieved from /opt/airflow/dags/data/Modeling and DAX.xlsx
[2024-10-11T02:09:48.763+0000] {processor.py:183} INFO - Processing /opt/airflow/dags/data/Modeling and DAX.xlsx took 0.449 seconds
[2024-10-11T02:10:20.065+0000] {processor.py:161} INFO - Started process (PID=9543) to work on /opt/airflow/dags/data/Modeling and DAX.xlsx
[2024-10-11T02:10:20.095+0000] {processor.py:830} INFO - Processing file /opt/airflow/dags/data/Modeling and DAX.xlsx for tasks to queue
[2024-10-11T02:10:20.127+0000] {logging_mixin.py:188} INFO - [2024-10-11T02:10:20.125+0000] {dagbag.py:545} INFO - Filling up the DagBag from /opt/airflow/dags/data/Modeling and DAX.xlsx
[2024-10-11T02:10:20.775+0000] {processor.py:842} WARNING - No viable dags retrieved from /opt/airflow/dags/data/Modeling and DAX.xlsx
[2024-10-11T02:10:21.157+0000] {processor.py:183} INFO - Processing /opt/airflow/dags/data/Modeling and DAX.xlsx took 1.230 seconds
[2024-10-11T02:10:52.347+0000] {processor.py:161} INFO - Started process (PID=9577) to work on /opt/airflow/dags/data/Modeling and DAX.xlsx
[2024-10-11T02:10:52.356+0000] {processor.py:830} INFO - Processing file /opt/airflow/dags/data/Modeling and DAX.xlsx for tasks to queue
[2024-10-11T02:10:52.368+0000] {logging_mixin.py:188} INFO - [2024-10-11T02:10:52.367+0000] {dagbag.py:545} INFO - Filling up the DagBag from /opt/airflow/dags/data/Modeling and DAX.xlsx
[2024-10-11T02:10:52.557+0000] {processor.py:842} WARNING - No viable dags retrieved from /opt/airflow/dags/data/Modeling and DAX.xlsx
[2024-10-11T02:10:52.708+0000] {processor.py:183} INFO - Processing /opt/airflow/dags/data/Modeling and DAX.xlsx took 0.450 seconds
[2024-10-11T02:11:24.846+0000] {processor.py:161} INFO - Started process (PID=9603) to work on /opt/airflow/dags/data/Modeling and DAX.xlsx
[2024-10-11T02:11:24.857+0000] {processor.py:830} INFO - Processing file /opt/airflow/dags/data/Modeling and DAX.xlsx for tasks to queue
[2024-10-11T02:11:24.878+0000] {logging_mixin.py:188} INFO - [2024-10-11T02:11:24.876+0000] {dagbag.py:545} INFO - Filling up the DagBag from /opt/airflow/dags/data/Modeling and DAX.xlsx
[2024-10-11T02:11:25.057+0000] {processor.py:842} WARNING - No viable dags retrieved from /opt/airflow/dags/data/Modeling and DAX.xlsx
[2024-10-11T02:11:25.236+0000] {processor.py:183} INFO - Processing /opt/airflow/dags/data/Modeling and DAX.xlsx took 0.489 seconds
[2024-10-11T02:11:56.602+0000] {processor.py:161} INFO - Started process (PID=9634) to work on /opt/airflow/dags/data/Modeling and DAX.xlsx
[2024-10-11T02:11:56.622+0000] {processor.py:830} INFO - Processing file /opt/airflow/dags/data/Modeling and DAX.xlsx for tasks to queue
[2024-10-11T02:11:56.662+0000] {logging_mixin.py:188} INFO - [2024-10-11T02:11:56.653+0000] {dagbag.py:545} INFO - Filling up the DagBag from /opt/airflow/dags/data/Modeling and DAX.xlsx
[2024-10-11T02:11:56.861+0000] {processor.py:842} WARNING - No viable dags retrieved from /opt/airflow/dags/data/Modeling and DAX.xlsx
[2024-10-11T02:11:57.082+0000] {processor.py:183} INFO - Processing /opt/airflow/dags/data/Modeling and DAX.xlsx took 0.609 seconds
[2024-10-11T02:12:28.362+0000] {processor.py:161} INFO - Started process (PID=9669) to work on /opt/airflow/dags/data/Modeling and DAX.xlsx
[2024-10-11T02:12:28.402+0000] {processor.py:830} INFO - Processing file /opt/airflow/dags/data/Modeling and DAX.xlsx for tasks to queue
[2024-10-11T02:12:28.472+0000] {logging_mixin.py:188} INFO - [2024-10-11T02:12:28.461+0000] {dagbag.py:545} INFO - Filling up the DagBag from /opt/airflow/dags/data/Modeling and DAX.xlsx
[2024-10-11T02:12:28.702+0000] {processor.py:842} WARNING - No viable dags retrieved from /opt/airflow/dags/data/Modeling and DAX.xlsx
[2024-10-11T02:12:29.042+0000] {processor.py:183} INFO - Processing /opt/airflow/dags/data/Modeling and DAX.xlsx took 0.838 seconds
[2024-10-11T02:13:01.601+0000] {processor.py:161} INFO - Started process (PID=9698) to work on /opt/airflow/dags/data/Modeling and DAX.xlsx
[2024-10-11T02:13:01.613+0000] {processor.py:830} INFO - Processing file /opt/airflow/dags/data/Modeling and DAX.xlsx for tasks to queue
[2024-10-11T02:13:01.652+0000] {logging_mixin.py:188} INFO - [2024-10-11T02:13:01.643+0000] {dagbag.py:545} INFO - Filling up the DagBag from /opt/airflow/dags/data/Modeling and DAX.xlsx
[2024-10-11T02:13:01.782+0000] {processor.py:842} WARNING - No viable dags retrieved from /opt/airflow/dags/data/Modeling and DAX.xlsx
[2024-10-11T02:13:01.992+0000] {processor.py:183} INFO - Processing /opt/airflow/dags/data/Modeling and DAX.xlsx took 0.490 seconds
[2024-10-11T02:13:34.007+0000] {processor.py:161} INFO - Started process (PID=9733) to work on /opt/airflow/dags/data/Modeling and DAX.xlsx
[2024-10-11T02:13:34.019+0000] {processor.py:830} INFO - Processing file /opt/airflow/dags/data/Modeling and DAX.xlsx for tasks to queue
[2024-10-11T02:13:34.076+0000] {logging_mixin.py:188} INFO - [2024-10-11T02:13:34.059+0000] {dagbag.py:545} INFO - Filling up the DagBag from /opt/airflow/dags/data/Modeling and DAX.xlsx
[2024-10-11T02:13:34.317+0000] {processor.py:842} WARNING - No viable dags retrieved from /opt/airflow/dags/data/Modeling and DAX.xlsx
[2024-10-11T02:13:34.598+0000] {processor.py:183} INFO - Processing /opt/airflow/dags/data/Modeling and DAX.xlsx took 0.699 seconds
[2024-10-11T02:14:06.067+0000] {processor.py:161} INFO - Started process (PID=9757) to work on /opt/airflow/dags/data/Modeling and DAX.xlsx
[2024-10-11T02:14:06.087+0000] {processor.py:830} INFO - Processing file /opt/airflow/dags/data/Modeling and DAX.xlsx for tasks to queue
[2024-10-11T02:14:06.117+0000] {logging_mixin.py:188} INFO - [2024-10-11T02:14:06.116+0000] {dagbag.py:545} INFO - Filling up the DagBag from /opt/airflow/dags/data/Modeling and DAX.xlsx
[2024-10-11T02:14:06.276+0000] {processor.py:842} WARNING - No viable dags retrieved from /opt/airflow/dags/data/Modeling and DAX.xlsx
[2024-10-11T02:14:06.486+0000] {processor.py:183} INFO - Processing /opt/airflow/dags/data/Modeling and DAX.xlsx took 0.500 seconds
[2024-10-11T02:14:38.175+0000] {processor.py:161} INFO - Started process (PID=9792) to work on /opt/airflow/dags/data/Modeling and DAX.xlsx
[2024-10-11T02:14:38.186+0000] {processor.py:830} INFO - Processing file /opt/airflow/dags/data/Modeling and DAX.xlsx for tasks to queue
[2024-10-11T02:14:38.215+0000] {logging_mixin.py:188} INFO - [2024-10-11T02:14:38.206+0000] {dagbag.py:545} INFO - Filling up the DagBag from /opt/airflow/dags/data/Modeling and DAX.xlsx
[2024-10-11T02:14:38.446+0000] {processor.py:842} WARNING - No viable dags retrieved from /opt/airflow/dags/data/Modeling and DAX.xlsx
[2024-10-11T02:14:38.697+0000] {processor.py:183} INFO - Processing /opt/airflow/dags/data/Modeling and DAX.xlsx took 0.660 seconds
[2024-10-11T02:15:11.274+0000] {processor.py:161} INFO - Started process (PID=9818) to work on /opt/airflow/dags/data/Modeling and DAX.xlsx
[2024-10-11T02:15:11.294+0000] {processor.py:830} INFO - Processing file /opt/airflow/dags/data/Modeling and DAX.xlsx for tasks to queue
[2024-10-11T02:15:11.365+0000] {logging_mixin.py:188} INFO - [2024-10-11T02:15:11.355+0000] {dagbag.py:545} INFO - Filling up the DagBag from /opt/airflow/dags/data/Modeling and DAX.xlsx
[2024-10-11T02:15:11.584+0000] {processor.py:842} WARNING - No viable dags retrieved from /opt/airflow/dags/data/Modeling and DAX.xlsx
[2024-10-11T02:15:12.004+0000] {processor.py:183} INFO - Processing /opt/airflow/dags/data/Modeling and DAX.xlsx took 0.909 seconds
[2024-10-11T02:15:43.950+0000] {processor.py:161} INFO - Started process (PID=9848) to work on /opt/airflow/dags/data/Modeling and DAX.xlsx
[2024-10-11T02:15:44.048+0000] {processor.py:830} INFO - Processing file /opt/airflow/dags/data/Modeling and DAX.xlsx for tasks to queue
[2024-10-11T02:15:44.119+0000] {logging_mixin.py:188} INFO - [2024-10-11T02:15:44.118+0000] {dagbag.py:545} INFO - Filling up the DagBag from /opt/airflow/dags/data/Modeling and DAX.xlsx
[2024-10-11T02:15:44.479+0000] {processor.py:842} WARNING - No viable dags retrieved from /opt/airflow/dags/data/Modeling and DAX.xlsx
[2024-10-11T02:15:45.019+0000] {processor.py:183} INFO - Processing /opt/airflow/dags/data/Modeling and DAX.xlsx took 1.280 seconds
[2024-10-11T02:16:18.088+0000] {processor.py:161} INFO - Started process (PID=9879) to work on /opt/airflow/dags/data/Modeling and DAX.xlsx
[2024-10-11T02:16:18.148+0000] {processor.py:830} INFO - Processing file /opt/airflow/dags/data/Modeling and DAX.xlsx for tasks to queue
[2024-10-11T02:16:18.218+0000] {logging_mixin.py:188} INFO - [2024-10-11T02:16:18.199+0000] {dagbag.py:545} INFO - Filling up the DagBag from /opt/airflow/dags/data/Modeling and DAX.xlsx
[2024-10-11T02:16:18.837+0000] {processor.py:842} WARNING - No viable dags retrieved from /opt/airflow/dags/data/Modeling and DAX.xlsx
[2024-10-11T02:16:19.337+0000] {processor.py:183} INFO - Processing /opt/airflow/dags/data/Modeling and DAX.xlsx took 1.560 seconds
[2024-10-11T02:16:54.969+0000] {processor.py:161} INFO - Started process (PID=9904) to work on /opt/airflow/dags/data/Modeling and DAX.xlsx
[2024-10-11T02:16:55.008+0000] {processor.py:830} INFO - Processing file /opt/airflow/dags/data/Modeling and DAX.xlsx for tasks to queue
[2024-10-11T02:16:55.139+0000] {logging_mixin.py:188} INFO - [2024-10-11T02:16:55.099+0000] {dagbag.py:545} INFO - Filling up the DagBag from /opt/airflow/dags/data/Modeling and DAX.xlsx
[2024-10-11T02:16:55.788+0000] {processor.py:842} WARNING - No viable dags retrieved from /opt/airflow/dags/data/Modeling and DAX.xlsx
[2024-10-11T02:16:56.469+0000] {processor.py:183} INFO - Processing /opt/airflow/dags/data/Modeling and DAX.xlsx took 2.040 seconds
[2024-10-11T02:17:28.982+0000] {processor.py:161} INFO - Started process (PID=9935) to work on /opt/airflow/dags/data/Modeling and DAX.xlsx
[2024-10-11T02:17:29.012+0000] {processor.py:830} INFO - Processing file /opt/airflow/dags/data/Modeling and DAX.xlsx for tasks to queue
[2024-10-11T02:17:29.062+0000] {logging_mixin.py:188} INFO - [2024-10-11T02:17:29.052+0000] {dagbag.py:545} INFO - Filling up the DagBag from /opt/airflow/dags/data/Modeling and DAX.xlsx
[2024-10-11T02:17:29.792+0000] {processor.py:842} WARNING - No viable dags retrieved from /opt/airflow/dags/data/Modeling and DAX.xlsx
[2024-10-11T02:17:30.402+0000] {processor.py:183} INFO - Processing /opt/airflow/dags/data/Modeling and DAX.xlsx took 1.609 seconds
[2024-10-11T02:18:05.560+0000] {processor.py:161} INFO - Started process (PID=9968) to work on /opt/airflow/dags/data/Modeling and DAX.xlsx
[2024-10-11T02:18:05.610+0000] {processor.py:830} INFO - Processing file /opt/airflow/dags/data/Modeling and DAX.xlsx for tasks to queue
[2024-10-11T02:18:05.690+0000] {logging_mixin.py:188} INFO - [2024-10-11T02:18:05.679+0000] {dagbag.py:545} INFO - Filling up the DagBag from /opt/airflow/dags/data/Modeling and DAX.xlsx
[2024-10-11T02:18:06.929+0000] {processor.py:842} WARNING - No viable dags retrieved from /opt/airflow/dags/data/Modeling and DAX.xlsx
[2024-10-11T02:18:07.739+0000] {processor.py:183} INFO - Processing /opt/airflow/dags/data/Modeling and DAX.xlsx took 2.589 seconds
[2024-10-11T02:18:51.274+0000] {processor.py:161} INFO - Started process (PID=9992) to work on /opt/airflow/dags/data/Modeling and DAX.xlsx
[2024-10-11T02:18:51.593+0000] {processor.py:830} INFO - Processing file /opt/airflow/dags/data/Modeling and DAX.xlsx for tasks to queue
[2024-10-11T02:18:51.664+0000] {logging_mixin.py:188} INFO - [2024-10-11T02:18:51.653+0000] {dagbag.py:545} INFO - Filling up the DagBag from /opt/airflow/dags/data/Modeling and DAX.xlsx
[2024-10-11T02:18:58.890+0000] {processor.py:842} WARNING - No viable dags retrieved from /opt/airflow/dags/data/Modeling and DAX.xlsx
[2024-10-11T02:18:59.960+0000] {processor.py:183} INFO - Processing /opt/airflow/dags/data/Modeling and DAX.xlsx took 9.701 seconds
[2024-10-11T02:19:46.979+0000] {processor.py:161} INFO - Started process (PID=10032) to work on /opt/airflow/dags/data/Modeling and DAX.xlsx
[2024-10-11T02:19:47.189+0000] {processor.py:830} INFO - Processing file /opt/airflow/dags/data/Modeling and DAX.xlsx for tasks to queue
[2024-10-11T02:19:47.589+0000] {logging_mixin.py:188} INFO - [2024-10-11T02:19:47.469+0000] {dagbag.py:545} INFO - Filling up the DagBag from /opt/airflow/dags/data/Modeling and DAX.xlsx
[2024-10-11T02:19:51.709+0000] {processor.py:842} WARNING - No viable dags retrieved from /opt/airflow/dags/data/Modeling and DAX.xlsx
[2024-10-11T02:19:52.689+0000] {processor.py:183} INFO - Processing /opt/airflow/dags/data/Modeling and DAX.xlsx took 6.900 seconds
[2024-10-11T02:20:54.110+0000] {processor.py:161} INFO - Started process (PID=10074) to work on /opt/airflow/dags/data/Modeling and DAX.xlsx
[2024-10-11T02:20:54.251+0000] {processor.py:830} INFO - Processing file /opt/airflow/dags/data/Modeling and DAX.xlsx for tasks to queue
[2024-10-11T02:20:54.631+0000] {logging_mixin.py:188} INFO - [2024-10-11T02:20:54.471+0000] {dagbag.py:545} INFO - Filling up the DagBag from /opt/airflow/dags/data/Modeling and DAX.xlsx
[2024-10-11T02:20:55.921+0000] {processor.py:842} WARNING - No viable dags retrieved from /opt/airflow/dags/data/Modeling and DAX.xlsx
[2024-10-11T02:20:57.531+0000] {processor.py:183} INFO - Processing /opt/airflow/dags/data/Modeling and DAX.xlsx took 4.100 seconds
[2024-10-11T02:21:43.097+0000] {processor.py:161} INFO - Started process (PID=10101) to work on /opt/airflow/dags/data/Modeling and DAX.xlsx
[2024-10-11T02:21:43.387+0000] {processor.py:830} INFO - Processing file /opt/airflow/dags/data/Modeling and DAX.xlsx for tasks to queue
[2024-10-11T02:21:43.738+0000] {logging_mixin.py:188} INFO - [2024-10-11T02:21:43.637+0000] {dagbag.py:545} INFO - Filling up the DagBag from /opt/airflow/dags/data/Modeling and DAX.xlsx
[2024-10-11T02:21:46.147+0000] {processor.py:842} WARNING - No viable dags retrieved from /opt/airflow/dags/data/Modeling and DAX.xlsx
[2024-10-11T02:21:52.207+0000] {processor.py:183} INFO - Processing /opt/airflow/dags/data/Modeling and DAX.xlsx took 11.920 seconds
[2024-10-11T02:23:10.022+0000] {processor.py:161} INFO - Started process (PID=10141) to work on /opt/airflow/dags/data/Modeling and DAX.xlsx
[2024-10-11T02:23:10.802+0000] {processor.py:830} INFO - Processing file /opt/airflow/dags/data/Modeling and DAX.xlsx for tasks to queue
[2024-10-11T02:23:12.032+0000] {logging_mixin.py:188} INFO - [2024-10-11T02:23:11.822+0000] {dagbag.py:545} INFO - Filling up the DagBag from /opt/airflow/dags/data/Modeling and DAX.xlsx
[2024-10-11T02:23:16.162+0000] {processor.py:842} WARNING - No viable dags retrieved from /opt/airflow/dags/data/Modeling and DAX.xlsx
[2024-10-11T02:23:28.472+0000] {processor.py:183} INFO - Processing /opt/airflow/dags/data/Modeling and DAX.xlsx took 24.400 seconds
