[2024-10-10T15:31:51.084+0000] {local_task_job_runner.py:120} INFO - ::group::Pre task execution logs
[2024-10-10T15:31:51.179+0000] {taskinstance.py:2076} INFO - Dependencies all met for dep_context=non-requeueable deps ti=<TaskInstance: import_excel_to_oracle.process_kpi_template manual__2024-10-10T15:31:47.609743+00:00 [queued]>
[2024-10-10T15:31:51.204+0000] {taskinstance.py:2076} INFO - Dependencies all met for dep_context=requeueable deps ti=<TaskInstance: import_excel_to_oracle.process_kpi_template manual__2024-10-10T15:31:47.609743+00:00 [queued]>
[2024-10-10T15:31:51.206+0000] {taskinstance.py:2306} INFO - Starting attempt 1 of 2
[2024-10-10T15:31:51.247+0000] {taskinstance.py:2330} INFO - Executing <Task(PythonOperator): process_kpi_template> on 2024-10-10 15:31:47.609743+00:00
[2024-10-10T15:31:51.272+0000] {logging_mixin.py:188} WARNING - /home/***/.local/lib/python3.12/site-packages/***/task/task_runner/standard_task_runner.py:62 DeprecationWarning: This process (pid=894) is multi-threaded, use of fork() may lead to deadlocks in the child.
[2024-10-10T15:31:51.268+0000] {standard_task_runner.py:90} INFO - Running: ['***', 'tasks', 'run', 'import_excel_to_oracle', 'process_kpi_template', 'manual__2024-10-10T15:31:47.609743+00:00', '--job-id', '111', '--raw', '--subdir', 'DAGS_FOLDER/oracle_dag.py', '--cfg-path', '/tmp/tmpi3y5m64y']
[2024-10-10T15:31:51.275+0000] {standard_task_runner.py:64} INFO - Started process 904 to run task
[2024-10-10T15:31:51.275+0000] {standard_task_runner.py:91} INFO - Job 111: Subtask process_kpi_template
[2024-10-10T15:31:51.314+0000] {logging_mixin.py:188} WARNING - /home/***/.local/lib/python3.12/site-packages/***/settings.py:195 DeprecationWarning: The sql_alchemy_conn option in [core] has been moved to the sql_alchemy_conn option in [database] - the old setting has been used, but please update your config.
[2024-10-10T15:31:51.430+0000] {task_command.py:426} INFO - Running <TaskInstance: import_excel_to_oracle.process_kpi_template manual__2024-10-10T15:31:47.609743+00:00 [running]> on host 751c06a3cc64
[2024-10-10T15:31:51.654+0000] {taskinstance.py:2648} INFO - Exporting env vars: AIRFLOW_CTX_DAG_OWNER='***' AIRFLOW_CTX_DAG_ID='import_excel_to_oracle' AIRFLOW_CTX_TASK_ID='process_kpi_template' AIRFLOW_CTX_EXECUTION_DATE='2024-10-10T15:31:47.609743+00:00' AIRFLOW_CTX_TRY_NUMBER='1' AIRFLOW_CTX_DAG_RUN_ID='manual__2024-10-10T15:31:47.609743+00:00'
[2024-10-10T15:31:51.658+0000] {taskinstance.py:430} INFO - ::endgroup::
[2024-10-10T15:31:51.795+0000] {base.py:84} INFO - Using connection ID 'oracle_conn_id' for task execution.
[2024-10-10T15:31:51.994+0000] {logging_mixin.py:188} INFO - Bảng KPI_TEMPLATE đã được tạo thành công!
[2024-10-10T15:31:52.138+0000] {python.py:237} INFO - Done. Returned value was: None
[2024-10-10T15:31:52.139+0000] {taskinstance.py:441} INFO - ::group::Post task execution logs
[2024-10-10T15:31:52.161+0000] {taskinstance.py:1206} INFO - Marking task as SUCCESS. dag_id=import_excel_to_oracle, task_id=process_kpi_template, run_id=manual__2024-10-10T15:31:47.609743+00:00, execution_date=20241010T153147, start_date=20241010T153151, end_date=20241010T153152
[2024-10-10T15:31:52.217+0000] {local_task_job_runner.py:243} INFO - Task exited with return code 0
[2024-10-10T15:31:52.268+0000] {taskinstance.py:3503} INFO - 1 downstream tasks scheduled from follow-on schedule check
[2024-10-10T15:31:52.276+0000] {local_task_job_runner.py:222} INFO - ::endgroup::
