[2024-10-05T04:25:17.128+0000] {local_task_job_runner.py:120} INFO - ::group::Pre task execution logs
[2024-10-05T04:25:17.183+0000] {taskinstance.py:2076} INFO - Dependencies all met for dep_context=non-requeueable deps ti=<TaskInstance: api_dag.is_api_active manual__2024-10-05T04:25:15.958274+00:00 [queued]>
[2024-10-05T04:25:17.207+0000] {taskinstance.py:2076} INFO - Dependencies all met for dep_context=requeueable deps ti=<TaskInstance: api_dag.is_api_active manual__2024-10-05T04:25:15.958274+00:00 [queued]>
[2024-10-05T04:25:17.209+0000] {taskinstance.py:2306} INFO - Starting attempt 1 of 1
[2024-10-05T04:25:17.251+0000] {taskinstance.py:2330} INFO - Executing <Task(HttpSensor): is_api_active> on 2024-10-05 04:25:15.958274+00:00
[2024-10-05T04:25:17.265+0000] {logging_mixin.py:188} WARNING - /home/***/.local/lib/python3.12/site-packages/***/task/task_runner/standard_task_runner.py:62 DeprecationWarning: This process (pid=1554) is multi-threaded, use of fork() may lead to deadlocks in the child.
[2024-10-05T04:25:17.268+0000] {standard_task_runner.py:64} INFO - Started process 1555 to run task
[2024-10-05T04:25:17.265+0000] {standard_task_runner.py:90} INFO - Running: ['***', 'tasks', 'run', 'api_dag', 'is_api_active', 'manual__2024-10-05T04:25:15.958274+00:00', '--job-id', '62', '--raw', '--subdir', 'DAGS_FOLDER/api_dag.py', '--cfg-path', '/tmp/tmph4laizac']
[2024-10-05T04:25:17.270+0000] {standard_task_runner.py:91} INFO - Job 62: Subtask is_api_active
[2024-10-05T04:25:17.308+0000] {logging_mixin.py:188} WARNING - /home/***/.local/lib/python3.12/site-packages/***/settings.py:195 DeprecationWarning: The sql_alchemy_conn option in [core] has been moved to the sql_alchemy_conn option in [database] - the old setting has been used, but please update your config.
[2024-10-05T04:25:17.403+0000] {task_command.py:426} INFO - Running <TaskInstance: api_dag.is_api_active manual__2024-10-05T04:25:15.958274+00:00 [running]> on host 3fed06331d8d
[2024-10-05T04:25:17.724+0000] {taskinstance.py:2648} INFO - Exporting env vars: AIRFLOW_CTX_DAG_OWNER='***' AIRFLOW_CTX_DAG_ID='api_dag' AIRFLOW_CTX_TASK_ID='is_api_active' AIRFLOW_CTX_EXECUTION_DATE='2024-10-05T04:25:15.958274+00:00' AIRFLOW_CTX_TRY_NUMBER='1' AIRFLOW_CTX_DAG_RUN_ID='manual__2024-10-05T04:25:15.958274+00:00'
[2024-10-05T04:25:17.726+0000] {taskinstance.py:430} INFO - ::endgroup::
[2024-10-05T04:25:17.763+0000] {baseoperator.py:400} WARNING - HttpSensor.execute cannot be called outside TaskInstance!
[2024-10-05T04:25:17.765+0000] {http.py:137} INFO - Poking: posts/
[2024-10-05T04:25:17.785+0000] {base.py:84} INFO - Using connection ID 'http_default' for task execution.
[2024-10-05T04:25:18.413+0000] {base.py:294} INFO - Success criteria met. Exiting.
[2024-10-05T04:25:18.414+0000] {taskinstance.py:441} INFO - ::group::Post task execution logs
[2024-10-05T04:25:18.440+0000] {taskinstance.py:1206} INFO - Marking task as SUCCESS. dag_id=api_dag, task_id=is_api_active, run_id=manual__2024-10-05T04:25:15.958274+00:00, execution_date=20241005T042515, start_date=20241005T042517, end_date=20241005T042518
[2024-10-05T04:25:18.495+0000] {local_task_job_runner.py:243} INFO - Task exited with return code 0
[2024-10-05T04:25:18.518+0000] {logging_mixin.py:188} WARNING - /home/***/.local/lib/python3.12/site-packages/***/models/baseoperator.py:1297 AirflowProviderDeprecationWarning: Call to deprecated class SimpleHttpOperator. (Class `SimpleHttpOperator` is deprecated and will be removed in a future release. Please use `HttpOperator` instead.)
[2024-10-05T04:25:18.568+0000] {taskinstance.py:3503} INFO - 1 downstream tasks scheduled from follow-on schedule check
[2024-10-05T04:25:18.578+0000] {local_task_job_runner.py:222} INFO - ::endgroup::
