[2024-10-04T17:42:44.327+0000] {local_task_job_runner.py:120} INFO - ::group::Pre task execution logs
[2024-10-04T17:42:44.404+0000] {taskinstance.py:2076} INFO - Dependencies all met for dep_context=non-requeueable deps ti=<TaskInstance: api_to_json_dag.call_api_task manual__2024-10-04T17:42:42.581384+00:00 [queued]>
[2024-10-04T17:42:44.432+0000] {taskinstance.py:2076} INFO - Dependencies all met for dep_context=requeueable deps ti=<TaskInstance: api_to_json_dag.call_api_task manual__2024-10-04T17:42:42.581384+00:00 [queued]>
[2024-10-04T17:42:44.435+0000] {taskinstance.py:2306} INFO - Starting attempt 1 of 2
[2024-10-04T17:42:44.487+0000] {taskinstance.py:2330} INFO - Executing <Task(PythonOperator): call_api_task> on 2024-10-04 17:42:42.581384+00:00
[2024-10-04T17:42:44.503+0000] {logging_mixin.py:188} WARNING - /home/***/.local/lib/python3.12/site-packages/***/task/task_runner/standard_task_runner.py:62 DeprecationWarning: This process (pid=4213) is multi-threaded, use of fork() may lead to deadlocks in the child.
[2024-10-04T17:42:44.506+0000] {standard_task_runner.py:64} INFO - Started process 4214 to run task
[2024-10-04T17:42:44.503+0000] {standard_task_runner.py:90} INFO - Running: ['***', 'tasks', 'run', 'api_to_json_dag', 'call_api_task', 'manual__2024-10-04T17:42:42.581384+00:00', '--job-id', '55', '--raw', '--subdir', 'DAGS_FOLDER/dag_to_api.py', '--cfg-path', '/tmp/tmpxz23k4du']
[2024-10-04T17:42:44.509+0000] {standard_task_runner.py:91} INFO - Job 55: Subtask call_api_task
[2024-10-04T17:42:44.564+0000] {logging_mixin.py:188} WARNING - /home/***/.local/lib/python3.12/site-packages/***/settings.py:195 DeprecationWarning: The sql_alchemy_conn option in [core] has been moved to the sql_alchemy_conn option in [database] - the old setting has been used, but please update your config.
[2024-10-04T17:42:44.701+0000] {task_command.py:426} INFO - Running <TaskInstance: api_to_json_dag.call_api_task manual__2024-10-04T17:42:42.581384+00:00 [running]> on host 3fed06331d8d
[2024-10-04T17:42:45.029+0000] {taskinstance.py:2648} INFO - Exporting env vars: AIRFLOW_CTX_DAG_EMAIL='admin' AIRFLOW_CTX_DAG_OWNER='***' AIRFLOW_CTX_DAG_ID='api_to_json_dag' AIRFLOW_CTX_TASK_ID='call_api_task' AIRFLOW_CTX_EXECUTION_DATE='2024-10-04T17:42:42.581384+00:00' AIRFLOW_CTX_TRY_NUMBER='1' AIRFLOW_CTX_DAG_RUN_ID='manual__2024-10-04T17:42:42.581384+00:00'
[2024-10-04T17:42:45.031+0000] {taskinstance.py:430} INFO - ::endgroup::
[2024-10-04T17:42:45.306+0000] {logging_mixin.py:188} INFO - File dagspi_data.json đã được tạo thành công.
[2024-10-04T17:42:45.308+0000] {python.py:237} INFO - Done. Returned value was: None
[2024-10-04T17:42:45.310+0000] {taskinstance.py:441} INFO - ::group::Post task execution logs
[2024-10-04T17:42:45.330+0000] {taskinstance.py:1206} INFO - Marking task as SUCCESS. dag_id=api_to_json_dag, task_id=call_api_task, run_id=manual__2024-10-04T17:42:42.581384+00:00, execution_date=20241004T174242, start_date=20241004T174244, end_date=20241004T174245
[2024-10-04T17:42:45.409+0000] {local_task_job_runner.py:243} INFO - Task exited with return code 0
[2024-10-04T17:42:45.452+0000] {taskinstance.py:3503} INFO - 0 downstream tasks scheduled from follow-on schedule check
[2024-10-04T17:42:45.459+0000] {local_task_job_runner.py:222} INFO - ::endgroup::
