[2024-10-10T15:31:54.753+0000] {local_task_job_runner.py:120} INFO - ::group::Pre task execution logs
[2024-10-10T15:31:54.830+0000] {taskinstance.py:2076} INFO - Dependencies all met for dep_context=non-requeueable deps ti=<TaskInstance: import_excel_to_oracle.process_modeling_dax manual__2024-10-10T15:31:47.609743+00:00 [queued]>
[2024-10-10T15:31:54.853+0000] {taskinstance.py:2076} INFO - Dependencies all met for dep_context=requeueable deps ti=<TaskInstance: import_excel_to_oracle.process_modeling_dax manual__2024-10-10T15:31:47.609743+00:00 [queued]>
[2024-10-10T15:31:54.855+0000] {taskinstance.py:2306} INFO - Starting attempt 1 of 2
[2024-10-10T15:31:54.893+0000] {taskinstance.py:2330} INFO - Executing <Task(PythonOperator): process_modeling_dax> on 2024-10-10 15:31:47.609743+00:00
[2024-10-10T15:31:54.910+0000] {logging_mixin.py:188} WARNING - /home/***/.local/lib/python3.12/site-packages/***/task/task_runner/standard_task_runner.py:62 DeprecationWarning: This process (pid=905) is multi-threaded, use of fork() may lead to deadlocks in the child.
[2024-10-10T15:31:54.914+0000] {standard_task_runner.py:64} INFO - Started process 908 to run task
[2024-10-10T15:31:54.910+0000] {standard_task_runner.py:90} INFO - Running: ['***', 'tasks', 'run', 'import_excel_to_oracle', 'process_modeling_dax', 'manual__2024-10-10T15:31:47.609743+00:00', '--job-id', '112', '--raw', '--subdir', 'DAGS_FOLDER/oracle_dag.py', '--cfg-path', '/tmp/tmprkxycjdo']
[2024-10-10T15:31:54.917+0000] {standard_task_runner.py:91} INFO - Job 112: Subtask process_modeling_dax
[2024-10-10T15:31:54.951+0000] {logging_mixin.py:188} WARNING - /home/***/.local/lib/python3.12/site-packages/***/settings.py:195 DeprecationWarning: The sql_alchemy_conn option in [core] has been moved to the sql_alchemy_conn option in [database] - the old setting has been used, but please update your config.
[2024-10-10T15:31:55.038+0000] {task_command.py:426} INFO - Running <TaskInstance: import_excel_to_oracle.process_modeling_dax manual__2024-10-10T15:31:47.609743+00:00 [running]> on host 751c06a3cc64
[2024-10-10T15:31:55.248+0000] {taskinstance.py:2648} INFO - Exporting env vars: AIRFLOW_CTX_DAG_OWNER='***' AIRFLOW_CTX_DAG_ID='import_excel_to_oracle' AIRFLOW_CTX_TASK_ID='process_modeling_dax' AIRFLOW_CTX_EXECUTION_DATE='2024-10-10T15:31:47.609743+00:00' AIRFLOW_CTX_TRY_NUMBER='1' AIRFLOW_CTX_DAG_RUN_ID='manual__2024-10-10T15:31:47.609743+00:00'
[2024-10-10T15:31:55.250+0000] {taskinstance.py:430} INFO - ::endgroup::
[2024-10-10T15:31:56.704+0000] {base.py:84} INFO - Using connection ID 'oracle_conn_id' for task execution.
[2024-10-10T15:31:56.795+0000] {logging_mixin.py:188} INFO - Bảng KHÁCH_HÀNG đã được tạo thành công!
[2024-10-10T15:32:05.467+0000] {base.py:84} INFO - Using connection ID 'oracle_conn_id' for task execution.
[2024-10-10T15:32:05.566+0000] {logging_mixin.py:188} INFO - Bảng SẢN_PHẨM đã được tạo thành công!
[2024-10-10T15:32:16.737+0000] {base.py:84} INFO - Using connection ID 'oracle_conn_id' for task execution.
[2024-10-10T15:32:16.810+0000] {logging_mixin.py:188} INFO - Bảng NHÂN_VIÊN đã được tạo thành công!
[2024-10-10T15:32:17.130+0000] {base.py:84} INFO - Using connection ID 'oracle_conn_id' for task execution.
[2024-10-10T15:32:17.244+0000] {logging_mixin.py:188} INFO - Bảng DỮ_LIỆU_BÁN_HÀNG đã được tạo thành công!
[2024-10-10T15:34:31.791+0000] {base.py:84} INFO - Using connection ID 'oracle_conn_id' for task execution.
[2024-10-10T15:34:31.866+0000] {logging_mixin.py:188} INFO - Bảng CHI_NHÁNH đã được tạo thành công!
[2024-10-10T15:34:31.893+0000] {python.py:237} INFO - Done. Returned value was: None
[2024-10-10T15:34:31.894+0000] {taskinstance.py:441} INFO - ::group::Post task execution logs
[2024-10-10T15:34:31.911+0000] {taskinstance.py:1206} INFO - Marking task as SUCCESS. dag_id=import_excel_to_oracle, task_id=process_modeling_dax, run_id=manual__2024-10-10T15:31:47.609743+00:00, execution_date=20241010T153147, start_date=20241010T153154, end_date=20241010T153431
[2024-10-10T15:34:31.956+0000] {local_task_job_runner.py:243} INFO - Task exited with return code 0
[2024-10-10T15:34:31.985+0000] {taskinstance.py:3503} INFO - 0 downstream tasks scheduled from follow-on schedule check
[2024-10-10T15:34:31.992+0000] {local_task_job_runner.py:222} INFO - ::endgroup::
